CRITICAL - 2024-02-18 09:32:53 --> Invalid file: "website/index2.php"
in SYSTEMPATH\Exceptions\FrameworkException.php on line 39.
 1 SYSTEMPATH\View\View.php(216): CodeIgniter\Exceptions\FrameworkException::forInvalidFile('website/index2.php')
 2 SYSTEMPATH\Common.php(1190): CodeIgniter\View\View->render('website/index2', [], true)
 3 APPPATH\Controllers\UserController.php(61): view('website/index2')
 4 SYSTEMPATH\CodeIgniter.php(942): App\Controllers\UserController->website()
 5 SYSTEMPATH\CodeIgniter.php(502): CodeIgniter\CodeIgniter->runController(Object(App\Controllers\UserController))
 6 SYSTEMPATH\CodeIgniter.php(361): CodeIgniter\CodeIgniter->handleRequest(null, Object(Config\Cache), false)
 7 FCPATH\index.php(79): CodeIgniter\CodeIgniter->run()
 8 SYSTEMPATH\Commands\Server\rewrite.php(47): require_once('C:\\laragon\\www\\AgilaEcommerce\\public\\index.php')
ERROR - 2024-02-18 12:05:08 --> mysqli_sql_exception: Unknown column 'ProductName' in 'field list' in C:\laragon\www\AgilaEcommerce\system\Database\MySQLi\Connection.php:306
Stack trace:
#0 C:\laragon\www\AgilaEcommerce\system\Database\MySQLi\Connection.php(306): mysqli->query('SELECT `Product...', 0)
#1 C:\laragon\www\AgilaEcommerce\system\Database\BaseConnection.php(693): CodeIgniter\Database\MySQLi\Connection->execute('SELECT `Product...')
#2 C:\laragon\www\AgilaEcommerce\system\Database\BaseConnection.php(607): CodeIgniter\Database\BaseConnection->simpleQuery('SELECT `Product...')
#3 C:\laragon\www\AgilaEcommerce\system\Database\BaseBuilder.php(1615): CodeIgniter\Database\BaseConnection->query('SELECT `Product...', Array, false)
#4 C:\laragon\www\AgilaEcommerce\system\Model.php(237): CodeIgniter\Database\BaseBuilder->get()
#5 C:\laragon\www\AgilaEcommerce\system\BaseModel.php(624): CodeIgniter\Model->doFindAll(0, 0)
#6 C:\laragon\www\AgilaEcommerce\app\Models\CartModel.php(42): CodeIgniter\BaseModel->findAll()
#7 C:\laragon\www\AgilaEcommerce\app\Controllers\WebController.php(47): App\Models\CartModel->getCartItems(18)
#8 C:\laragon\www\AgilaEcommerce\system\CodeIgniter.php(942): App\Controllers\WebController->cart()
#9 C:\laragon\www\AgilaEcommerce\system\CodeIgniter.php(502): CodeIgniter\CodeIgniter->runController(Object(App\Controllers\WebController))
#10 C:\laragon\www\AgilaEcommerce\system\CodeIgniter.php(361): CodeIgniter\CodeIgniter->handleRequest(NULL, Object(Config\Cache), false)
#11 C:\laragon\www\AgilaEcommerce\public\index.php(79): CodeIgniter\CodeIgniter->run()
#12 C:\laragon\www\AgilaEcommerce\system\Commands\Server\rewrite.php(47): require_once('C:\\laragon\\www\\...')
#13 {main}
CRITICAL - 2024-02-18 12:05:08 --> Unknown column 'ProductName' in 'field list'
in SYSTEMPATH\Database\BaseConnection.php on line 647.
 1 SYSTEMPATH\Database\BaseBuilder.php(1615): CodeIgniter\Database\BaseConnection->query('SELECT `ProductID`, `ProductName`, `ProductPrice`, `Quantity`
FROM `cart`
WHERE `CustomerID` = :CustomerID:', [...], false)
 2 SYSTEMPATH\Model.php(237): CodeIgniter\Database\BaseBuilder->get()
 3 SYSTEMPATH\BaseModel.php(624): CodeIgniter\Model->doFindAll(0, 0)
 4 APPPATH\Models\CartModel.php(42): CodeIgniter\BaseModel->findAll()
 5 APPPATH\Controllers\WebController.php(47): App\Models\CartModel->getCartItems(18)
 6 SYSTEMPATH\CodeIgniter.php(942): App\Controllers\WebController->cart()
 7 SYSTEMPATH\CodeIgniter.php(502): CodeIgniter\CodeIgniter->runController(Object(App\Controllers\WebController))
 8 SYSTEMPATH\CodeIgniter.php(361): CodeIgniter\CodeIgniter->handleRequest(null, Object(Config\Cache), false)
 9 FCPATH\index.php(79): CodeIgniter\CodeIgniter->run()
10 SYSTEMPATH\Commands\Server\rewrite.php(47): require_once('C:\\laragon\\www\\AgilaEcommerce\\public\\index.php')
ERROR - 2024-02-18 23:36:55 --> mysqli_sql_exception: Unknown column 'ProductName' in 'field list' in C:\laragon\www\AgilaEcommerce\system\Database\MySQLi\Connection.php:306
Stack trace:
#0 C:\laragon\www\AgilaEcommerce\system\Database\MySQLi\Connection.php(306): mysqli->query('SELECT `Product...', 0)
#1 C:\laragon\www\AgilaEcommerce\system\Database\BaseConnection.php(693): CodeIgniter\Database\MySQLi\Connection->execute('SELECT `Product...')
#2 C:\laragon\www\AgilaEcommerce\system\Database\BaseConnection.php(607): CodeIgniter\Database\BaseConnection->simpleQuery('SELECT `Product...')
#3 C:\laragon\www\AgilaEcommerce\system\Database\BaseBuilder.php(1615): CodeIgniter\Database\BaseConnection->query('SELECT `Product...', Array, false)
#4 C:\laragon\www\AgilaEcommerce\system\Model.php(237): CodeIgniter\Database\BaseBuilder->get()
#5 C:\laragon\www\AgilaEcommerce\system\BaseModel.php(624): CodeIgniter\Model->doFindAll(0, 0)
#6 C:\laragon\www\AgilaEcommerce\app\Models\CartModel.php(42): CodeIgniter\BaseModel->findAll()
#7 C:\laragon\www\AgilaEcommerce\app\Controllers\WebController.php(47): App\Models\CartModel->getCartItems(18)
#8 C:\laragon\www\AgilaEcommerce\system\CodeIgniter.php(942): App\Controllers\WebController->cart()
#9 C:\laragon\www\AgilaEcommerce\system\CodeIgniter.php(502): CodeIgniter\CodeIgniter->runController(Object(App\Controllers\WebController))
#10 C:\laragon\www\AgilaEcommerce\system\CodeIgniter.php(361): CodeIgniter\CodeIgniter->handleRequest(NULL, Object(Config\Cache), false)
#11 C:\laragon\www\AgilaEcommerce\public\index.php(79): CodeIgniter\CodeIgniter->run()
#12 C:\laragon\www\AgilaEcommerce\system\Commands\Server\rewrite.php(47): require_once('C:\\laragon\\www\\...')
#13 {main}
CRITICAL - 2024-02-18 23:36:55 --> Unknown column 'ProductName' in 'field list'
in SYSTEMPATH\Database\BaseConnection.php on line 647.
 1 SYSTEMPATH\Database\BaseBuilder.php(1615): CodeIgniter\Database\BaseConnection->query('SELECT `ProductID`, `ProductName`, `ProductPrice`, `Quantity`
FROM `cart`
WHERE `CustomerID` = :CustomerID:', [...], false)
 2 SYSTEMPATH\Model.php(237): CodeIgniter\Database\BaseBuilder->get()
 3 SYSTEMPATH\BaseModel.php(624): CodeIgniter\Model->doFindAll(0, 0)
 4 APPPATH\Models\CartModel.php(42): CodeIgniter\BaseModel->findAll()
 5 APPPATH\Controllers\WebController.php(47): App\Models\CartModel->getCartItems(18)
 6 SYSTEMPATH\CodeIgniter.php(942): App\Controllers\WebController->cart()
 7 SYSTEMPATH\CodeIgniter.php(502): CodeIgniter\CodeIgniter->runController(Object(App\Controllers\WebController))
 8 SYSTEMPATH\CodeIgniter.php(361): CodeIgniter\CodeIgniter->handleRequest(null, Object(Config\Cache), false)
 9 FCPATH\index.php(79): CodeIgniter\CodeIgniter->run()
10 SYSTEMPATH\Commands\Server\rewrite.php(47): require_once('C:\\laragon\\www\\AgilaEcommerce\\public\\index.php')
ERROR - 2024-02-18 23:42:12 --> mysqli_sql_exception: Unknown column 'ProductName' in 'field list' in C:\laragon\www\AgilaEcommerce\system\Database\MySQLi\Connection.php:306
Stack trace:
#0 C:\laragon\www\AgilaEcommerce\system\Database\MySQLi\Connection.php(306): mysqli->query('SELECT `Product...', 0)
#1 C:\laragon\www\AgilaEcommerce\system\Database\BaseConnection.php(693): CodeIgniter\Database\MySQLi\Connection->execute('SELECT `Product...')
#2 C:\laragon\www\AgilaEcommerce\system\Database\BaseConnection.php(607): CodeIgniter\Database\BaseConnection->simpleQuery('SELECT `Product...')
#3 C:\laragon\www\AgilaEcommerce\system\Database\BaseBuilder.php(1615): CodeIgniter\Database\BaseConnection->query('SELECT `Product...', Array, false)
#4 C:\laragon\www\AgilaEcommerce\system\Model.php(237): CodeIgniter\Database\BaseBuilder->get()
#5 C:\laragon\www\AgilaEcommerce\system\BaseModel.php(624): CodeIgniter\Model->doFindAll(0, 0)
#6 C:\laragon\www\AgilaEcommerce\app\Models\CartModel.php(42): CodeIgniter\BaseModel->findAll()
#7 C:\laragon\www\AgilaEcommerce\app\Controllers\WebController.php(47): App\Models\CartModel->getCartItems(18)
#8 C:\laragon\www\AgilaEcommerce\system\CodeIgniter.php(942): App\Controllers\WebController->cart()
#9 C:\laragon\www\AgilaEcommerce\system\CodeIgniter.php(502): CodeIgniter\CodeIgniter->runController(Object(App\Controllers\WebController))
#10 C:\laragon\www\AgilaEcommerce\system\CodeIgniter.php(361): CodeIgniter\CodeIgniter->handleRequest(NULL, Object(Config\Cache), false)
#11 C:\laragon\www\AgilaEcommerce\public\index.php(79): CodeIgniter\CodeIgniter->run()
#12 C:\laragon\www\AgilaEcommerce\system\Commands\Server\rewrite.php(47): require_once('C:\\laragon\\www\\...')
#13 {main}
CRITICAL - 2024-02-18 23:42:12 --> Unknown column 'ProductName' in 'field list'
in SYSTEMPATH\Database\BaseConnection.php on line 647.
 1 SYSTEMPATH\Database\BaseBuilder.php(1615): CodeIgniter\Database\BaseConnection->query('SELECT `ProductID`, `ProductName`, `ProductPrice`, `Quantity`
FROM `cart`
WHERE `CustomerID` = :CustomerID:', [...], false)
 2 SYSTEMPATH\Model.php(237): CodeIgniter\Database\BaseBuilder->get()
 3 SYSTEMPATH\BaseModel.php(624): CodeIgniter\Model->doFindAll(0, 0)
 4 APPPATH\Models\CartModel.php(42): CodeIgniter\BaseModel->findAll()
 5 APPPATH\Controllers\WebController.php(47): App\Models\CartModel->getCartItems(18)
 6 SYSTEMPATH\CodeIgniter.php(942): App\Controllers\WebController->cart()
 7 SYSTEMPATH\CodeIgniter.php(502): CodeIgniter\CodeIgniter->runController(Object(App\Controllers\WebController))
 8 SYSTEMPATH\CodeIgniter.php(361): CodeIgniter\CodeIgniter->handleRequest(null, Object(Config\Cache), false)
 9 FCPATH\index.php(79): CodeIgniter\CodeIgniter->run()
10 SYSTEMPATH\Commands\Server\rewrite.php(47): require_once('C:\\laragon\\www\\AgilaEcommerce\\public\\index.php')
