ERROR - 2024-04-19 03:00:03 --> mysqli_sql_exception: Unknown column 'orders.id' in 'where clause' in C:\laragon\www\AgilaEcommerce-main\system\Database\MySQLi\Connection.php:306
Stack trace:
#0 C:\laragon\www\AgilaEcommerce-main\system\Database\MySQLi\Connection.php(306): mysqli->query('SELECT *\nFROM `...', 0)
#1 C:\laragon\www\AgilaEcommerce-main\system\Database\BaseConnection.php(693): CodeIgniter\Database\MySQLi\Connection->execute('SELECT *\nFROM `...')
#2 C:\laragon\www\AgilaEcommerce-main\system\Database\BaseConnection.php(607): CodeIgniter\Database\BaseConnection->simpleQuery('SELECT *\nFROM `...')
#3 C:\laragon\www\AgilaEcommerce-main\system\Database\BaseBuilder.php(1615): CodeIgniter\Database\BaseConnection->query('SELECT *\nFROM `...', Array, false)
#4 C:\laragon\www\AgilaEcommerce-main\system\Model.php(196): CodeIgniter\Database\BaseBuilder->get()
#5 C:\laragon\www\AgilaEcommerce-main\system\BaseModel.php(563): CodeIgniter\Model->doFind(true, '1')
#6 C:\laragon\www\AgilaEcommerce-main\app\Controllers\ShopController.php(291): CodeIgniter\BaseModel->find('1')
#7 C:\laragon\www\AgilaEcommerce-main\system\CodeIgniter.php(942): App\Controllers\ShopController->updateStatus('1', 'Shipped')
#8 C:\laragon\www\AgilaEcommerce-main\system\CodeIgniter.php(502): CodeIgniter\CodeIgniter->runController(Object(App\Controllers\ShopController))
#9 C:\laragon\www\AgilaEcommerce-main\system\CodeIgniter.php(361): CodeIgniter\CodeIgniter->handleRequest(NULL, Object(Config\Cache), false)
#10 C:\laragon\www\AgilaEcommerce-main\public\index.php(79): CodeIgniter\CodeIgniter->run()
#11 C:\laragon\www\AgilaEcommerce-main\system\Commands\Server\rewrite.php(47): require_once('C:\\laragon\\www\\...')
#12 {main}
CRITICAL - 2024-04-19 03:00:03 --> Unknown column 'orders.id' in 'where clause'
in SYSTEMPATH\Database\BaseConnection.php on line 647.
 1 SYSTEMPATH\Database\BaseBuilder.php(1615): CodeIgniter\Database\BaseConnection->query('SELECT *
FROM `orders`
WHERE `orders`.`id` = :orders.id:', [...], false)
 2 SYSTEMPATH\Model.php(196): CodeIgniter\Database\BaseBuilder->get()
 3 SYSTEMPATH\BaseModel.php(563): CodeIgniter\Model->doFind(true, '1')
 4 APPPATH\Controllers\ShopController.php(291): CodeIgniter\BaseModel->find('1')
 5 SYSTEMPATH\CodeIgniter.php(942): App\Controllers\ShopController->updateStatus('1', 'Shipped')
 6 SYSTEMPATH\CodeIgniter.php(502): CodeIgniter\CodeIgniter->runController(Object(App\Controllers\ShopController))
 7 SYSTEMPATH\CodeIgniter.php(361): CodeIgniter\CodeIgniter->handleRequest(null, Object(Config\Cache), false)
 8 FCPATH\index.php(79): CodeIgniter\CodeIgniter->run()
 9 SYSTEMPATH\Commands\Server\rewrite.php(47): require_once('C:\\laragon\\www\\AgilaEcommerce-main\\public\\index.php')
CRITICAL - 2024-04-19 05:05:35 --> Undefined variable $products
in APPPATH\Views\website\index_2.php on line 256.
 1 APPPATH\Views\website\index_2.php(256): CodeIgniter\Debug\Exceptions->errorHandler(2, 'Undefined variable $products', 'C:\\laragon\\www\\AgilaEcommerce-main\\app\\Views\\website\\index_2.php', 256)
 2 SYSTEMPATH\View\View.php(228): include('C:\\laragon\\www\\AgilaEcommerce-main\\app\\Views\\website\\index_2.php')
 3 SYSTEMPATH\View\View.php(231): CodeIgniter\View\View->CodeIgniter\View\{closure}()
 4 SYSTEMPATH\Common.php(1190): CodeIgniter\View\View->render('website/index_2', [], true)
 5 APPPATH\Controllers\UserController.php(68): view('website/index_2')
 6 SYSTEMPATH\CodeIgniter.php(942): App\Controllers\UserController->website()
 7 SYSTEMPATH\CodeIgniter.php(502): CodeIgniter\CodeIgniter->runController(Object(App\Controllers\UserController))
 8 SYSTEMPATH\CodeIgniter.php(361): CodeIgniter\CodeIgniter->handleRequest(null, Object(Config\Cache), false)
 9 FCPATH\index.php(79): CodeIgniter\CodeIgniter->run()
10 SYSTEMPATH\Commands\Server\rewrite.php(47): require_once('C:\\laragon\\www\\AgilaEcommerce-main\\public\\index.php')
ERROR - 2024-04-19 05:54:24 --> mysqli_sql_exception: Unknown column 'orders.id' in 'where clause' in C:\laragon\www\AgilaEcommerce-main\system\Database\MySQLi\Connection.php:306
Stack trace:
#0 C:\laragon\www\AgilaEcommerce-main\system\Database\MySQLi\Connection.php(306): mysqli->query('SELECT *\nFROM `...', 0)
#1 C:\laragon\www\AgilaEcommerce-main\system\Database\BaseConnection.php(693): CodeIgniter\Database\MySQLi\Connection->execute('SELECT *\nFROM `...')
#2 C:\laragon\www\AgilaEcommerce-main\system\Database\BaseConnection.php(607): CodeIgniter\Database\BaseConnection->simpleQuery('SELECT *\nFROM `...')
#3 C:\laragon\www\AgilaEcommerce-main\system\Database\BaseBuilder.php(1615): CodeIgniter\Database\BaseConnection->query('SELECT *\nFROM `...', Array, false)
#4 C:\laragon\www\AgilaEcommerce-main\system\Model.php(196): CodeIgniter\Database\BaseBuilder->get()
#5 C:\laragon\www\AgilaEcommerce-main\system\BaseModel.php(563): CodeIgniter\Model->doFind(true, '1')
#6 C:\laragon\www\AgilaEcommerce-main\app\Controllers\ShopController.php(291): CodeIgniter\BaseModel->find('1')
#7 C:\laragon\www\AgilaEcommerce-main\system\CodeIgniter.php(942): App\Controllers\ShopController->updateStatus('1', 'Shipped')
#8 C:\laragon\www\AgilaEcommerce-main\system\CodeIgniter.php(502): CodeIgniter\CodeIgniter->runController(Object(App\Controllers\ShopController))
#9 C:\laragon\www\AgilaEcommerce-main\system\CodeIgniter.php(361): CodeIgniter\CodeIgniter->handleRequest(NULL, Object(Config\Cache), false)
#10 C:\laragon\www\AgilaEcommerce-main\public\index.php(79): CodeIgniter\CodeIgniter->run()
#11 C:\laragon\www\AgilaEcommerce-main\system\Commands\Server\rewrite.php(47): require_once('C:\\laragon\\www\\...')
#12 {main}
CRITICAL - 2024-04-19 05:54:24 --> Unknown column 'orders.id' in 'where clause'
in SYSTEMPATH\Database\BaseConnection.php on line 647.
 1 SYSTEMPATH\Database\BaseBuilder.php(1615): CodeIgniter\Database\BaseConnection->query('SELECT *
FROM `orders`
WHERE `orders`.`id` = :orders.id:', [...], false)
 2 SYSTEMPATH\Model.php(196): CodeIgniter\Database\BaseBuilder->get()
 3 SYSTEMPATH\BaseModel.php(563): CodeIgniter\Model->doFind(true, '1')
 4 APPPATH\Controllers\ShopController.php(291): CodeIgniter\BaseModel->find('1')
 5 SYSTEMPATH\CodeIgniter.php(942): App\Controllers\ShopController->updateStatus('1', 'Shipped')
 6 SYSTEMPATH\CodeIgniter.php(502): CodeIgniter\CodeIgniter->runController(Object(App\Controllers\ShopController))
 7 SYSTEMPATH\CodeIgniter.php(361): CodeIgniter\CodeIgniter->handleRequest(null, Object(Config\Cache), false)
 8 FCPATH\index.php(79): CodeIgniter\CodeIgniter->run()
 9 SYSTEMPATH\Commands\Server\rewrite.php(47): require_once('C:\\laragon\\www\\AgilaEcommerce-main\\public\\index.php')
ERROR - 2024-04-19 05:54:28 --> mysqli_sql_exception: Unknown column 'orders.id' in 'where clause' in C:\laragon\www\AgilaEcommerce-main\system\Database\MySQLi\Connection.php:306
Stack trace:
#0 C:\laragon\www\AgilaEcommerce-main\system\Database\MySQLi\Connection.php(306): mysqli->query('SELECT *\nFROM `...', 0)
#1 C:\laragon\www\AgilaEcommerce-main\system\Database\BaseConnection.php(693): CodeIgniter\Database\MySQLi\Connection->execute('SELECT *\nFROM `...')
#2 C:\laragon\www\AgilaEcommerce-main\system\Database\BaseConnection.php(607): CodeIgniter\Database\BaseConnection->simpleQuery('SELECT *\nFROM `...')
#3 C:\laragon\www\AgilaEcommerce-main\system\Database\BaseBuilder.php(1615): CodeIgniter\Database\BaseConnection->query('SELECT *\nFROM `...', Array, false)
#4 C:\laragon\www\AgilaEcommerce-main\system\Model.php(196): CodeIgniter\Database\BaseBuilder->get()
#5 C:\laragon\www\AgilaEcommerce-main\system\BaseModel.php(563): CodeIgniter\Model->doFind(true, '8')
#6 C:\laragon\www\AgilaEcommerce-main\app\Controllers\ShopController.php(291): CodeIgniter\BaseModel->find('8')
#7 C:\laragon\www\AgilaEcommerce-main\system\CodeIgniter.php(942): App\Controllers\ShopController->updateStatus('8', 'Shipped')
#8 C:\laragon\www\AgilaEcommerce-main\system\CodeIgniter.php(502): CodeIgniter\CodeIgniter->runController(Object(App\Controllers\ShopController))
#9 C:\laragon\www\AgilaEcommerce-main\system\CodeIgniter.php(361): CodeIgniter\CodeIgniter->handleRequest(NULL, Object(Config\Cache), false)
#10 C:\laragon\www\AgilaEcommerce-main\public\index.php(79): CodeIgniter\CodeIgniter->run()
#11 C:\laragon\www\AgilaEcommerce-main\system\Commands\Server\rewrite.php(47): require_once('C:\\laragon\\www\\...')
#12 {main}
CRITICAL - 2024-04-19 05:54:28 --> Unknown column 'orders.id' in 'where clause'
in SYSTEMPATH\Database\BaseConnection.php on line 647.
 1 SYSTEMPATH\Database\BaseBuilder.php(1615): CodeIgniter\Database\BaseConnection->query('SELECT *
FROM `orders`
WHERE `orders`.`id` = :orders.id:', [...], false)
 2 SYSTEMPATH\Model.php(196): CodeIgniter\Database\BaseBuilder->get()
 3 SYSTEMPATH\BaseModel.php(563): CodeIgniter\Model->doFind(true, '8')
 4 APPPATH\Controllers\ShopController.php(291): CodeIgniter\BaseModel->find('8')
 5 SYSTEMPATH\CodeIgniter.php(942): App\Controllers\ShopController->updateStatus('8', 'Shipped')
 6 SYSTEMPATH\CodeIgniter.php(502): CodeIgniter\CodeIgniter->runController(Object(App\Controllers\ShopController))
 7 SYSTEMPATH\CodeIgniter.php(361): CodeIgniter\CodeIgniter->handleRequest(null, Object(Config\Cache), false)
 8 FCPATH\index.php(79): CodeIgniter\CodeIgniter->run()
 9 SYSTEMPATH\Commands\Server\rewrite.php(47): require_once('C:\\laragon\\www\\AgilaEcommerce-main\\public\\index.php')
ERROR - 2024-04-19 06:29:43 --> mysqli_sql_exception: Unknown column 'orders.id' in 'where clause' in C:\laragon\www\muconew\system\Database\MySQLi\Connection.php:306
Stack trace:
#0 C:\laragon\www\muconew\system\Database\MySQLi\Connection.php(306): mysqli->query('SELECT *\nFROM `...', 0)
#1 C:\laragon\www\muconew\system\Database\BaseConnection.php(693): CodeIgniter\Database\MySQLi\Connection->execute('SELECT *\nFROM `...')
#2 C:\laragon\www\muconew\system\Database\BaseConnection.php(607): CodeIgniter\Database\BaseConnection->simpleQuery('SELECT *\nFROM `...')
#3 C:\laragon\www\muconew\system\Database\BaseBuilder.php(1615): CodeIgniter\Database\BaseConnection->query('SELECT *\nFROM `...', Array, false)
#4 C:\laragon\www\muconew\system\Model.php(196): CodeIgniter\Database\BaseBuilder->get()
#5 C:\laragon\www\muconew\system\BaseModel.php(563): CodeIgniter\Model->doFind(true, '9')
#6 C:\laragon\www\muconew\app\Controllers\ShopController.php(291): CodeIgniter\BaseModel->find('9')
#7 C:\laragon\www\muconew\system\CodeIgniter.php(942): App\Controllers\ShopController->updateStatus('9', 'Pending')
#8 C:\laragon\www\muconew\system\CodeIgniter.php(502): CodeIgniter\CodeIgniter->runController(Object(App\Controllers\ShopController))
#9 C:\laragon\www\muconew\system\CodeIgniter.php(361): CodeIgniter\CodeIgniter->handleRequest(NULL, Object(Config\Cache), false)
#10 C:\laragon\www\muconew\public\index.php(79): CodeIgniter\CodeIgniter->run()
#11 C:\laragon\www\muconew\system\Commands\Server\rewrite.php(47): require_once('C:\\laragon\\www\\...')
#12 {main}
CRITICAL - 2024-04-19 06:29:43 --> Unknown column 'orders.id' in 'where clause'
in SYSTEMPATH\Database\BaseConnection.php on line 647.
 1 SYSTEMPATH\Database\BaseBuilder.php(1615): CodeIgniter\Database\BaseConnection->query('SELECT *
FROM `orders`
WHERE `orders`.`id` = :orders.id:', [...], false)
 2 SYSTEMPATH\Model.php(196): CodeIgniter\Database\BaseBuilder->get()
 3 SYSTEMPATH\BaseModel.php(563): CodeIgniter\Model->doFind(true, '9')
 4 APPPATH\Controllers\ShopController.php(291): CodeIgniter\BaseModel->find('9')
 5 SYSTEMPATH\CodeIgniter.php(942): App\Controllers\ShopController->updateStatus('9', 'Pending')
 6 SYSTEMPATH\CodeIgniter.php(502): CodeIgniter\CodeIgniter->runController(Object(App\Controllers\ShopController))
 7 SYSTEMPATH\CodeIgniter.php(361): CodeIgniter\CodeIgniter->handleRequest(null, Object(Config\Cache), false)
 8 FCPATH\index.php(79): CodeIgniter\CodeIgniter->run()
 9 SYSTEMPATH\Commands\Server\rewrite.php(47): require_once('C:\\laragon\\www\\muconew\\public\\index.php')
