ERROR - 2023-12-28 06:26:47 --> Error inserting item: Undefined array key "CategoryID"
ERROR - 2023-12-28 06:26:56 --> Error inserting item: Undefined array key "CategoryID"
ERROR - 2023-12-28 06:27:08 --> Error inserting item: Undefined array key "CategoryID"
ERROR - 2023-12-28 06:48:45 --> Error inserting item: Undefined array key "CategoryID"
ERROR - 2023-12-28 06:49:35 --> Error inserting item: Undefined array key "CategoryID"
ERROR - 2023-12-28 06:50:27 --> Error inserting item: Undefined array key "CategoryID"
ERROR - 2023-12-28 07:01:29 --> Error inserting item: Undefined array key "CategoryID"
ERROR - 2023-12-28 07:01:48 --> Error inserting item: Undefined array key "CategoryID"
ERROR - 2023-12-28 07:02:20 --> Error inserting item: Undefined array key "CategoryID"
ERROR - 2023-12-28 07:02:35 --> Error inserting item: Undefined array key "CategoryID"
ERROR - 2023-12-28 07:05:50 --> Error inserting item: Undefined array key "CategoryID"
ERROR - 2023-12-28 07:12:08 --> Error inserting item: Undefined array key "CategoryID"
ERROR - 2023-12-28 07:12:09 --> Error inserting item: Undefined array key "CategoryID"
ERROR - 2023-12-28 07:12:43 --> Error inserting item: Undefined array key "CategoryID"
ERROR - 2023-12-28 07:12:44 --> Error inserting item: Undefined array key "CategoryID"
ERROR - 2023-12-28 09:22:00 --> Error inserting item: Undefined array key "CategoryID"
ERROR - 2023-12-28 09:22:00 --> Error inserting item: Undefined array key "CategoryID"
ERROR - 2023-12-28 09:23:40 --> mysqli_sql_exception: Cannot add or update a child row: a foreign key constraint fails (`agiladatabase`.`products`, CONSTRAINT `fk_product_category` FOREIGN KEY (`CategoryID`) REFERENCES `category` (`CategoryID`)) in C:\laragon\www\AgilaEcommerce\system\Database\MySQLi\Connection.php:306
Stack trace:
#0 C:\laragon\www\AgilaEcommerce\system\Database\MySQLi\Connection.php(306): mysqli->query('INSERT INTO `pr...', 0)
#1 C:\laragon\www\AgilaEcommerce\system\Database\BaseConnection.php(693): CodeIgniter\Database\MySQLi\Connection->execute('INSERT INTO `pr...')
#2 C:\laragon\www\AgilaEcommerce\system\Database\BaseConnection.php(607): CodeIgniter\Database\BaseConnection->simpleQuery('INSERT INTO `pr...')
#3 C:\laragon\www\AgilaEcommerce\system\Database\BaseBuilder.php(2308): CodeIgniter\Database\BaseConnection->query('INSERT INTO `pr...', Array, false)
#4 C:\laragon\www\AgilaEcommerce\system\Model.php(319): CodeIgniter\Database\BaseBuilder->insert()
#5 C:\laragon\www\AgilaEcommerce\system\BaseModel.php(788): CodeIgniter\Model->doInsert(Array)
#6 C:\laragon\www\AgilaEcommerce\system\Model.php(715): CodeIgniter\BaseModel->insert(Array, true)
#7 C:\laragon\www\AgilaEcommerce\app\Controllers\InventoryController.php(55): CodeIgniter\Model->insert(Array)
#8 C:\laragon\www\AgilaEcommerce\system\CodeIgniter.php(942): App\Controllers\InventoryController->add()
#9 C:\laragon\www\AgilaEcommerce\system\CodeIgniter.php(502): CodeIgniter\CodeIgniter->runController(Object(App\Controllers\InventoryController))
#10 C:\laragon\www\AgilaEcommerce\system\CodeIgniter.php(361): CodeIgniter\CodeIgniter->handleRequest(NULL, Object(Config\Cache), false)
#11 C:\laragon\www\AgilaEcommerce\public\index.php(79): CodeIgniter\CodeIgniter->run()
#12 C:\laragon\www\AgilaEcommerce\system\Commands\Server\rewrite.php(47): require_once('C:\\laragon\\www\\...')
#13 {main}
CRITICAL - 2023-12-28 09:23:40 --> Cannot add or update a child row: a foreign key constraint fails (`agiladatabase`.`products`, CONSTRAINT `fk_product_category` FOREIGN KEY (`CategoryID`) REFERENCES `category` (`CategoryID`))
in SYSTEMPATH\Database\BaseConnection.php on line 647.
 1 SYSTEMPATH\Database\BaseBuilder.php(2308): CodeIgniter\Database\BaseConnection->query('INSERT INTO `products` (`ProductName`, `Description`, `Price`, `Quantity`) VALUES (:ProductName:, :Description:, :Price:, :Quantity:)', [...], false)
 2 SYSTEMPATH\Model.php(319): CodeIgniter\Database\BaseBuilder->insert()
 3 SYSTEMPATH\BaseModel.php(788): CodeIgniter\Model->doInsert([...])
 4 SYSTEMPATH\Model.php(715): CodeIgniter\BaseModel->insert([...], true)
 5 APPPATH\Controllers\InventoryController.php(55): CodeIgniter\Model->insert([...])
 6 SYSTEMPATH\CodeIgniter.php(942): App\Controllers\InventoryController->add()
 7 SYSTEMPATH\CodeIgniter.php(502): CodeIgniter\CodeIgniter->runController(Object(App\Controllers\InventoryController))
 8 SYSTEMPATH\CodeIgniter.php(361): CodeIgniter\CodeIgniter->handleRequest(null, Object(Config\Cache), false)
 9 FCPATH\index.php(79): CodeIgniter\CodeIgniter->run()
10 SYSTEMPATH\Commands\Server\rewrite.php(47): require_once('C:\\laragon\\www\\AgilaEcommerce\\public\\index.php')
ERROR - 2023-12-28 09:27:06 --> mysqli_sql_exception: Cannot add or update a child row: a foreign key constraint fails (`agiladatabase`.`products`, CONSTRAINT `fk_product_category` FOREIGN KEY (`CategoryID`) REFERENCES `category` (`CategoryID`)) in C:\laragon\www\AgilaEcommerce\system\Database\MySQLi\Connection.php:306
Stack trace:
#0 C:\laragon\www\AgilaEcommerce\system\Database\MySQLi\Connection.php(306): mysqli->query('INSERT INTO `pr...', 0)
#1 C:\laragon\www\AgilaEcommerce\system\Database\BaseConnection.php(693): CodeIgniter\Database\MySQLi\Connection->execute('INSERT INTO `pr...')
#2 C:\laragon\www\AgilaEcommerce\system\Database\BaseConnection.php(607): CodeIgniter\Database\BaseConnection->simpleQuery('INSERT INTO `pr...')
#3 C:\laragon\www\AgilaEcommerce\system\Database\BaseBuilder.php(2308): CodeIgniter\Database\BaseConnection->query('INSERT INTO `pr...', Array, false)
#4 C:\laragon\www\AgilaEcommerce\system\Model.php(319): CodeIgniter\Database\BaseBuilder->insert()
#5 C:\laragon\www\AgilaEcommerce\system\BaseModel.php(788): CodeIgniter\Model->doInsert(Array)
#6 C:\laragon\www\AgilaEcommerce\system\Model.php(715): CodeIgniter\BaseModel->insert(Array, true)
#7 C:\laragon\www\AgilaEcommerce\app\Controllers\InventoryController.php(55): CodeIgniter\Model->insert(Array)
#8 C:\laragon\www\AgilaEcommerce\system\CodeIgniter.php(942): App\Controllers\InventoryController->add()
#9 C:\laragon\www\AgilaEcommerce\system\CodeIgniter.php(502): CodeIgniter\CodeIgniter->runController(Object(App\Controllers\InventoryController))
#10 C:\laragon\www\AgilaEcommerce\system\CodeIgniter.php(361): CodeIgniter\CodeIgniter->handleRequest(NULL, Object(Config\Cache), false)
#11 C:\laragon\www\AgilaEcommerce\public\index.php(79): CodeIgniter\CodeIgniter->run()
#12 C:\laragon\www\AgilaEcommerce\system\Commands\Server\rewrite.php(47): require_once('C:\\laragon\\www\\...')
#13 {main}
CRITICAL - 2023-12-28 09:27:06 --> Cannot add or update a child row: a foreign key constraint fails (`agiladatabase`.`products`, CONSTRAINT `fk_product_category` FOREIGN KEY (`CategoryID`) REFERENCES `category` (`CategoryID`))
in SYSTEMPATH\Database\BaseConnection.php on line 647.
 1 SYSTEMPATH\Database\BaseBuilder.php(2308): CodeIgniter\Database\BaseConnection->query('INSERT INTO `products` (`ProductName`, `Description`, `Price`, `Quantity`) VALUES (:ProductName:, :Description:, :Price:, :Quantity:)', [...], false)
 2 SYSTEMPATH\Model.php(319): CodeIgniter\Database\BaseBuilder->insert()
 3 SYSTEMPATH\BaseModel.php(788): CodeIgniter\Model->doInsert([...])
 4 SYSTEMPATH\Model.php(715): CodeIgniter\BaseModel->insert([...], true)
 5 APPPATH\Controllers\InventoryController.php(55): CodeIgniter\Model->insert([...])
 6 SYSTEMPATH\CodeIgniter.php(942): App\Controllers\InventoryController->add()
 7 SYSTEMPATH\CodeIgniter.php(502): CodeIgniter\CodeIgniter->runController(Object(App\Controllers\InventoryController))
 8 SYSTEMPATH\CodeIgniter.php(361): CodeIgniter\CodeIgniter->handleRequest(null, Object(Config\Cache), false)
 9 FCPATH\index.php(79): CodeIgniter\CodeIgniter->run()
10 SYSTEMPATH\Commands\Server\rewrite.php(47): require_once('C:\\laragon\\www\\AgilaEcommerce\\public\\index.php')
ERROR - 2023-12-28 11:12:37 --> mysqli_sql_exception: Cannot add or update a child row: a foreign key constraint fails (`agiladatabase`.`products`, CONSTRAINT `fk_product_category` FOREIGN KEY (`CategoryID`) REFERENCES `category` (`CategoryID`)) in C:\laragon\www\AgilaEcommerce\system\Database\MySQLi\Connection.php:306
Stack trace:
#0 C:\laragon\www\AgilaEcommerce\system\Database\MySQLi\Connection.php(306): mysqli->query('INSERT INTO `pr...', 0)
#1 C:\laragon\www\AgilaEcommerce\system\Database\BaseConnection.php(693): CodeIgniter\Database\MySQLi\Connection->execute('INSERT INTO `pr...')
#2 C:\laragon\www\AgilaEcommerce\system\Database\BaseConnection.php(607): CodeIgniter\Database\BaseConnection->simpleQuery('INSERT INTO `pr...')
#3 C:\laragon\www\AgilaEcommerce\system\Database\BaseBuilder.php(2308): CodeIgniter\Database\BaseConnection->query('INSERT INTO `pr...', Array, false)
#4 C:\laragon\www\AgilaEcommerce\system\Model.php(319): CodeIgniter\Database\BaseBuilder->insert()
#5 C:\laragon\www\AgilaEcommerce\system\BaseModel.php(788): CodeIgniter\Model->doInsert(Array)
#6 C:\laragon\www\AgilaEcommerce\system\Model.php(715): CodeIgniter\BaseModel->insert(Array, true)
#7 C:\laragon\www\AgilaEcommerce\app\Controllers\InventoryController.php(55): CodeIgniter\Model->insert(Array)
#8 C:\laragon\www\AgilaEcommerce\system\CodeIgniter.php(942): App\Controllers\InventoryController->add()
#9 C:\laragon\www\AgilaEcommerce\system\CodeIgniter.php(502): CodeIgniter\CodeIgniter->runController(Object(App\Controllers\InventoryController))
#10 C:\laragon\www\AgilaEcommerce\system\CodeIgniter.php(361): CodeIgniter\CodeIgniter->handleRequest(NULL, Object(Config\Cache), false)
#11 C:\laragon\www\AgilaEcommerce\public\index.php(79): CodeIgniter\CodeIgniter->run()
#12 C:\laragon\www\AgilaEcommerce\system\Commands\Server\rewrite.php(47): require_once('C:\\laragon\\www\\...')
#13 {main}
CRITICAL - 2023-12-28 11:12:37 --> Cannot add or update a child row: a foreign key constraint fails (`agiladatabase`.`products`, CONSTRAINT `fk_product_category` FOREIGN KEY (`CategoryID`) REFERENCES `category` (`CategoryID`))
in SYSTEMPATH\Database\BaseConnection.php on line 647.
 1 SYSTEMPATH\Database\BaseBuilder.php(2308): CodeIgniter\Database\BaseConnection->query('INSERT INTO `products` (`ProductName`, `Description`, `Price`, `Quantity`) VALUES (:ProductName:, :Description:, :Price:, :Quantity:)', [...], false)
 2 SYSTEMPATH\Model.php(319): CodeIgniter\Database\BaseBuilder->insert()
 3 SYSTEMPATH\BaseModel.php(788): CodeIgniter\Model->doInsert([...])
 4 SYSTEMPATH\Model.php(715): CodeIgniter\BaseModel->insert([...], true)
 5 APPPATH\Controllers\InventoryController.php(55): CodeIgniter\Model->insert([...])
 6 SYSTEMPATH\CodeIgniter.php(942): App\Controllers\InventoryController->add()
 7 SYSTEMPATH\CodeIgniter.php(502): CodeIgniter\CodeIgniter->runController(Object(App\Controllers\InventoryController))
 8 SYSTEMPATH\CodeIgniter.php(361): CodeIgniter\CodeIgniter->handleRequest(null, Object(Config\Cache), false)
 9 FCPATH\index.php(79): CodeIgniter\CodeIgniter->run()
10 SYSTEMPATH\Commands\Server\rewrite.php(47): require_once('C:\\laragon\\www\\AgilaEcommerce\\public\\index.php')
ERROR - 2023-12-28 11:30:35 --> mysqli_sql_exception: Cannot add or update a child row: a foreign key constraint fails (`agiladatabase`.`products`, CONSTRAINT `fk_product_category` FOREIGN KEY (`CategoryID`) REFERENCES `category` (`CategoryID`)) in C:\laragon\www\AgilaEcommerce\system\Database\MySQLi\Connection.php:306
Stack trace:
#0 C:\laragon\www\AgilaEcommerce\system\Database\MySQLi\Connection.php(306): mysqli->query('INSERT INTO `pr...', 0)
#1 C:\laragon\www\AgilaEcommerce\system\Database\BaseConnection.php(693): CodeIgniter\Database\MySQLi\Connection->execute('INSERT INTO `pr...')
#2 C:\laragon\www\AgilaEcommerce\system\Database\BaseConnection.php(607): CodeIgniter\Database\BaseConnection->simpleQuery('INSERT INTO `pr...')
#3 C:\laragon\www\AgilaEcommerce\system\Database\BaseBuilder.php(2308): CodeIgniter\Database\BaseConnection->query('INSERT INTO `pr...', Array, false)
#4 C:\laragon\www\AgilaEcommerce\system\Model.php(319): CodeIgniter\Database\BaseBuilder->insert()
#5 C:\laragon\www\AgilaEcommerce\system\BaseModel.php(788): CodeIgniter\Model->doInsert(Array)
#6 C:\laragon\www\AgilaEcommerce\system\Model.php(715): CodeIgniter\BaseModel->insert(Array, true)
#7 C:\laragon\www\AgilaEcommerce\app\Controllers\InventoryController.php(55): CodeIgniter\Model->insert(Array)
#8 C:\laragon\www\AgilaEcommerce\system\CodeIgniter.php(942): App\Controllers\InventoryController->add()
#9 C:\laragon\www\AgilaEcommerce\system\CodeIgniter.php(502): CodeIgniter\CodeIgniter->runController(Object(App\Controllers\InventoryController))
#10 C:\laragon\www\AgilaEcommerce\system\CodeIgniter.php(361): CodeIgniter\CodeIgniter->handleRequest(NULL, Object(Config\Cache), false)
#11 C:\laragon\www\AgilaEcommerce\public\index.php(79): CodeIgniter\CodeIgniter->run()
#12 C:\laragon\www\AgilaEcommerce\system\Commands\Server\rewrite.php(47): require_once('C:\\laragon\\www\\...')
#13 {main}
CRITICAL - 2023-12-28 11:30:35 --> Cannot add or update a child row: a foreign key constraint fails (`agiladatabase`.`products`, CONSTRAINT `fk_product_category` FOREIGN KEY (`CategoryID`) REFERENCES `category` (`CategoryID`))
in SYSTEMPATH\Database\BaseConnection.php on line 647.
 1 SYSTEMPATH\Database\BaseBuilder.php(2308): CodeIgniter\Database\BaseConnection->query('INSERT INTO `products` (`ProductName`, `Description`, `Price`, `Quantity`) VALUES (:ProductName:, :Description:, :Price:, :Quantity:)', [...], false)
 2 SYSTEMPATH\Model.php(319): CodeIgniter\Database\BaseBuilder->insert()
 3 SYSTEMPATH\BaseModel.php(788): CodeIgniter\Model->doInsert([...])
 4 SYSTEMPATH\Model.php(715): CodeIgniter\BaseModel->insert([...], true)
 5 APPPATH\Controllers\InventoryController.php(55): CodeIgniter\Model->insert([...])
 6 SYSTEMPATH\CodeIgniter.php(942): App\Controllers\InventoryController->add()
 7 SYSTEMPATH\CodeIgniter.php(502): CodeIgniter\CodeIgniter->runController(Object(App\Controllers\InventoryController))
 8 SYSTEMPATH\CodeIgniter.php(361): CodeIgniter\CodeIgniter->handleRequest(null, Object(Config\Cache), false)
 9 FCPATH\index.php(79): CodeIgniter\CodeIgniter->run()
10 SYSTEMPATH\Commands\Server\rewrite.php(47): require_once('C:\\laragon\\www\\AgilaEcommerce\\public\\index.php')
ERROR - 2023-12-28 11:31:57 --> mysqli_sql_exception: Cannot add or update a child row: a foreign key constraint fails (`agiladatabase`.`products`, CONSTRAINT `fk_product_category` FOREIGN KEY (`CategoryID`) REFERENCES `category` (`CategoryID`)) in C:\laragon\www\AgilaEcommerce\system\Database\MySQLi\Connection.php:306
Stack trace:
#0 C:\laragon\www\AgilaEcommerce\system\Database\MySQLi\Connection.php(306): mysqli->query('INSERT INTO `pr...', 0)
#1 C:\laragon\www\AgilaEcommerce\system\Database\BaseConnection.php(693): CodeIgniter\Database\MySQLi\Connection->execute('INSERT INTO `pr...')
#2 C:\laragon\www\AgilaEcommerce\system\Database\BaseConnection.php(607): CodeIgniter\Database\BaseConnection->simpleQuery('INSERT INTO `pr...')
#3 C:\laragon\www\AgilaEcommerce\system\Database\BaseBuilder.php(2308): CodeIgniter\Database\BaseConnection->query('INSERT INTO `pr...', Array, false)
#4 C:\laragon\www\AgilaEcommerce\system\Model.php(319): CodeIgniter\Database\BaseBuilder->insert()
#5 C:\laragon\www\AgilaEcommerce\system\BaseModel.php(788): CodeIgniter\Model->doInsert(Array)
#6 C:\laragon\www\AgilaEcommerce\system\Model.php(715): CodeIgniter\BaseModel->insert(Array, true)
#7 C:\laragon\www\AgilaEcommerce\app\Controllers\InventoryController.php(55): CodeIgniter\Model->insert(Array)
#8 C:\laragon\www\AgilaEcommerce\system\CodeIgniter.php(942): App\Controllers\InventoryController->add()
#9 C:\laragon\www\AgilaEcommerce\system\CodeIgniter.php(502): CodeIgniter\CodeIgniter->runController(Object(App\Controllers\InventoryController))
#10 C:\laragon\www\AgilaEcommerce\system\CodeIgniter.php(361): CodeIgniter\CodeIgniter->handleRequest(NULL, Object(Config\Cache), false)
#11 C:\laragon\www\AgilaEcommerce\public\index.php(79): CodeIgniter\CodeIgniter->run()
#12 C:\laragon\www\AgilaEcommerce\system\Commands\Server\rewrite.php(47): require_once('C:\\laragon\\www\\...')
#13 {main}
CRITICAL - 2023-12-28 11:31:57 --> Cannot add or update a child row: a foreign key constraint fails (`agiladatabase`.`products`, CONSTRAINT `fk_product_category` FOREIGN KEY (`CategoryID`) REFERENCES `category` (`CategoryID`))
in SYSTEMPATH\Database\BaseConnection.php on line 647.
 1 SYSTEMPATH\Database\BaseBuilder.php(2308): CodeIgniter\Database\BaseConnection->query('INSERT INTO `products` (`ProductName`, `Description`, `Price`, `Quantity`) VALUES (:ProductName:, :Description:, :Price:, :Quantity:)', [...], false)
 2 SYSTEMPATH\Model.php(319): CodeIgniter\Database\BaseBuilder->insert()
 3 SYSTEMPATH\BaseModel.php(788): CodeIgniter\Model->doInsert([...])
 4 SYSTEMPATH\Model.php(715): CodeIgniter\BaseModel->insert([...], true)
 5 APPPATH\Controllers\InventoryController.php(55): CodeIgniter\Model->insert([...])
 6 SYSTEMPATH\CodeIgniter.php(942): App\Controllers\InventoryController->add()
 7 SYSTEMPATH\CodeIgniter.php(502): CodeIgniter\CodeIgniter->runController(Object(App\Controllers\InventoryController))
 8 SYSTEMPATH\CodeIgniter.php(361): CodeIgniter\CodeIgniter->handleRequest(null, Object(Config\Cache), false)
 9 FCPATH\index.php(79): CodeIgniter\CodeIgniter->run()
10 SYSTEMPATH\Commands\Server\rewrite.php(47): require_once('C:\\laragon\\www\\AgilaEcommerce\\public\\index.php')
ERROR - 2023-12-28 11:32:00 --> mysqli_sql_exception: Cannot add or update a child row: a foreign key constraint fails (`agiladatabase`.`products`, CONSTRAINT `fk_product_category` FOREIGN KEY (`CategoryID`) REFERENCES `category` (`CategoryID`)) in C:\laragon\www\AgilaEcommerce\system\Database\MySQLi\Connection.php:306
Stack trace:
#0 C:\laragon\www\AgilaEcommerce\system\Database\MySQLi\Connection.php(306): mysqli->query('INSERT INTO `pr...', 0)
#1 C:\laragon\www\AgilaEcommerce\system\Database\BaseConnection.php(693): CodeIgniter\Database\MySQLi\Connection->execute('INSERT INTO `pr...')
#2 C:\laragon\www\AgilaEcommerce\system\Database\BaseConnection.php(607): CodeIgniter\Database\BaseConnection->simpleQuery('INSERT INTO `pr...')
#3 C:\laragon\www\AgilaEcommerce\system\Database\BaseBuilder.php(2308): CodeIgniter\Database\BaseConnection->query('INSERT INTO `pr...', Array, false)
#4 C:\laragon\www\AgilaEcommerce\system\Model.php(319): CodeIgniter\Database\BaseBuilder->insert()
#5 C:\laragon\www\AgilaEcommerce\system\BaseModel.php(788): CodeIgniter\Model->doInsert(Array)
#6 C:\laragon\www\AgilaEcommerce\system\Model.php(715): CodeIgniter\BaseModel->insert(Array, true)
#7 C:\laragon\www\AgilaEcommerce\app\Controllers\InventoryController.php(55): CodeIgniter\Model->insert(Array)
#8 C:\laragon\www\AgilaEcommerce\system\CodeIgniter.php(942): App\Controllers\InventoryController->add()
#9 C:\laragon\www\AgilaEcommerce\system\CodeIgniter.php(502): CodeIgniter\CodeIgniter->runController(Object(App\Controllers\InventoryController))
#10 C:\laragon\www\AgilaEcommerce\system\CodeIgniter.php(361): CodeIgniter\CodeIgniter->handleRequest(NULL, Object(Config\Cache), false)
#11 C:\laragon\www\AgilaEcommerce\public\index.php(79): CodeIgniter\CodeIgniter->run()
#12 C:\laragon\www\AgilaEcommerce\system\Commands\Server\rewrite.php(47): require_once('C:\\laragon\\www\\...')
#13 {main}
CRITICAL - 2023-12-28 11:32:00 --> Cannot add or update a child row: a foreign key constraint fails (`agiladatabase`.`products`, CONSTRAINT `fk_product_category` FOREIGN KEY (`CategoryID`) REFERENCES `category` (`CategoryID`))
in SYSTEMPATH\Database\BaseConnection.php on line 647.
 1 SYSTEMPATH\Database\BaseBuilder.php(2308): CodeIgniter\Database\BaseConnection->query('INSERT INTO `products` (`ProductName`, `Description`, `Price`, `Quantity`) VALUES (:ProductName:, :Description:, :Price:, :Quantity:)', [...], false)
 2 SYSTEMPATH\Model.php(319): CodeIgniter\Database\BaseBuilder->insert()
 3 SYSTEMPATH\BaseModel.php(788): CodeIgniter\Model->doInsert([...])
 4 SYSTEMPATH\Model.php(715): CodeIgniter\BaseModel->insert([...], true)
 5 APPPATH\Controllers\InventoryController.php(55): CodeIgniter\Model->insert([...])
 6 SYSTEMPATH\CodeIgniter.php(942): App\Controllers\InventoryController->add()
 7 SYSTEMPATH\CodeIgniter.php(502): CodeIgniter\CodeIgniter->runController(Object(App\Controllers\InventoryController))
 8 SYSTEMPATH\CodeIgniter.php(361): CodeIgniter\CodeIgniter->handleRequest(null, Object(Config\Cache), false)
 9 FCPATH\index.php(79): CodeIgniter\CodeIgniter->run()
10 SYSTEMPATH\Commands\Server\rewrite.php(47): require_once('C:\\laragon\\www\\AgilaEcommerce\\public\\index.php')
ERROR - 2023-12-28 11:32:32 --> mysqli_sql_exception: Cannot add or update a child row: a foreign key constraint fails (`agiladatabase`.`products`, CONSTRAINT `fk_product_category` FOREIGN KEY (`CategoryID`) REFERENCES `category` (`CategoryID`)) in C:\laragon\www\AgilaEcommerce\system\Database\MySQLi\Connection.php:306
Stack trace:
#0 C:\laragon\www\AgilaEcommerce\system\Database\MySQLi\Connection.php(306): mysqli->query('INSERT INTO `pr...', 0)
#1 C:\laragon\www\AgilaEcommerce\system\Database\BaseConnection.php(693): CodeIgniter\Database\MySQLi\Connection->execute('INSERT INTO `pr...')
#2 C:\laragon\www\AgilaEcommerce\system\Database\BaseConnection.php(607): CodeIgniter\Database\BaseConnection->simpleQuery('INSERT INTO `pr...')
#3 C:\laragon\www\AgilaEcommerce\system\Database\BaseBuilder.php(2308): CodeIgniter\Database\BaseConnection->query('INSERT INTO `pr...', Array, false)
#4 C:\laragon\www\AgilaEcommerce\system\Model.php(319): CodeIgniter\Database\BaseBuilder->insert()
#5 C:\laragon\www\AgilaEcommerce\system\BaseModel.php(788): CodeIgniter\Model->doInsert(Array)
#6 C:\laragon\www\AgilaEcommerce\system\Model.php(715): CodeIgniter\BaseModel->insert(Array, true)
#7 C:\laragon\www\AgilaEcommerce\app\Controllers\InventoryController.php(55): CodeIgniter\Model->insert(Array)
#8 C:\laragon\www\AgilaEcommerce\system\CodeIgniter.php(942): App\Controllers\InventoryController->add()
#9 C:\laragon\www\AgilaEcommerce\system\CodeIgniter.php(502): CodeIgniter\CodeIgniter->runController(Object(App\Controllers\InventoryController))
#10 C:\laragon\www\AgilaEcommerce\system\CodeIgniter.php(361): CodeIgniter\CodeIgniter->handleRequest(NULL, Object(Config\Cache), false)
#11 C:\laragon\www\AgilaEcommerce\public\index.php(79): CodeIgniter\CodeIgniter->run()
#12 C:\laragon\www\AgilaEcommerce\system\Commands\Server\rewrite.php(47): require_once('C:\\laragon\\www\\...')
#13 {main}
CRITICAL - 2023-12-28 11:32:33 --> Cannot add or update a child row: a foreign key constraint fails (`agiladatabase`.`products`, CONSTRAINT `fk_product_category` FOREIGN KEY (`CategoryID`) REFERENCES `category` (`CategoryID`))
in SYSTEMPATH\Database\BaseConnection.php on line 647.
 1 SYSTEMPATH\Database\BaseBuilder.php(2308): CodeIgniter\Database\BaseConnection->query('INSERT INTO `products` (`ProductName`, `Description`, `Price`, `Quantity`) VALUES (:ProductName:, :Description:, :Price:, :Quantity:)', [...], false)
 2 SYSTEMPATH\Model.php(319): CodeIgniter\Database\BaseBuilder->insert()
 3 SYSTEMPATH\BaseModel.php(788): CodeIgniter\Model->doInsert([...])
 4 SYSTEMPATH\Model.php(715): CodeIgniter\BaseModel->insert([...], true)
 5 APPPATH\Controllers\InventoryController.php(55): CodeIgniter\Model->insert([...])
 6 SYSTEMPATH\CodeIgniter.php(942): App\Controllers\InventoryController->add()
 7 SYSTEMPATH\CodeIgniter.php(502): CodeIgniter\CodeIgniter->runController(Object(App\Controllers\InventoryController))
 8 SYSTEMPATH\CodeIgniter.php(361): CodeIgniter\CodeIgniter->handleRequest(null, Object(Config\Cache), false)
 9 FCPATH\index.php(79): CodeIgniter\CodeIgniter->run()
10 SYSTEMPATH\Commands\Server\rewrite.php(47): require_once('C:\\laragon\\www\\AgilaEcommerce\\public\\index.php')
ERROR - 2023-12-28 11:33:15 --> Error inserting item: Undefined array key "CategoryID"
ERROR - 2023-12-28 11:33:24 --> Error inserting item: Undefined array key "CategoryID"
ERROR - 2023-12-28 11:35:27 --> mysqli_sql_exception: Cannot add or update a child row: a foreign key constraint fails (`agiladatabase`.`products`, CONSTRAINT `fk_product_category` FOREIGN KEY (`CategoryID`) REFERENCES `category` (`CategoryID`)) in C:\laragon\www\AgilaEcommerce\system\Database\MySQLi\Connection.php:306
Stack trace:
#0 C:\laragon\www\AgilaEcommerce\system\Database\MySQLi\Connection.php(306): mysqli->query('INSERT INTO `pr...', 0)
#1 C:\laragon\www\AgilaEcommerce\system\Database\BaseConnection.php(693): CodeIgniter\Database\MySQLi\Connection->execute('INSERT INTO `pr...')
#2 C:\laragon\www\AgilaEcommerce\system\Database\BaseConnection.php(607): CodeIgniter\Database\BaseConnection->simpleQuery('INSERT INTO `pr...')
#3 C:\laragon\www\AgilaEcommerce\system\Database\BaseBuilder.php(2308): CodeIgniter\Database\BaseConnection->query('INSERT INTO `pr...', Array, false)
#4 C:\laragon\www\AgilaEcommerce\system\Model.php(319): CodeIgniter\Database\BaseBuilder->insert()
#5 C:\laragon\www\AgilaEcommerce\system\BaseModel.php(788): CodeIgniter\Model->doInsert(Array)
#6 C:\laragon\www\AgilaEcommerce\system\Model.php(715): CodeIgniter\BaseModel->insert(Array, true)
#7 C:\laragon\www\AgilaEcommerce\app\Controllers\InventoryController.php(55): CodeIgniter\Model->insert(Array)
#8 C:\laragon\www\AgilaEcommerce\system\CodeIgniter.php(942): App\Controllers\InventoryController->add()
#9 C:\laragon\www\AgilaEcommerce\system\CodeIgniter.php(502): CodeIgniter\CodeIgniter->runController(Object(App\Controllers\InventoryController))
#10 C:\laragon\www\AgilaEcommerce\system\CodeIgniter.php(361): CodeIgniter\CodeIgniter->handleRequest(NULL, Object(Config\Cache), false)
#11 C:\laragon\www\AgilaEcommerce\public\index.php(79): CodeIgniter\CodeIgniter->run()
#12 C:\laragon\www\AgilaEcommerce\system\Commands\Server\rewrite.php(47): require_once('C:\\laragon\\www\\...')
#13 {main}
CRITICAL - 2023-12-28 11:35:27 --> Cannot add or update a child row: a foreign key constraint fails (`agiladatabase`.`products`, CONSTRAINT `fk_product_category` FOREIGN KEY (`CategoryID`) REFERENCES `category` (`CategoryID`))
in SYSTEMPATH\Database\BaseConnection.php on line 647.
 1 SYSTEMPATH\Database\BaseBuilder.php(2308): CodeIgniter\Database\BaseConnection->query('INSERT INTO `products` (`ProductName`, `Description`, `Price`, `Quantity`) VALUES (:ProductName:, :Description:, :Price:, :Quantity:)', [...], false)
 2 SYSTEMPATH\Model.php(319): CodeIgniter\Database\BaseBuilder->insert()
 3 SYSTEMPATH\BaseModel.php(788): CodeIgniter\Model->doInsert([...])
 4 SYSTEMPATH\Model.php(715): CodeIgniter\BaseModel->insert([...], true)
 5 APPPATH\Controllers\InventoryController.php(55): CodeIgniter\Model->insert([...])
 6 SYSTEMPATH\CodeIgniter.php(942): App\Controllers\InventoryController->add()
 7 SYSTEMPATH\CodeIgniter.php(502): CodeIgniter\CodeIgniter->runController(Object(App\Controllers\InventoryController))
 8 SYSTEMPATH\CodeIgniter.php(361): CodeIgniter\CodeIgniter->handleRequest(null, Object(Config\Cache), false)
 9 FCPATH\index.php(79): CodeIgniter\CodeIgniter->run()
10 SYSTEMPATH\Commands\Server\rewrite.php(47): require_once('C:\\laragon\\www\\AgilaEcommerce\\public\\index.php')
ERROR - 2023-12-28 11:37:07 --> mysqli_sql_exception: Cannot add or update a child row: a foreign key constraint fails (`agiladatabase`.`products`, CONSTRAINT `fk_product_category` FOREIGN KEY (`CategoryID`) REFERENCES `category` (`CategoryID`)) in C:\laragon\www\AgilaEcommerce\system\Database\MySQLi\Connection.php:306
Stack trace:
#0 C:\laragon\www\AgilaEcommerce\system\Database\MySQLi\Connection.php(306): mysqli->query('INSERT INTO `pr...', 0)
#1 C:\laragon\www\AgilaEcommerce\system\Database\BaseConnection.php(693): CodeIgniter\Database\MySQLi\Connection->execute('INSERT INTO `pr...')
#2 C:\laragon\www\AgilaEcommerce\system\Database\BaseConnection.php(607): CodeIgniter\Database\BaseConnection->simpleQuery('INSERT INTO `pr...')
#3 C:\laragon\www\AgilaEcommerce\system\Database\BaseBuilder.php(2308): CodeIgniter\Database\BaseConnection->query('INSERT INTO `pr...', Array, false)
#4 C:\laragon\www\AgilaEcommerce\system\Model.php(319): CodeIgniter\Database\BaseBuilder->insert()
#5 C:\laragon\www\AgilaEcommerce\system\BaseModel.php(788): CodeIgniter\Model->doInsert(Array)
#6 C:\laragon\www\AgilaEcommerce\system\Model.php(715): CodeIgniter\BaseModel->insert(Array, true)
#7 C:\laragon\www\AgilaEcommerce\app\Controllers\InventoryController.php(55): CodeIgniter\Model->insert(Array)
#8 C:\laragon\www\AgilaEcommerce\system\CodeIgniter.php(942): App\Controllers\InventoryController->add()
#9 C:\laragon\www\AgilaEcommerce\system\CodeIgniter.php(502): CodeIgniter\CodeIgniter->runController(Object(App\Controllers\InventoryController))
#10 C:\laragon\www\AgilaEcommerce\system\CodeIgniter.php(361): CodeIgniter\CodeIgniter->handleRequest(NULL, Object(Config\Cache), false)
#11 C:\laragon\www\AgilaEcommerce\public\index.php(79): CodeIgniter\CodeIgniter->run()
#12 C:\laragon\www\AgilaEcommerce\system\Commands\Server\rewrite.php(47): require_once('C:\\laragon\\www\\...')
#13 {main}
CRITICAL - 2023-12-28 11:37:07 --> Cannot add or update a child row: a foreign key constraint fails (`agiladatabase`.`products`, CONSTRAINT `fk_product_category` FOREIGN KEY (`CategoryID`) REFERENCES `category` (`CategoryID`))
in SYSTEMPATH\Database\BaseConnection.php on line 647.
 1 SYSTEMPATH\Database\BaseBuilder.php(2308): CodeIgniter\Database\BaseConnection->query('INSERT INTO `products` (`ProductName`, `Description`, `Price`, `Quantity`) VALUES (:ProductName:, :Description:, :Price:, :Quantity:)', [...], false)
 2 SYSTEMPATH\Model.php(319): CodeIgniter\Database\BaseBuilder->insert()
 3 SYSTEMPATH\BaseModel.php(788): CodeIgniter\Model->doInsert([...])
 4 SYSTEMPATH\Model.php(715): CodeIgniter\BaseModel->insert([...], true)
 5 APPPATH\Controllers\InventoryController.php(55): CodeIgniter\Model->insert([...])
 6 SYSTEMPATH\CodeIgniter.php(942): App\Controllers\InventoryController->add()
 7 SYSTEMPATH\CodeIgniter.php(502): CodeIgniter\CodeIgniter->runController(Object(App\Controllers\InventoryController))
 8 SYSTEMPATH\CodeIgniter.php(361): CodeIgniter\CodeIgniter->handleRequest(null, Object(Config\Cache), false)
 9 FCPATH\index.php(79): CodeIgniter\CodeIgniter->run()
10 SYSTEMPATH\Commands\Server\rewrite.php(47): require_once('C:\\laragon\\www\\AgilaEcommerce\\public\\index.php')
ERROR - 2023-12-28 11:39:06 --> Error inserting item: Undefined array key "CategoryID"
ERROR - 2023-12-28 11:42:36 --> Error inserting item: Undefined array key "CategoryID"
CRITICAL - 2023-12-28 11:43:26 --> Undefined variable $data
in APPPATH\Views\inventory_view.php on line 45.
 1 APPPATH\Views\inventory_view.php(45): CodeIgniter\Debug\Exceptions->errorHandler(2, 'Undefined variable $data', 'C:\\laragon\\www\\AgilaEcommerce\\app\\Views\\inventory_view.php', 45)
 2 SYSTEMPATH\View\View.php(228): include('C:\\laragon\\www\\AgilaEcommerce\\app\\Views\\inventory_view.php')
 3 SYSTEMPATH\View\View.php(231): CodeIgniter\View\View->CodeIgniter\View\{closure}()
 4 SYSTEMPATH\Common.php(1190): CodeIgniter\View\View->render('inventory_view', [], true)
 5 APPPATH\Controllers\InventoryController.php(18): view('inventory_view', [...])
 6 SYSTEMPATH\CodeIgniter.php(942): App\Controllers\InventoryController->index2()
 7 SYSTEMPATH\CodeIgniter.php(502): CodeIgniter\CodeIgniter->runController(Object(App\Controllers\InventoryController))
 8 SYSTEMPATH\CodeIgniter.php(361): CodeIgniter\CodeIgniter->handleRequest(null, Object(Config\Cache), false)
 9 FCPATH\index.php(79): CodeIgniter\CodeIgniter->run()
10 SYSTEMPATH\Commands\Server\rewrite.php(47): require_once('C:\\laragon\\www\\AgilaEcommerce\\public\\index.php')
CRITICAL - 2023-12-28 11:43:47 --> Undefined variable $data
in APPPATH\Views\inventory_view.php on line 45.
 1 APPPATH\Views\inventory_view.php(45): CodeIgniter\Debug\Exceptions->errorHandler(2, 'Undefined variable $data', 'C:\\laragon\\www\\AgilaEcommerce\\app\\Views\\inventory_view.php', 45)
 2 SYSTEMPATH\View\View.php(228): include('C:\\laragon\\www\\AgilaEcommerce\\app\\Views\\inventory_view.php')
 3 SYSTEMPATH\View\View.php(231): CodeIgniter\View\View->CodeIgniter\View\{closure}()
 4 SYSTEMPATH\Common.php(1190): CodeIgniter\View\View->render('inventory_view', [], true)
 5 APPPATH\Controllers\InventoryController.php(18): view('inventory_view', [...])
 6 SYSTEMPATH\CodeIgniter.php(942): App\Controllers\InventoryController->index2()
 7 SYSTEMPATH\CodeIgniter.php(502): CodeIgniter\CodeIgniter->runController(Object(App\Controllers\InventoryController))
 8 SYSTEMPATH\CodeIgniter.php(361): CodeIgniter\CodeIgniter->handleRequest(null, Object(Config\Cache), false)
 9 FCPATH\index.php(79): CodeIgniter\CodeIgniter->run()
10 SYSTEMPATH\Commands\Server\rewrite.php(47): require_once('C:\\laragon\\www\\AgilaEcommerce\\public\\index.php')
CRITICAL - 2023-12-28 11:43:49 --> Undefined variable $data
in APPPATH\Views\inventory_view.php on line 45.
 1 APPPATH\Views\inventory_view.php(45): CodeIgniter\Debug\Exceptions->errorHandler(2, 'Undefined variable $data', 'C:\\laragon\\www\\AgilaEcommerce\\app\\Views\\inventory_view.php', 45)
 2 SYSTEMPATH\View\View.php(228): include('C:\\laragon\\www\\AgilaEcommerce\\app\\Views\\inventory_view.php')
 3 SYSTEMPATH\View\View.php(231): CodeIgniter\View\View->CodeIgniter\View\{closure}()
 4 SYSTEMPATH\Common.php(1190): CodeIgniter\View\View->render('inventory_view', [], true)
 5 APPPATH\Controllers\InventoryController.php(18): view('inventory_view', [...])
 6 SYSTEMPATH\CodeIgniter.php(942): App\Controllers\InventoryController->index2()
 7 SYSTEMPATH\CodeIgniter.php(502): CodeIgniter\CodeIgniter->runController(Object(App\Controllers\InventoryController))
 8 SYSTEMPATH\CodeIgniter.php(361): CodeIgniter\CodeIgniter->handleRequest(null, Object(Config\Cache), false)
 9 FCPATH\index.php(79): CodeIgniter\CodeIgniter->run()
10 SYSTEMPATH\Commands\Server\rewrite.php(47): require_once('C:\\laragon\\www\\AgilaEcommerce\\public\\index.php')
ERROR - 2023-12-28 11:45:51 --> mysqli_sql_exception: Cannot add or update a child row: a foreign key constraint fails (`agiladatabase`.`products`, CONSTRAINT `fk_product_category` FOREIGN KEY (`CategoryID`) REFERENCES `category` (`CategoryID`)) in C:\laragon\www\AgilaEcommerce\system\Database\MySQLi\Connection.php:306
Stack trace:
#0 C:\laragon\www\AgilaEcommerce\system\Database\MySQLi\Connection.php(306): mysqli->query('INSERT INTO `pr...', 0)
#1 C:\laragon\www\AgilaEcommerce\system\Database\BaseConnection.php(693): CodeIgniter\Database\MySQLi\Connection->execute('INSERT INTO `pr...')
#2 C:\laragon\www\AgilaEcommerce\system\Database\BaseConnection.php(607): CodeIgniter\Database\BaseConnection->simpleQuery('INSERT INTO `pr...')
#3 C:\laragon\www\AgilaEcommerce\system\Database\BaseBuilder.php(2308): CodeIgniter\Database\BaseConnection->query('INSERT INTO `pr...', Array, false)
#4 C:\laragon\www\AgilaEcommerce\system\Model.php(319): CodeIgniter\Database\BaseBuilder->insert()
#5 C:\laragon\www\AgilaEcommerce\system\BaseModel.php(788): CodeIgniter\Model->doInsert(Array)
#6 C:\laragon\www\AgilaEcommerce\system\Model.php(715): CodeIgniter\BaseModel->insert(Array, true)
#7 C:\laragon\www\AgilaEcommerce\app\Controllers\InventoryController.php(59): CodeIgniter\Model->insert(Array)
#8 C:\laragon\www\AgilaEcommerce\system\CodeIgniter.php(942): App\Controllers\InventoryController->add()
#9 C:\laragon\www\AgilaEcommerce\system\CodeIgniter.php(502): CodeIgniter\CodeIgniter->runController(Object(App\Controllers\InventoryController))
#10 C:\laragon\www\AgilaEcommerce\system\CodeIgniter.php(361): CodeIgniter\CodeIgniter->handleRequest(NULL, Object(Config\Cache), false)
#11 C:\laragon\www\AgilaEcommerce\public\index.php(79): CodeIgniter\CodeIgniter->run()
#12 C:\laragon\www\AgilaEcommerce\system\Commands\Server\rewrite.php(47): require_once('C:\\laragon\\www\\...')
#13 {main}
CRITICAL - 2023-12-28 11:45:51 --> Cannot add or update a child row: a foreign key constraint fails (`agiladatabase`.`products`, CONSTRAINT `fk_product_category` FOREIGN KEY (`CategoryID`) REFERENCES `category` (`CategoryID`))
in SYSTEMPATH\Database\BaseConnection.php on line 647.
 1 SYSTEMPATH\Database\BaseBuilder.php(2308): CodeIgniter\Database\BaseConnection->query('INSERT INTO `products` (`ProductName`, `Description`, `Price`, `Quantity`) VALUES (:ProductName:, :Description:, :Price:, :Quantity:)', [...], false)
 2 SYSTEMPATH\Model.php(319): CodeIgniter\Database\BaseBuilder->insert()
 3 SYSTEMPATH\BaseModel.php(788): CodeIgniter\Model->doInsert([...])
 4 SYSTEMPATH\Model.php(715): CodeIgniter\BaseModel->insert([...], true)
 5 APPPATH\Controllers\InventoryController.php(59): CodeIgniter\Model->insert([...])
 6 SYSTEMPATH\CodeIgniter.php(942): App\Controllers\InventoryController->add()
 7 SYSTEMPATH\CodeIgniter.php(502): CodeIgniter\CodeIgniter->runController(Object(App\Controllers\InventoryController))
 8 SYSTEMPATH\CodeIgniter.php(361): CodeIgniter\CodeIgniter->handleRequest(null, Object(Config\Cache), false)
 9 FCPATH\index.php(79): CodeIgniter\CodeIgniter->run()
10 SYSTEMPATH\Commands\Server\rewrite.php(47): require_once('C:\\laragon\\www\\AgilaEcommerce\\public\\index.php')
ERROR - 2023-12-28 11:45:56 --> mysqli_sql_exception: Cannot add or update a child row: a foreign key constraint fails (`agiladatabase`.`products`, CONSTRAINT `fk_product_category` FOREIGN KEY (`CategoryID`) REFERENCES `category` (`CategoryID`)) in C:\laragon\www\AgilaEcommerce\system\Database\MySQLi\Connection.php:306
Stack trace:
#0 C:\laragon\www\AgilaEcommerce\system\Database\MySQLi\Connection.php(306): mysqli->query('INSERT INTO `pr...', 0)
#1 C:\laragon\www\AgilaEcommerce\system\Database\BaseConnection.php(693): CodeIgniter\Database\MySQLi\Connection->execute('INSERT INTO `pr...')
#2 C:\laragon\www\AgilaEcommerce\system\Database\BaseConnection.php(607): CodeIgniter\Database\BaseConnection->simpleQuery('INSERT INTO `pr...')
#3 C:\laragon\www\AgilaEcommerce\system\Database\BaseBuilder.php(2308): CodeIgniter\Database\BaseConnection->query('INSERT INTO `pr...', Array, false)
#4 C:\laragon\www\AgilaEcommerce\system\Model.php(319): CodeIgniter\Database\BaseBuilder->insert()
#5 C:\laragon\www\AgilaEcommerce\system\BaseModel.php(788): CodeIgniter\Model->doInsert(Array)
#6 C:\laragon\www\AgilaEcommerce\system\Model.php(715): CodeIgniter\BaseModel->insert(Array, true)
#7 C:\laragon\www\AgilaEcommerce\app\Controllers\InventoryController.php(59): CodeIgniter\Model->insert(Array)
#8 C:\laragon\www\AgilaEcommerce\system\CodeIgniter.php(942): App\Controllers\InventoryController->add()
#9 C:\laragon\www\AgilaEcommerce\system\CodeIgniter.php(502): CodeIgniter\CodeIgniter->runController(Object(App\Controllers\InventoryController))
#10 C:\laragon\www\AgilaEcommerce\system\CodeIgniter.php(361): CodeIgniter\CodeIgniter->handleRequest(NULL, Object(Config\Cache), false)
#11 C:\laragon\www\AgilaEcommerce\public\index.php(79): CodeIgniter\CodeIgniter->run()
#12 C:\laragon\www\AgilaEcommerce\system\Commands\Server\rewrite.php(47): require_once('C:\\laragon\\www\\...')
#13 {main}
CRITICAL - 2023-12-28 11:45:56 --> Cannot add or update a child row: a foreign key constraint fails (`agiladatabase`.`products`, CONSTRAINT `fk_product_category` FOREIGN KEY (`CategoryID`) REFERENCES `category` (`CategoryID`))
in SYSTEMPATH\Database\BaseConnection.php on line 647.
 1 SYSTEMPATH\Database\BaseBuilder.php(2308): CodeIgniter\Database\BaseConnection->query('INSERT INTO `products` (`ProductName`, `Description`, `Price`, `Quantity`) VALUES (:ProductName:, :Description:, :Price:, :Quantity:)', [...], false)
 2 SYSTEMPATH\Model.php(319): CodeIgniter\Database\BaseBuilder->insert()
 3 SYSTEMPATH\BaseModel.php(788): CodeIgniter\Model->doInsert([...])
 4 SYSTEMPATH\Model.php(715): CodeIgniter\BaseModel->insert([...], true)
 5 APPPATH\Controllers\InventoryController.php(59): CodeIgniter\Model->insert([...])
 6 SYSTEMPATH\CodeIgniter.php(942): App\Controllers\InventoryController->add()
 7 SYSTEMPATH\CodeIgniter.php(502): CodeIgniter\CodeIgniter->runController(Object(App\Controllers\InventoryController))
 8 SYSTEMPATH\CodeIgniter.php(361): CodeIgniter\CodeIgniter->handleRequest(null, Object(Config\Cache), false)
 9 FCPATH\index.php(79): CodeIgniter\CodeIgniter->run()
10 SYSTEMPATH\Commands\Server\rewrite.php(47): require_once('C:\\laragon\\www\\AgilaEcommerce\\public\\index.php')
ERROR - 2023-12-28 11:49:41 --> Invalid password: asdasd | Stored hash: $2y$10$57fU4b3Wk1bfG2sQjuGCAuH
ERROR - 2023-12-28 11:49:48 --> Invalid password: asdasd | Stored hash: $2y$10$57fU4b3Wk1bfG2sQjuGCAuH
ERROR - 2023-12-28 11:50:31 --> Invalid password: comia909 | Stored hash: $2y$10$2mce1qybMZG66NplCGP7.uG
CRITICAL - 2023-12-28 13:10:53 --> Invalid file: "index.php"
in SYSTEMPATH\Exceptions\FrameworkException.php on line 39.
 1 SYSTEMPATH\View\View.php(216): CodeIgniter\Exceptions\FrameworkException::forInvalidFile('index.php')
 2 SYSTEMPATH\Common.php(1190): CodeIgniter\View\View->render('index', [], true)
 3 APPPATH\Controllers\WebController.php(11): view('index')
 4 SYSTEMPATH\CodeIgniter.php(942): App\Controllers\WebController->website()
 5 SYSTEMPATH\CodeIgniter.php(502): CodeIgniter\CodeIgniter->runController(Object(App\Controllers\WebController))
 6 SYSTEMPATH\CodeIgniter.php(361): CodeIgniter\CodeIgniter->handleRequest(null, Object(Config\Cache), false)
 7 FCPATH\index.php(79): CodeIgniter\CodeIgniter->run()
 8 SYSTEMPATH\Commands\Server\rewrite.php(47): require_once('C:\\laragon\\www\\AgilaEcommerce\\public\\index.php')
ERROR - 2023-12-28 15:59:51 --> mysqli_sql_exception: Column 'FirstName' cannot be null in C:\laragon\www\AgilaEcommerce\system\Database\MySQLi\Connection.php:306
Stack trace:
#0 C:\laragon\www\AgilaEcommerce\system\Database\MySQLi\Connection.php(306): mysqli->query('INSERT INTO `cu...', 0)
#1 C:\laragon\www\AgilaEcommerce\system\Database\BaseConnection.php(693): CodeIgniter\Database\MySQLi\Connection->execute('INSERT INTO `cu...')
#2 C:\laragon\www\AgilaEcommerce\system\Database\BaseConnection.php(607): CodeIgniter\Database\BaseConnection->simpleQuery('INSERT INTO `cu...')
#3 C:\laragon\www\AgilaEcommerce\system\Database\BaseBuilder.php(2308): CodeIgniter\Database\BaseConnection->query('INSERT INTO `cu...', Array, false)
#4 C:\laragon\www\AgilaEcommerce\system\Model.php(319): CodeIgniter\Database\BaseBuilder->insert()
#5 C:\laragon\www\AgilaEcommerce\system\BaseModel.php(788): CodeIgniter\Model->doInsert(Array)
#6 C:\laragon\www\AgilaEcommerce\system\Model.php(715): CodeIgniter\BaseModel->insert(Array, true)
#7 C:\laragon\www\AgilaEcommerce\app\Controllers\UserController.php(57): CodeIgniter\Model->insert(Array)
#8 C:\laragon\www\AgilaEcommerce\system\CodeIgniter.php(942): App\Controllers\UserController->register()
#9 C:\laragon\www\AgilaEcommerce\system\CodeIgniter.php(502): CodeIgniter\CodeIgniter->runController(Object(App\Controllers\UserController))
#10 C:\laragon\www\AgilaEcommerce\system\CodeIgniter.php(361): CodeIgniter\CodeIgniter->handleRequest(NULL, Object(Config\Cache), false)
#11 C:\laragon\www\AgilaEcommerce\public\index.php(79): CodeIgniter\CodeIgniter->run()
#12 C:\laragon\www\AgilaEcommerce\system\Commands\Server\rewrite.php(47): require_once('C:\\laragon\\www\\...')
#13 {main}
CRITICAL - 2023-12-28 15:59:51 --> Column 'FirstName' cannot be null
in SYSTEMPATH\Database\BaseConnection.php on line 647.
 1 SYSTEMPATH\Database\BaseBuilder.php(2308): CodeIgniter\Database\BaseConnection->query('INSERT INTO `customer` (`FirstName`, `LastName`, `Email`, `Password`, `Phone`, `DateCreated`, `Token`, `Status`, `Role`) VALUES (:FirstName:, :LastName:, :Email:, :Password:, :Phone:, :DateCreated:, :Token:, :Status:, :Role:)', [...], false)
 2 SYSTEMPATH\Model.php(319): CodeIgniter\Database\BaseBuilder->insert()
 3 SYSTEMPATH\BaseModel.php(788): CodeIgniter\Model->doInsert([...])
 4 SYSTEMPATH\Model.php(715): CodeIgniter\BaseModel->insert([...], true)
 5 APPPATH\Controllers\UserController.php(57): CodeIgniter\Model->insert([...])
 6 SYSTEMPATH\CodeIgniter.php(942): App\Controllers\UserController->register()
 7 SYSTEMPATH\CodeIgniter.php(502): CodeIgniter\CodeIgniter->runController(Object(App\Controllers\UserController))
 8 SYSTEMPATH\CodeIgniter.php(361): CodeIgniter\CodeIgniter->handleRequest(null, Object(Config\Cache), false)
 9 FCPATH\index.php(79): CodeIgniter\CodeIgniter->run()
10 SYSTEMPATH\Commands\Server\rewrite.php(47): require_once('C:\\laragon\\www\\AgilaEcommerce\\public\\index.php')
ERROR - 2023-12-28 16:05:46 --> Invalid password: asdasd | Stored hash: $2y$10$AcFmvJHZWj6mrqluEtPsyOH
ERROR - 2023-12-28 16:07:22 --> Invalid password: asdasd | Stored hash: $2y$10$AcFmvJHZWj6mrqluEtPsyOH
ERROR - 2023-12-28 16:08:19 --> mysqli_sql_exception: Cannot add or update a child row: a foreign key constraint fails (`agiladatabase`.`products`, CONSTRAINT `fk_product_category` FOREIGN KEY (`CategoryID`) REFERENCES `category` (`CategoryID`)) in C:\laragon\www\AgilaEcommerce\system\Database\MySQLi\Connection.php:306
Stack trace:
#0 C:\laragon\www\AgilaEcommerce\system\Database\MySQLi\Connection.php(306): mysqli->query('INSERT INTO `pr...', 0)
#1 C:\laragon\www\AgilaEcommerce\system\Database\BaseConnection.php(693): CodeIgniter\Database\MySQLi\Connection->execute('INSERT INTO `pr...')
#2 C:\laragon\www\AgilaEcommerce\system\Database\BaseConnection.php(607): CodeIgniter\Database\BaseConnection->simpleQuery('INSERT INTO `pr...')
#3 C:\laragon\www\AgilaEcommerce\system\Database\BaseBuilder.php(2308): CodeIgniter\Database\BaseConnection->query('INSERT INTO `pr...', Array, false)
#4 C:\laragon\www\AgilaEcommerce\system\Model.php(319): CodeIgniter\Database\BaseBuilder->insert()
#5 C:\laragon\www\AgilaEcommerce\system\BaseModel.php(788): CodeIgniter\Model->doInsert(Array)
#6 C:\laragon\www\AgilaEcommerce\system\Model.php(715): CodeIgniter\BaseModel->insert(Array, true)
#7 C:\laragon\www\AgilaEcommerce\app\Controllers\InventoryController.php(59): CodeIgniter\Model->insert(Array)
#8 C:\laragon\www\AgilaEcommerce\system\CodeIgniter.php(942): App\Controllers\InventoryController->add()
#9 C:\laragon\www\AgilaEcommerce\system\CodeIgniter.php(502): CodeIgniter\CodeIgniter->runController(Object(App\Controllers\InventoryController))
#10 C:\laragon\www\AgilaEcommerce\system\CodeIgniter.php(361): CodeIgniter\CodeIgniter->handleRequest(NULL, Object(Config\Cache), false)
#11 C:\laragon\www\AgilaEcommerce\public\index.php(79): CodeIgniter\CodeIgniter->run()
#12 C:\laragon\www\AgilaEcommerce\system\Commands\Server\rewrite.php(47): require_once('C:\\laragon\\www\\...')
#13 {main}
CRITICAL - 2023-12-28 16:08:19 --> Cannot add or update a child row: a foreign key constraint fails (`agiladatabase`.`products`, CONSTRAINT `fk_product_category` FOREIGN KEY (`CategoryID`) REFERENCES `category` (`CategoryID`))
in SYSTEMPATH\Database\BaseConnection.php on line 647.
 1 SYSTEMPATH\Database\BaseBuilder.php(2308): CodeIgniter\Database\BaseConnection->query('INSERT INTO `products` (`ProductName`, `Description`, `Price`, `Quantity`) VALUES (:ProductName:, :Description:, :Price:, :Quantity:)', [...], false)
 2 SYSTEMPATH\Model.php(319): CodeIgniter\Database\BaseBuilder->insert()
 3 SYSTEMPATH\BaseModel.php(788): CodeIgniter\Model->doInsert([...])
 4 SYSTEMPATH\Model.php(715): CodeIgniter\BaseModel->insert([...], true)
 5 APPPATH\Controllers\InventoryController.php(59): CodeIgniter\Model->insert([...])
 6 SYSTEMPATH\CodeIgniter.php(942): App\Controllers\InventoryController->add()
 7 SYSTEMPATH\CodeIgniter.php(502): CodeIgniter\CodeIgniter->runController(Object(App\Controllers\InventoryController))
 8 SYSTEMPATH\CodeIgniter.php(361): CodeIgniter\CodeIgniter->handleRequest(null, Object(Config\Cache), false)
 9 FCPATH\index.php(79): CodeIgniter\CodeIgniter->run()
10 SYSTEMPATH\Commands\Server\rewrite.php(47): require_once('C:\\laragon\\www\\AgilaEcommerce\\public\\index.php')
ERROR - 2023-12-28 16:08:21 --> mysqli_sql_exception: Cannot add or update a child row: a foreign key constraint fails (`agiladatabase`.`products`, CONSTRAINT `fk_product_category` FOREIGN KEY (`CategoryID`) REFERENCES `category` (`CategoryID`)) in C:\laragon\www\AgilaEcommerce\system\Database\MySQLi\Connection.php:306
Stack trace:
#0 C:\laragon\www\AgilaEcommerce\system\Database\MySQLi\Connection.php(306): mysqli->query('INSERT INTO `pr...', 0)
#1 C:\laragon\www\AgilaEcommerce\system\Database\BaseConnection.php(693): CodeIgniter\Database\MySQLi\Connection->execute('INSERT INTO `pr...')
#2 C:\laragon\www\AgilaEcommerce\system\Database\BaseConnection.php(607): CodeIgniter\Database\BaseConnection->simpleQuery('INSERT INTO `pr...')
#3 C:\laragon\www\AgilaEcommerce\system\Database\BaseBuilder.php(2308): CodeIgniter\Database\BaseConnection->query('INSERT INTO `pr...', Array, false)
#4 C:\laragon\www\AgilaEcommerce\system\Model.php(319): CodeIgniter\Database\BaseBuilder->insert()
#5 C:\laragon\www\AgilaEcommerce\system\BaseModel.php(788): CodeIgniter\Model->doInsert(Array)
#6 C:\laragon\www\AgilaEcommerce\system\Model.php(715): CodeIgniter\BaseModel->insert(Array, true)
#7 C:\laragon\www\AgilaEcommerce\app\Controllers\InventoryController.php(59): CodeIgniter\Model->insert(Array)
#8 C:\laragon\www\AgilaEcommerce\system\CodeIgniter.php(942): App\Controllers\InventoryController->add()
#9 C:\laragon\www\AgilaEcommerce\system\CodeIgniter.php(502): CodeIgniter\CodeIgniter->runController(Object(App\Controllers\InventoryController))
#10 C:\laragon\www\AgilaEcommerce\system\CodeIgniter.php(361): CodeIgniter\CodeIgniter->handleRequest(NULL, Object(Config\Cache), false)
#11 C:\laragon\www\AgilaEcommerce\public\index.php(79): CodeIgniter\CodeIgniter->run()
#12 C:\laragon\www\AgilaEcommerce\system\Commands\Server\rewrite.php(47): require_once('C:\\laragon\\www\\...')
#13 {main}
CRITICAL - 2023-12-28 16:08:21 --> Cannot add or update a child row: a foreign key constraint fails (`agiladatabase`.`products`, CONSTRAINT `fk_product_category` FOREIGN KEY (`CategoryID`) REFERENCES `category` (`CategoryID`))
in SYSTEMPATH\Database\BaseConnection.php on line 647.
 1 SYSTEMPATH\Database\BaseBuilder.php(2308): CodeIgniter\Database\BaseConnection->query('INSERT INTO `products` (`ProductName`, `Description`, `Price`, `Quantity`) VALUES (:ProductName:, :Description:, :Price:, :Quantity:)', [...], false)
 2 SYSTEMPATH\Model.php(319): CodeIgniter\Database\BaseBuilder->insert()
 3 SYSTEMPATH\BaseModel.php(788): CodeIgniter\Model->doInsert([...])
 4 SYSTEMPATH\Model.php(715): CodeIgniter\BaseModel->insert([...], true)
 5 APPPATH\Controllers\InventoryController.php(59): CodeIgniter\Model->insert([...])
 6 SYSTEMPATH\CodeIgniter.php(942): App\Controllers\InventoryController->add()
 7 SYSTEMPATH\CodeIgniter.php(502): CodeIgniter\CodeIgniter->runController(Object(App\Controllers\InventoryController))
 8 SYSTEMPATH\CodeIgniter.php(361): CodeIgniter\CodeIgniter->handleRequest(null, Object(Config\Cache), false)
 9 FCPATH\index.php(79): CodeIgniter\CodeIgniter->run()
10 SYSTEMPATH\Commands\Server\rewrite.php(47): require_once('C:\\laragon\\www\\AgilaEcommerce\\public\\index.php')
ERROR - 2023-12-28 16:08:21 --> mysqli_sql_exception: Cannot add or update a child row: a foreign key constraint fails (`agiladatabase`.`products`, CONSTRAINT `fk_product_category` FOREIGN KEY (`CategoryID`) REFERENCES `category` (`CategoryID`)) in C:\laragon\www\AgilaEcommerce\system\Database\MySQLi\Connection.php:306
Stack trace:
#0 C:\laragon\www\AgilaEcommerce\system\Database\MySQLi\Connection.php(306): mysqli->query('INSERT INTO `pr...', 0)
#1 C:\laragon\www\AgilaEcommerce\system\Database\BaseConnection.php(693): CodeIgniter\Database\MySQLi\Connection->execute('INSERT INTO `pr...')
#2 C:\laragon\www\AgilaEcommerce\system\Database\BaseConnection.php(607): CodeIgniter\Database\BaseConnection->simpleQuery('INSERT INTO `pr...')
#3 C:\laragon\www\AgilaEcommerce\system\Database\BaseBuilder.php(2308): CodeIgniter\Database\BaseConnection->query('INSERT INTO `pr...', Array, false)
#4 C:\laragon\www\AgilaEcommerce\system\Model.php(319): CodeIgniter\Database\BaseBuilder->insert()
#5 C:\laragon\www\AgilaEcommerce\system\BaseModel.php(788): CodeIgniter\Model->doInsert(Array)
#6 C:\laragon\www\AgilaEcommerce\system\Model.php(715): CodeIgniter\BaseModel->insert(Array, true)
#7 C:\laragon\www\AgilaEcommerce\app\Controllers\InventoryController.php(59): CodeIgniter\Model->insert(Array)
#8 C:\laragon\www\AgilaEcommerce\system\CodeIgniter.php(942): App\Controllers\InventoryController->add()
#9 C:\laragon\www\AgilaEcommerce\system\CodeIgniter.php(502): CodeIgniter\CodeIgniter->runController(Object(App\Controllers\InventoryController))
#10 C:\laragon\www\AgilaEcommerce\system\CodeIgniter.php(361): CodeIgniter\CodeIgniter->handleRequest(NULL, Object(Config\Cache), false)
#11 C:\laragon\www\AgilaEcommerce\public\index.php(79): CodeIgniter\CodeIgniter->run()
#12 C:\laragon\www\AgilaEcommerce\system\Commands\Server\rewrite.php(47): require_once('C:\\laragon\\www\\...')
#13 {main}
CRITICAL - 2023-12-28 16:08:21 --> Cannot add or update a child row: a foreign key constraint fails (`agiladatabase`.`products`, CONSTRAINT `fk_product_category` FOREIGN KEY (`CategoryID`) REFERENCES `category` (`CategoryID`))
in SYSTEMPATH\Database\BaseConnection.php on line 647.
 1 SYSTEMPATH\Database\BaseBuilder.php(2308): CodeIgniter\Database\BaseConnection->query('INSERT INTO `products` (`ProductName`, `Description`, `Price`, `Quantity`) VALUES (:ProductName:, :Description:, :Price:, :Quantity:)', [...], false)
 2 SYSTEMPATH\Model.php(319): CodeIgniter\Database\BaseBuilder->insert()
 3 SYSTEMPATH\BaseModel.php(788): CodeIgniter\Model->doInsert([...])
 4 SYSTEMPATH\Model.php(715): CodeIgniter\BaseModel->insert([...], true)
 5 APPPATH\Controllers\InventoryController.php(59): CodeIgniter\Model->insert([...])
 6 SYSTEMPATH\CodeIgniter.php(942): App\Controllers\InventoryController->add()
 7 SYSTEMPATH\CodeIgniter.php(502): CodeIgniter\CodeIgniter->runController(Object(App\Controllers\InventoryController))
 8 SYSTEMPATH\CodeIgniter.php(361): CodeIgniter\CodeIgniter->handleRequest(null, Object(Config\Cache), false)
 9 FCPATH\index.php(79): CodeIgniter\CodeIgniter->run()
10 SYSTEMPATH\Commands\Server\rewrite.php(47): require_once('C:\\laragon\\www\\AgilaEcommerce\\public\\index.php')
