CRITICAL - 2024-03-04 11:44:45 --> session_start(): Failed to decode session object. Session has been destroyed
in SYSTEMPATH\Session\Session.php on line 919.
 1 [internal function]: CodeIgniter\Debug\Exceptions->errorHandler(2, 'session_start(): Failed to decode session object. Session has been destroyed', 'C:\\laragon\\www\\AgilaEcommerce\\system\\Session\\Session.php', 919)
 2 SYSTEMPATH\Session\Session.php(919): session_start()
 3 SYSTEMPATH\Session\Session.php(241): CodeIgniter\Session\Session->startSession()
 4 SYSTEMPATH\Config\Services.php(693): CodeIgniter\Session\Session->start()
 5 SYSTEMPATH\Config\BaseService.php(258): CodeIgniter\Config\Services::session(Object(Config\Session), false)
 6 SYSTEMPATH\Config\BaseService.php(199): CodeIgniter\Config\BaseService::__callStatic('session', [...])
 7 SYSTEMPATH\Config\Services.php(664): CodeIgniter\Config\BaseService::getSharedInstance('session', null)
 8 SYSTEMPATH\Config\BaseService.php(258): CodeIgniter\Config\Services::session()
 9 APPPATH\Controllers\UserController.php(19): CodeIgniter\Config\BaseService::__callStatic('session', [])
10 SYSTEMPATH\CodeIgniter.php(914): App\Controllers\UserController->__construct()
11 SYSTEMPATH\CodeIgniter.php(493): CodeIgniter\CodeIgniter->createController()
12 SYSTEMPATH\CodeIgniter.php(361): CodeIgniter\CodeIgniter->handleRequest(null, Object(Config\Cache), false)
13 FCPATH\index.php(79): CodeIgniter\CodeIgniter->run()
14 SYSTEMPATH\Commands\Server\rewrite.php(47): require_once('C:\\laragon\\www\\AgilaEcommerce\\public\\index.php')
CRITICAL - 2024-03-04 11:45:45 --> Undefined array key "ProductImage"
in APPPATH\Views\website\cart.php on line 168.
 1 APPPATH\Views\website\cart.php(168): CodeIgniter\Debug\Exceptions->errorHandler(2, 'Undefined array key "ProductImage"', 'C:\\laragon\\www\\AgilaEcommerce\\app\\Views\\website\\cart.php', 168)
 2 SYSTEMPATH\View\View.php(228): include('C:\\laragon\\www\\AgilaEcommerce\\app\\Views\\website\\cart.php')
 3 SYSTEMPATH\View\View.php(231): CodeIgniter\View\View->CodeIgniter\View\{closure}()
 4 SYSTEMPATH\Common.php(1190): CodeIgniter\View\View->render('website/cart', [], true)
 5 APPPATH\Controllers\WebController.php(51): view('website/cart', [...])
 6 SYSTEMPATH\CodeIgniter.php(942): App\Controllers\WebController->cart()
 7 SYSTEMPATH\CodeIgniter.php(502): CodeIgniter\CodeIgniter->runController(Object(App\Controllers\WebController))
 8 SYSTEMPATH\CodeIgniter.php(361): CodeIgniter\CodeIgniter->handleRequest(null, Object(Config\Cache), false)
 9 FCPATH\index.php(79): CodeIgniter\CodeIgniter->run()
10 SYSTEMPATH\Commands\Server\rewrite.php(47): require_once('C:\\laragon\\www\\AgilaEcommerce\\public\\index.php')
CRITICAL - 2024-03-04 11:49:54 --> Undefined array key "ProductImage"
in APPPATH\Views\website\cart.php on line 168.
 1 APPPATH\Views\website\cart.php(168): CodeIgniter\Debug\Exceptions->errorHandler(2, 'Undefined array key "ProductImage"', 'C:\\laragon\\www\\AgilaEcommerce\\app\\Views\\website\\cart.php', 168)
 2 SYSTEMPATH\View\View.php(228): include('C:\\laragon\\www\\AgilaEcommerce\\app\\Views\\website\\cart.php')
 3 SYSTEMPATH\View\View.php(231): CodeIgniter\View\View->CodeIgniter\View\{closure}()
 4 SYSTEMPATH\Common.php(1190): CodeIgniter\View\View->render('website/cart', [], true)
 5 APPPATH\Controllers\WebController.php(57): view('website/cart', [...])
 6 SYSTEMPATH\CodeIgniter.php(942): App\Controllers\WebController->cart()
 7 SYSTEMPATH\CodeIgniter.php(502): CodeIgniter\CodeIgniter->runController(Object(App\Controllers\WebController))
 8 SYSTEMPATH\CodeIgniter.php(361): CodeIgniter\CodeIgniter->handleRequest(null, Object(Config\Cache), false)
 9 FCPATH\index.php(79): CodeIgniter\CodeIgniter->run()
10 SYSTEMPATH\Commands\Server\rewrite.php(47): require_once('C:\\laragon\\www\\AgilaEcommerce\\public\\index.php')
CRITICAL - 2024-03-04 11:49:55 --> Undefined array key "ProductImage"
in APPPATH\Views\website\cart.php on line 168.
 1 APPPATH\Views\website\cart.php(168): CodeIgniter\Debug\Exceptions->errorHandler(2, 'Undefined array key "ProductImage"', 'C:\\laragon\\www\\AgilaEcommerce\\app\\Views\\website\\cart.php', 168)
 2 SYSTEMPATH\View\View.php(228): include('C:\\laragon\\www\\AgilaEcommerce\\app\\Views\\website\\cart.php')
 3 SYSTEMPATH\View\View.php(231): CodeIgniter\View\View->CodeIgniter\View\{closure}()
 4 SYSTEMPATH\Common.php(1190): CodeIgniter\View\View->render('website/cart', [], true)
 5 APPPATH\Controllers\WebController.php(57): view('website/cart', [...])
 6 SYSTEMPATH\CodeIgniter.php(942): App\Controllers\WebController->cart()
 7 SYSTEMPATH\CodeIgniter.php(502): CodeIgniter\CodeIgniter->runController(Object(App\Controllers\WebController))
 8 SYSTEMPATH\CodeIgniter.php(361): CodeIgniter\CodeIgniter->handleRequest(null, Object(Config\Cache), false)
 9 FCPATH\index.php(79): CodeIgniter\CodeIgniter->run()
10 SYSTEMPATH\Commands\Server\rewrite.php(47): require_once('C:\\laragon\\www\\AgilaEcommerce\\public\\index.php')
CRITICAL - 2024-03-04 11:49:55 --> Undefined array key "ProductImage"
in APPPATH\Views\website\cart.php on line 168.
 1 APPPATH\Views\website\cart.php(168): CodeIgniter\Debug\Exceptions->errorHandler(2, 'Undefined array key "ProductImage"', 'C:\\laragon\\www\\AgilaEcommerce\\app\\Views\\website\\cart.php', 168)
 2 SYSTEMPATH\View\View.php(228): include('C:\\laragon\\www\\AgilaEcommerce\\app\\Views\\website\\cart.php')
 3 SYSTEMPATH\View\View.php(231): CodeIgniter\View\View->CodeIgniter\View\{closure}()
 4 SYSTEMPATH\Common.php(1190): CodeIgniter\View\View->render('website/cart', [], true)
 5 APPPATH\Controllers\WebController.php(57): view('website/cart', [...])
 6 SYSTEMPATH\CodeIgniter.php(942): App\Controllers\WebController->cart()
 7 SYSTEMPATH\CodeIgniter.php(502): CodeIgniter\CodeIgniter->runController(Object(App\Controllers\WebController))
 8 SYSTEMPATH\CodeIgniter.php(361): CodeIgniter\CodeIgniter->handleRequest(null, Object(Config\Cache), false)
 9 FCPATH\index.php(79): CodeIgniter\CodeIgniter->run()
10 SYSTEMPATH\Commands\Server\rewrite.php(47): require_once('C:\\laragon\\www\\AgilaEcommerce\\public\\index.php')
CRITICAL - 2024-03-04 11:49:56 --> Undefined array key "ProductImage"
in APPPATH\Views\website\cart.php on line 168.
 1 APPPATH\Views\website\cart.php(168): CodeIgniter\Debug\Exceptions->errorHandler(2, 'Undefined array key "ProductImage"', 'C:\\laragon\\www\\AgilaEcommerce\\app\\Views\\website\\cart.php', 168)
 2 SYSTEMPATH\View\View.php(228): include('C:\\laragon\\www\\AgilaEcommerce\\app\\Views\\website\\cart.php')
 3 SYSTEMPATH\View\View.php(231): CodeIgniter\View\View->CodeIgniter\View\{closure}()
 4 SYSTEMPATH\Common.php(1190): CodeIgniter\View\View->render('website/cart', [], true)
 5 APPPATH\Controllers\WebController.php(57): view('website/cart', [...])
 6 SYSTEMPATH\CodeIgniter.php(942): App\Controllers\WebController->cart()
 7 SYSTEMPATH\CodeIgniter.php(502): CodeIgniter\CodeIgniter->runController(Object(App\Controllers\WebController))
 8 SYSTEMPATH\CodeIgniter.php(361): CodeIgniter\CodeIgniter->handleRequest(null, Object(Config\Cache), false)
 9 FCPATH\index.php(79): CodeIgniter\CodeIgniter->run()
10 SYSTEMPATH\Commands\Server\rewrite.php(47): require_once('C:\\laragon\\www\\AgilaEcommerce\\public\\index.php')
CRITICAL - 2024-03-04 11:49:56 --> Undefined array key "ProductImage"
in APPPATH\Views\website\cart.php on line 168.
 1 APPPATH\Views\website\cart.php(168): CodeIgniter\Debug\Exceptions->errorHandler(2, 'Undefined array key "ProductImage"', 'C:\\laragon\\www\\AgilaEcommerce\\app\\Views\\website\\cart.php', 168)
 2 SYSTEMPATH\View\View.php(228): include('C:\\laragon\\www\\AgilaEcommerce\\app\\Views\\website\\cart.php')
 3 SYSTEMPATH\View\View.php(231): CodeIgniter\View\View->CodeIgniter\View\{closure}()
 4 SYSTEMPATH\Common.php(1190): CodeIgniter\View\View->render('website/cart', [], true)
 5 APPPATH\Controllers\WebController.php(57): view('website/cart', [...])
 6 SYSTEMPATH\CodeIgniter.php(942): App\Controllers\WebController->cart()
 7 SYSTEMPATH\CodeIgniter.php(502): CodeIgniter\CodeIgniter->runController(Object(App\Controllers\WebController))
 8 SYSTEMPATH\CodeIgniter.php(361): CodeIgniter\CodeIgniter->handleRequest(null, Object(Config\Cache), false)
 9 FCPATH\index.php(79): CodeIgniter\CodeIgniter->run()
10 SYSTEMPATH\Commands\Server\rewrite.php(47): require_once('C:\\laragon\\www\\AgilaEcommerce\\public\\index.php')
CRITICAL - 2024-03-04 11:50:49 --> Undefined array key "ImageURL"
in APPPATH\Views\website\cart.php on line 168.
 1 APPPATH\Views\website\cart.php(168): CodeIgniter\Debug\Exceptions->errorHandler(2, 'Undefined array key "ImageURL"', 'C:\\laragon\\www\\AgilaEcommerce\\app\\Views\\website\\cart.php', 168)
 2 SYSTEMPATH\View\View.php(228): include('C:\\laragon\\www\\AgilaEcommerce\\app\\Views\\website\\cart.php')
 3 SYSTEMPATH\View\View.php(231): CodeIgniter\View\View->CodeIgniter\View\{closure}()
 4 SYSTEMPATH\Common.php(1190): CodeIgniter\View\View->render('website/cart', [], true)
 5 APPPATH\Controllers\WebController.php(57): view('website/cart', [...])
 6 SYSTEMPATH\CodeIgniter.php(942): App\Controllers\WebController->cart()
 7 SYSTEMPATH\CodeIgniter.php(502): CodeIgniter\CodeIgniter->runController(Object(App\Controllers\WebController))
 8 SYSTEMPATH\CodeIgniter.php(361): CodeIgniter\CodeIgniter->handleRequest(null, Object(Config\Cache), false)
 9 FCPATH\index.php(79): CodeIgniter\CodeIgniter->run()
10 SYSTEMPATH\Commands\Server\rewrite.php(47): require_once('C:\\laragon\\www\\AgilaEcommerce\\public\\index.php')
CRITICAL - 2024-03-04 11:51:04 --> Undefined array key "ImageURL"
in APPPATH\Views\website\cart.php on line 168.
 1 APPPATH\Views\website\cart.php(168): CodeIgniter\Debug\Exceptions->errorHandler(2, 'Undefined array key "ImageURL"', 'C:\\laragon\\www\\AgilaEcommerce\\app\\Views\\website\\cart.php', 168)
 2 SYSTEMPATH\View\View.php(228): include('C:\\laragon\\www\\AgilaEcommerce\\app\\Views\\website\\cart.php')
 3 SYSTEMPATH\View\View.php(231): CodeIgniter\View\View->CodeIgniter\View\{closure}()
 4 SYSTEMPATH\Common.php(1190): CodeIgniter\View\View->render('website/cart', [], true)
 5 APPPATH\Controllers\WebController.php(57): view('website/cart', [...])
 6 SYSTEMPATH\CodeIgniter.php(942): App\Controllers\WebController->cart()
 7 SYSTEMPATH\CodeIgniter.php(502): CodeIgniter\CodeIgniter->runController(Object(App\Controllers\WebController))
 8 SYSTEMPATH\CodeIgniter.php(361): CodeIgniter\CodeIgniter->handleRequest(null, Object(Config\Cache), false)
 9 FCPATH\index.php(79): CodeIgniter\CodeIgniter->run()
10 SYSTEMPATH\Commands\Server\rewrite.php(47): require_once('C:\\laragon\\www\\AgilaEcommerce\\public\\index.php')
CRITICAL - 2024-03-04 11:52:18 --> Undefined array key "ImageURL"
in APPPATH\Views\website\cart.php on line 168.
 1 APPPATH\Views\website\cart.php(168): CodeIgniter\Debug\Exceptions->errorHandler(2, 'Undefined array key "ImageURL"', 'C:\\laragon\\www\\AgilaEcommerce\\app\\Views\\website\\cart.php', 168)
 2 SYSTEMPATH\View\View.php(228): include('C:\\laragon\\www\\AgilaEcommerce\\app\\Views\\website\\cart.php')
 3 SYSTEMPATH\View\View.php(231): CodeIgniter\View\View->CodeIgniter\View\{closure}()
 4 SYSTEMPATH\Common.php(1190): CodeIgniter\View\View->render('website/cart', [], true)
 5 APPPATH\Controllers\WebController.php(57): view('website/cart', [...])
 6 SYSTEMPATH\CodeIgniter.php(942): App\Controllers\WebController->cart()
 7 SYSTEMPATH\CodeIgniter.php(502): CodeIgniter\CodeIgniter->runController(Object(App\Controllers\WebController))
 8 SYSTEMPATH\CodeIgniter.php(361): CodeIgniter\CodeIgniter->handleRequest(null, Object(Config\Cache), false)
 9 FCPATH\index.php(79): CodeIgniter\CodeIgniter->run()
10 SYSTEMPATH\Commands\Server\rewrite.php(47): require_once('C:\\laragon\\www\\AgilaEcommerce\\public\\index.php')
CRITICAL - 2024-03-04 11:52:40 --> Undefined array key "ImageURL"
in APPPATH\Views\website\cart.php on line 168.
 1 APPPATH\Views\website\cart.php(168): CodeIgniter\Debug\Exceptions->errorHandler(2, 'Undefined array key "ImageURL"', 'C:\\laragon\\www\\AgilaEcommerce\\app\\Views\\website\\cart.php', 168)
 2 SYSTEMPATH\View\View.php(228): include('C:\\laragon\\www\\AgilaEcommerce\\app\\Views\\website\\cart.php')
 3 SYSTEMPATH\View\View.php(231): CodeIgniter\View\View->CodeIgniter\View\{closure}()
 4 SYSTEMPATH\Common.php(1190): CodeIgniter\View\View->render('website/cart', [], true)
 5 APPPATH\Controllers\WebController.php(57): view('website/cart', [...])
 6 SYSTEMPATH\CodeIgniter.php(942): App\Controllers\WebController->cart()
 7 SYSTEMPATH\CodeIgniter.php(502): CodeIgniter\CodeIgniter->runController(Object(App\Controllers\WebController))
 8 SYSTEMPATH\CodeIgniter.php(361): CodeIgniter\CodeIgniter->handleRequest(null, Object(Config\Cache), false)
 9 FCPATH\index.php(79): CodeIgniter\CodeIgniter->run()
10 SYSTEMPATH\Commands\Server\rewrite.php(47): require_once('C:\\laragon\\www\\AgilaEcommerce\\public\\index.php')
CRITICAL - 2024-03-04 11:52:53 --> Undefined variable $prod
in APPPATH\Views\website\cart.php on line 168.
 1 APPPATH\Views\website\cart.php(168): CodeIgniter\Debug\Exceptions->errorHandler(2, 'Undefined variable $prod', 'C:\\laragon\\www\\AgilaEcommerce\\app\\Views\\website\\cart.php', 168)
 2 SYSTEMPATH\View\View.php(228): include('C:\\laragon\\www\\AgilaEcommerce\\app\\Views\\website\\cart.php')
 3 SYSTEMPATH\View\View.php(231): CodeIgniter\View\View->CodeIgniter\View\{closure}()
 4 SYSTEMPATH\Common.php(1190): CodeIgniter\View\View->render('website/cart', [], true)
 5 APPPATH\Controllers\WebController.php(57): view('website/cart', [...])
 6 SYSTEMPATH\CodeIgniter.php(942): App\Controllers\WebController->cart()
 7 SYSTEMPATH\CodeIgniter.php(502): CodeIgniter\CodeIgniter->runController(Object(App\Controllers\WebController))
 8 SYSTEMPATH\CodeIgniter.php(361): CodeIgniter\CodeIgniter->handleRequest(null, Object(Config\Cache), false)
 9 FCPATH\index.php(79): CodeIgniter\CodeIgniter->run()
10 SYSTEMPATH\Commands\Server\rewrite.php(47): require_once('C:\\laragon\\www\\AgilaEcommerce\\public\\index.php')
CRITICAL - 2024-03-04 12:39:14 --> Undefined variable $currentPage
in APPPATH\Views\layout\main.php on line 41.
 1 APPPATH\Views\layout\main.php(41): CodeIgniter\Debug\Exceptions->errorHandler(2, 'Undefined variable $currentPage', 'C:\\laragon\\www\\AgilaEcommerce\\app\\Views\\layout\\main.php', 41)
 2 SYSTEMPATH\View\View.php(228): include('C:\\laragon\\www\\AgilaEcommerce\\app\\Views\\layout\\main.php')
 3 SYSTEMPATH\View\View.php(231): CodeIgniter\View\View->CodeIgniter\View\{closure}()
 4 SYSTEMPATH\View\View.php(244): CodeIgniter\View\View->render('layout/main', [], true)
 5 SYSTEMPATH\Common.php(1190): CodeIgniter\View\View->render('products/list', [], true)
 6 APPPATH\Controllers\InventoryController.php(99): view('products/list', [...])
 7 SYSTEMPATH\CodeIgniter.php(942): App\Controllers\InventoryController->index()
 8 SYSTEMPATH\CodeIgniter.php(502): CodeIgniter\CodeIgniter->runController(Object(App\Controllers\InventoryController))
 9 SYSTEMPATH\CodeIgniter.php(361): CodeIgniter\CodeIgniter->handleRequest(null, Object(Config\Cache), false)
10 FCPATH\index.php(79): CodeIgniter\CodeIgniter->run()
11 SYSTEMPATH\Commands\Server\rewrite.php(47): require_once('C:\\laragon\\www\\AgilaEcommerce\\public\\index.php')
CRITICAL - 2024-03-04 12:41:29 --> Undefined variable $currentPage
in APPPATH\Views\layout\main.php on line 41.
 1 APPPATH\Views\layout\main.php(41): CodeIgniter\Debug\Exceptions->errorHandler(2, 'Undefined variable $currentPage', 'C:\\laragon\\www\\AgilaEcommerce\\app\\Views\\layout\\main.php', 41)
 2 SYSTEMPATH\View\View.php(228): include('C:\\laragon\\www\\AgilaEcommerce\\app\\Views\\layout\\main.php')
 3 SYSTEMPATH\View\View.php(231): CodeIgniter\View\View->CodeIgniter\View\{closure}()
 4 SYSTEMPATH\View\View.php(244): CodeIgniter\View\View->render('layout/main', [], true)
 5 SYSTEMPATH\Common.php(1190): CodeIgniter\View\View->render('products/list', [], true)
 6 APPPATH\Controllers\InventoryController.php(99): view('products/list', [...])
 7 SYSTEMPATH\CodeIgniter.php(942): App\Controllers\InventoryController->index()
 8 SYSTEMPATH\CodeIgniter.php(502): CodeIgniter\CodeIgniter->runController(Object(App\Controllers\InventoryController))
 9 SYSTEMPATH\CodeIgniter.php(361): CodeIgniter\CodeIgniter->handleRequest(null, Object(Config\Cache), false)
10 FCPATH\index.php(79): CodeIgniter\CodeIgniter->run()
11 SYSTEMPATH\Commands\Server\rewrite.php(47): require_once('C:\\laragon\\www\\AgilaEcommerce\\public\\index.php')
CRITICAL - 2024-03-04 12:41:42 --> Undefined variable $currentPage
in APPPATH\Views\layout\main.php on line 41.
 1 APPPATH\Views\layout\main.php(41): CodeIgniter\Debug\Exceptions->errorHandler(2, 'Undefined variable $currentPage', 'C:\\laragon\\www\\AgilaEcommerce\\app\\Views\\layout\\main.php', 41)
 2 SYSTEMPATH\View\View.php(228): include('C:\\laragon\\www\\AgilaEcommerce\\app\\Views\\layout\\main.php')
 3 SYSTEMPATH\View\View.php(231): CodeIgniter\View\View->CodeIgniter\View\{closure}()
 4 SYSTEMPATH\View\View.php(244): CodeIgniter\View\View->render('layout/main', [], true)
 5 SYSTEMPATH\Common.php(1190): CodeIgniter\View\View->render('products/list', [], true)
 6 APPPATH\Controllers\InventoryController.php(99): view('products/list', [...])
 7 SYSTEMPATH\CodeIgniter.php(942): App\Controllers\InventoryController->index()
 8 SYSTEMPATH\CodeIgniter.php(502): CodeIgniter\CodeIgniter->runController(Object(App\Controllers\InventoryController))
 9 SYSTEMPATH\CodeIgniter.php(361): CodeIgniter\CodeIgniter->handleRequest(null, Object(Config\Cache), false)
10 FCPATH\index.php(79): CodeIgniter\CodeIgniter->run()
11 SYSTEMPATH\Commands\Server\rewrite.php(47): require_once('C:\\laragon\\www\\AgilaEcommerce\\public\\index.php')
CRITICAL - 2024-03-04 13:43:47 --> Invalid file: "/.php"
in SYSTEMPATH\Exceptions\FrameworkException.php on line 39.
 1 SYSTEMPATH\View\View.php(216): CodeIgniter\Exceptions\FrameworkException::forInvalidFile('/.php')
 2 SYSTEMPATH\Common.php(1190): CodeIgniter\View\View->render('/', [], true)
 3 APPPATH\Controllers\UserController.php(64): view('/')
 4 SYSTEMPATH\CodeIgniter.php(942): App\Controllers\UserController->logout()
 5 SYSTEMPATH\CodeIgniter.php(502): CodeIgniter\CodeIgniter->runController(Object(App\Controllers\UserController))
 6 SYSTEMPATH\CodeIgniter.php(361): CodeIgniter\CodeIgniter->handleRequest(null, Object(Config\Cache), false)
 7 FCPATH\index.php(79): CodeIgniter\CodeIgniter->run()
 8 SYSTEMPATH\Commands\Server\rewrite.php(47): require_once('C:\\laragon\\www\\AgilaEcommerce\\public\\index.php')
