ERROR - 2024-04-04 02:33:51 --> Error connecting to the database: mysqli_sql_exception: No connection could be made because the target machine actively refused it in C:\laragon\www\AgilaEcommerce\system\Database\MySQLi\Connection.php:185
Stack trace:
#0 C:\laragon\www\AgilaEcommerce\system\Database\MySQLi\Connection.php(185): mysqli->real_connect('localhost', 'root', '', 'agiladatabase', 3306, '', 0)
#1 C:\laragon\www\AgilaEcommerce\system\Database\BaseConnection.php(392): CodeIgniter\Database\MySQLi\Connection->connect(false)
#2 C:\laragon\www\AgilaEcommerce\system\Database\BaseConnection.php(575): CodeIgniter\Database\BaseConnection->initialize()
#3 C:\laragon\www\AgilaEcommerce\system\Database\BaseBuilder.php(1615): CodeIgniter\Database\BaseConnection->query('SELECT *\nFROM `...', Array, false)
#4 C:\laragon\www\AgilaEcommerce\system\Model.php(237): CodeIgniter\Database\BaseBuilder->get()
#5 C:\laragon\www\AgilaEcommerce\system\BaseModel.php(624): CodeIgniter\Model->doFindAll(0, 0)
#6 C:\laragon\www\AgilaEcommerce\app\Controllers\InventoryController.php(23): CodeIgniter\BaseModel->findAll()
#7 C:\laragon\www\AgilaEcommerce\system\CodeIgniter.php(942): App\Controllers\InventoryController->index()
#8 C:\laragon\www\AgilaEcommerce\system\CodeIgniter.php(502): CodeIgniter\CodeIgniter->runController(Object(App\Controllers\InventoryController))
#9 C:\laragon\www\AgilaEcommerce\system\CodeIgniter.php(361): CodeIgniter\CodeIgniter->handleRequest(NULL, Object(Config\Cache), false)
#10 C:\laragon\www\AgilaEcommerce\public\index.php(79): CodeIgniter\CodeIgniter->run()
#11 C:\laragon\www\AgilaEcommerce\system\Commands\Server\rewrite.php(47): require_once('C:\\laragon\\www\\...')
#12 {main}

Next CodeIgniter\Database\Exceptions\DatabaseException: No connection could be made because the target machine actively refused it in C:\laragon\www\AgilaEcommerce\system\Database\MySQLi\Connection.php:229
Stack trace:
#0 C:\laragon\www\AgilaEcommerce\system\Database\BaseConnection.php(392): CodeIgniter\Database\MySQLi\Connection->connect(false)
#1 C:\laragon\www\AgilaEcommerce\system\Database\BaseConnection.php(575): CodeIgniter\Database\BaseConnection->initialize()
#2 C:\laragon\www\AgilaEcommerce\system\Database\BaseBuilder.php(1615): CodeIgniter\Database\BaseConnection->query('SELECT *\nFROM `...', Array, false)
#3 C:\laragon\www\AgilaEcommerce\system\Model.php(237): CodeIgniter\Database\BaseBuilder->get()
#4 C:\laragon\www\AgilaEcommerce\system\BaseModel.php(624): CodeIgniter\Model->doFindAll(0, 0)
#5 C:\laragon\www\AgilaEcommerce\app\Controllers\InventoryController.php(23): CodeIgniter\BaseModel->findAll()
#6 C:\laragon\www\AgilaEcommerce\system\CodeIgniter.php(942): App\Controllers\InventoryController->index()
#7 C:\laragon\www\AgilaEcommerce\system\CodeIgniter.php(502): CodeIgniter\CodeIgniter->runController(Object(App\Controllers\InventoryController))
#8 C:\laragon\www\AgilaEcommerce\system\CodeIgniter.php(361): CodeIgniter\CodeIgniter->handleRequest(NULL, Object(Config\Cache), false)
#9 C:\laragon\www\AgilaEcommerce\public\index.php(79): CodeIgniter\CodeIgniter->run()
#10 C:\laragon\www\AgilaEcommerce\system\Commands\Server\rewrite.php(47): require_once('C:\\laragon\\www\\...')
#11 {main}
CRITICAL - 2024-04-04 02:33:51 --> Unable to connect to the database.
Main connection [MySQLi]: No connection could be made because the target machine actively refused it
in SYSTEMPATH\Database\BaseConnection.php on line 428.
 1 SYSTEMPATH\Database\BaseConnection.php(575): CodeIgniter\Database\BaseConnection->initialize()
 2 SYSTEMPATH\Database\BaseBuilder.php(1615): CodeIgniter\Database\BaseConnection->query('SELECT *
FROM `products`', [], false)
 3 SYSTEMPATH\Model.php(237): CodeIgniter\Database\BaseBuilder->get()
 4 SYSTEMPATH\BaseModel.php(624): CodeIgniter\Model->doFindAll(0, 0)
 5 APPPATH\Controllers\InventoryController.php(23): CodeIgniter\BaseModel->findAll()
 6 SYSTEMPATH\CodeIgniter.php(942): App\Controllers\InventoryController->index()
 7 SYSTEMPATH\CodeIgniter.php(502): CodeIgniter\CodeIgniter->runController(Object(App\Controllers\InventoryController))
 8 SYSTEMPATH\CodeIgniter.php(361): CodeIgniter\CodeIgniter->handleRequest(null, Object(Config\Cache), false)
 9 FCPATH\index.php(79): CodeIgniter\CodeIgniter->run()
10 SYSTEMPATH\Commands\Server\rewrite.php(47): require_once('C:\\laragon\\www\\AgilaEcommerce\\public\\index.php')
CRITICAL - 2024-04-04 03:12:37 --> You need to install the imagick extension to use this back end
in VENDORPATH\bacon\bacon-qr-code\src\Renderer\Image\ImagickImageBackEnd.php on line 64.
 1 VENDORPATH\simplesoftwareio\simple-qrcode\src\Generator.php(464): BaconQrCode\Renderer\Image\ImagickImageBackEnd->__construct('png')
 2 VENDORPATH\simplesoftwareio\simple-qrcode\src\Generator.php(440): SimpleSoftwareIO\QrCode\Generator->getFormatter()
 3 VENDORPATH\simplesoftwareio\simple-qrcode\src\Generator.php(171): SimpleSoftwareIO\QrCode\Generator->getRenderer()
 4 APPPATH\Controllers\QrCodeController.php(37): SimpleSoftwareIO\QrCode\Generator->generate('http://localhost:8080/cart/add/1')
 5 APPPATH\Controllers\QrCodeController.php(25): App\Controllers\QrCodeController->generateQrCode('http://localhost:8080/cart/add/1')
 6 SYSTEMPATH\CodeIgniter.php(942): App\Controllers\QrCodeController->generateAddToCartQR('1')
 7 SYSTEMPATH\CodeIgniter.php(502): CodeIgniter\CodeIgniter->runController(Object(App\Controllers\QrCodeController))
 8 SYSTEMPATH\CodeIgniter.php(361): CodeIgniter\CodeIgniter->handleRequest(null, Object(Config\Cache), false)
 9 FCPATH\index.php(79): CodeIgniter\CodeIgniter->run()
10 SYSTEMPATH\Commands\Server\rewrite.php(47): require_once('C:\\laragon\\www\\AgilaEcommerce\\public\\index.php')
CRITICAL - 2024-04-04 03:20:30 --> You need to install the imagick extension to use this back end
in VENDORPATH\bacon\bacon-qr-code\src\Renderer\Image\ImagickImageBackEnd.php on line 64.
 1 VENDORPATH\simplesoftwareio\simple-qrcode\src\Generator.php(464): BaconQrCode\Renderer\Image\ImagickImageBackEnd->__construct('png')
 2 VENDORPATH\simplesoftwareio\simple-qrcode\src\Generator.php(440): SimpleSoftwareIO\QrCode\Generator->getFormatter()
 3 VENDORPATH\simplesoftwareio\simple-qrcode\src\Generator.php(171): SimpleSoftwareIO\QrCode\Generator->getRenderer()
 4 APPPATH\Controllers\QrCodeController.php(37): SimpleSoftwareIO\QrCode\Generator->generate('http://localhost:8080/cart/add/1')
 5 APPPATH\Controllers\QrCodeController.php(25): App\Controllers\QrCodeController->generateQrCode('http://localhost:8080/cart/add/1')
 6 SYSTEMPATH\CodeIgniter.php(942): App\Controllers\QrCodeController->generateAddToCartQR('1')
 7 SYSTEMPATH\CodeIgniter.php(502): CodeIgniter\CodeIgniter->runController(Object(App\Controllers\QrCodeController))
 8 SYSTEMPATH\CodeIgniter.php(361): CodeIgniter\CodeIgniter->handleRequest(null, Object(Config\Cache), false)
 9 FCPATH\index.php(79): CodeIgniter\CodeIgniter->run()
10 SYSTEMPATH\Commands\Server\rewrite.php(47): require_once('C:\\laragon\\www\\AgilaEcommerce\\public\\index.php')
CRITICAL - 2024-04-04 03:20:40 --> You need to install the imagick extension to use this back end
in VENDORPATH\bacon\bacon-qr-code\src\Renderer\Image\ImagickImageBackEnd.php on line 64.
 1 VENDORPATH\simplesoftwareio\simple-qrcode\src\Generator.php(464): BaconQrCode\Renderer\Image\ImagickImageBackEnd->__construct('png')
 2 VENDORPATH\simplesoftwareio\simple-qrcode\src\Generator.php(440): SimpleSoftwareIO\QrCode\Generator->getFormatter()
 3 VENDORPATH\simplesoftwareio\simple-qrcode\src\Generator.php(171): SimpleSoftwareIO\QrCode\Generator->getRenderer()
 4 APPPATH\Controllers\QrCodeController.php(37): SimpleSoftwareIO\QrCode\Generator->generate('http://localhost:8080/cart/add/1')
 5 APPPATH\Controllers\QrCodeController.php(25): App\Controllers\QrCodeController->generateQrCode('http://localhost:8080/cart/add/1')
 6 SYSTEMPATH\CodeIgniter.php(942): App\Controllers\QrCodeController->generateAddToCartQR('1')
 7 SYSTEMPATH\CodeIgniter.php(502): CodeIgniter\CodeIgniter->runController(Object(App\Controllers\QrCodeController))
 8 SYSTEMPATH\CodeIgniter.php(361): CodeIgniter\CodeIgniter->handleRequest(null, Object(Config\Cache), false)
 9 FCPATH\index.php(79): CodeIgniter\CodeIgniter->run()
10 SYSTEMPATH\Commands\Server\rewrite.php(47): require_once('C:\\laragon\\www\\AgilaEcommerce\\public\\index.php')
CRITICAL - 2024-04-04 03:21:00 --> You need to install the imagick extension to use this back end
in VENDORPATH\bacon\bacon-qr-code\src\Renderer\Image\ImagickImageBackEnd.php on line 64.
 1 VENDORPATH\simplesoftwareio\simple-qrcode\src\Generator.php(464): BaconQrCode\Renderer\Image\ImagickImageBackEnd->__construct('png')
 2 VENDORPATH\simplesoftwareio\simple-qrcode\src\Generator.php(440): SimpleSoftwareIO\QrCode\Generator->getFormatter()
 3 VENDORPATH\simplesoftwareio\simple-qrcode\src\Generator.php(171): SimpleSoftwareIO\QrCode\Generator->getRenderer()
 4 APPPATH\Controllers\QrCodeController.php(37): SimpleSoftwareIO\QrCode\Generator->generate('http://localhost:8080/cart/add/1')
 5 APPPATH\Controllers\QrCodeController.php(25): App\Controllers\QrCodeController->generateQrCode('http://localhost:8080/cart/add/1')
 6 SYSTEMPATH\CodeIgniter.php(942): App\Controllers\QrCodeController->generateAddToCartQR('1')
 7 SYSTEMPATH\CodeIgniter.php(502): CodeIgniter\CodeIgniter->runController(Object(App\Controllers\QrCodeController))
 8 SYSTEMPATH\CodeIgniter.php(361): CodeIgniter\CodeIgniter->handleRequest(null, Object(Config\Cache), false)
 9 FCPATH\index.php(79): CodeIgniter\CodeIgniter->run()
10 SYSTEMPATH\Commands\Server\rewrite.php(47): require_once('C:\\laragon\\www\\AgilaEcommerce\\public\\index.php')
CRITICAL - 2024-04-04 03:22:53 --> You need to install the imagick extension to use this back end
in VENDORPATH\bacon\bacon-qr-code\src\Renderer\Image\ImagickImageBackEnd.php on line 64.
 1 VENDORPATH\simplesoftwareio\simple-qrcode\src\Generator.php(464): BaconQrCode\Renderer\Image\ImagickImageBackEnd->__construct('png')
 2 VENDORPATH\simplesoftwareio\simple-qrcode\src\Generator.php(440): SimpleSoftwareIO\QrCode\Generator->getFormatter()
 3 VENDORPATH\simplesoftwareio\simple-qrcode\src\Generator.php(171): SimpleSoftwareIO\QrCode\Generator->getRenderer()
 4 APPPATH\Controllers\QrCodeController.php(28): SimpleSoftwareIO\QrCode\Generator->generate('http://localhost:8080/cart/add/1')
 5 SYSTEMPATH\CodeIgniter.php(942): App\Controllers\QrCodeController->generateAddToCartQR('1')
 6 SYSTEMPATH\CodeIgniter.php(502): CodeIgniter\CodeIgniter->runController(Object(App\Controllers\QrCodeController))
 7 SYSTEMPATH\CodeIgniter.php(361): CodeIgniter\CodeIgniter->handleRequest(null, Object(Config\Cache), false)
 8 FCPATH\index.php(79): CodeIgniter\CodeIgniter->run()
 9 SYSTEMPATH\Commands\Server\rewrite.php(47): require_once('C:\\laragon\\www\\AgilaEcommerce\\public\\index.php')
CRITICAL - 2024-04-04 03:22:55 --> You need to install the imagick extension to use this back end
in VENDORPATH\bacon\bacon-qr-code\src\Renderer\Image\ImagickImageBackEnd.php on line 64.
 1 VENDORPATH\simplesoftwareio\simple-qrcode\src\Generator.php(464): BaconQrCode\Renderer\Image\ImagickImageBackEnd->__construct('png')
 2 VENDORPATH\simplesoftwareio\simple-qrcode\src\Generator.php(440): SimpleSoftwareIO\QrCode\Generator->getFormatter()
 3 VENDORPATH\simplesoftwareio\simple-qrcode\src\Generator.php(171): SimpleSoftwareIO\QrCode\Generator->getRenderer()
 4 APPPATH\Controllers\QrCodeController.php(28): SimpleSoftwareIO\QrCode\Generator->generate('http://localhost:8080/cart/add/1')
 5 SYSTEMPATH\CodeIgniter.php(942): App\Controllers\QrCodeController->generateAddToCartQR('1')
 6 SYSTEMPATH\CodeIgniter.php(502): CodeIgniter\CodeIgniter->runController(Object(App\Controllers\QrCodeController))
 7 SYSTEMPATH\CodeIgniter.php(361): CodeIgniter\CodeIgniter->handleRequest(null, Object(Config\Cache), false)
 8 FCPATH\index.php(79): CodeIgniter\CodeIgniter->run()
 9 SYSTEMPATH\Commands\Server\rewrite.php(47): require_once('C:\\laragon\\www\\AgilaEcommerce\\public\\index.php')
CRITICAL - 2024-04-04 03:23:20 --> You need to install the imagick extension to use this back end
in VENDORPATH\bacon\bacon-qr-code\src\Renderer\Image\ImagickImageBackEnd.php on line 64.
 1 VENDORPATH\simplesoftwareio\simple-qrcode\src\Generator.php(464): BaconQrCode\Renderer\Image\ImagickImageBackEnd->__construct('png')
 2 VENDORPATH\simplesoftwareio\simple-qrcode\src\Generator.php(440): SimpleSoftwareIO\QrCode\Generator->getFormatter()
 3 VENDORPATH\simplesoftwareio\simple-qrcode\src\Generator.php(171): SimpleSoftwareIO\QrCode\Generator->getRenderer()
 4 APPPATH\Controllers\QrCodeController.php(28): SimpleSoftwareIO\QrCode\Generator->generate('http://localhost:8080/cart/add/1')
 5 SYSTEMPATH\CodeIgniter.php(942): App\Controllers\QrCodeController->generateAddToCartQR('1')
 6 SYSTEMPATH\CodeIgniter.php(502): CodeIgniter\CodeIgniter->runController(Object(App\Controllers\QrCodeController))
 7 SYSTEMPATH\CodeIgniter.php(361): CodeIgniter\CodeIgniter->handleRequest(null, Object(Config\Cache), false)
 8 FCPATH\index.php(79): CodeIgniter\CodeIgniter->run()
 9 SYSTEMPATH\Commands\Server\rewrite.php(47): require_once('C:\\laragon\\www\\AgilaEcommerce\\public\\index.php')
CRITICAL - 2024-04-04 03:23:28 --> You need to install the imagick extension to use this back end
in VENDORPATH\bacon\bacon-qr-code\src\Renderer\Image\ImagickImageBackEnd.php on line 64.
 1 VENDORPATH\simplesoftwareio\simple-qrcode\src\Generator.php(464): BaconQrCode\Renderer\Image\ImagickImageBackEnd->__construct('png')
 2 VENDORPATH\simplesoftwareio\simple-qrcode\src\Generator.php(440): SimpleSoftwareIO\QrCode\Generator->getFormatter()
 3 VENDORPATH\simplesoftwareio\simple-qrcode\src\Generator.php(171): SimpleSoftwareIO\QrCode\Generator->getRenderer()
 4 APPPATH\Controllers\QrCodeController.php(28): SimpleSoftwareIO\QrCode\Generator->generate('http://localhost:8080/cart/add/1')
 5 SYSTEMPATH\CodeIgniter.php(942): App\Controllers\QrCodeController->generateAddToCartQR('1')
 6 SYSTEMPATH\CodeIgniter.php(502): CodeIgniter\CodeIgniter->runController(Object(App\Controllers\QrCodeController))
 7 SYSTEMPATH\CodeIgniter.php(361): CodeIgniter\CodeIgniter->handleRequest(null, Object(Config\Cache), false)
 8 FCPATH\index.php(79): CodeIgniter\CodeIgniter->run()
 9 SYSTEMPATH\Commands\Server\rewrite.php(47): require_once('C:\\laragon\\www\\AgilaEcommerce\\public\\index.php')
CRITICAL - 2024-04-04 03:23:33 --> You need to install the imagick extension to use this back end
in VENDORPATH\bacon\bacon-qr-code\src\Renderer\Image\ImagickImageBackEnd.php on line 64.
 1 VENDORPATH\simplesoftwareio\simple-qrcode\src\Generator.php(464): BaconQrCode\Renderer\Image\ImagickImageBackEnd->__construct('png')
 2 VENDORPATH\simplesoftwareio\simple-qrcode\src\Generator.php(440): SimpleSoftwareIO\QrCode\Generator->getFormatter()
 3 VENDORPATH\simplesoftwareio\simple-qrcode\src\Generator.php(171): SimpleSoftwareIO\QrCode\Generator->getRenderer()
 4 APPPATH\Controllers\QrCodeController.php(28): SimpleSoftwareIO\QrCode\Generator->generate('http://localhost:8080/cart/add/1')
 5 SYSTEMPATH\CodeIgniter.php(942): App\Controllers\QrCodeController->generateAddToCartQR('1')
 6 SYSTEMPATH\CodeIgniter.php(502): CodeIgniter\CodeIgniter->runController(Object(App\Controllers\QrCodeController))
 7 SYSTEMPATH\CodeIgniter.php(361): CodeIgniter\CodeIgniter->handleRequest(null, Object(Config\Cache), false)
 8 FCPATH\index.php(79): CodeIgniter\CodeIgniter->run()
 9 SYSTEMPATH\Commands\Server\rewrite.php(47): require_once('C:\\laragon\\www\\AgilaEcommerce\\public\\index.php')
CRITICAL - 2024-04-04 03:23:40 --> You need to install the imagick extension to use this back end
in VENDORPATH\bacon\bacon-qr-code\src\Renderer\Image\ImagickImageBackEnd.php on line 64.
 1 VENDORPATH\simplesoftwareio\simple-qrcode\src\Generator.php(464): BaconQrCode\Renderer\Image\ImagickImageBackEnd->__construct('png')
 2 VENDORPATH\simplesoftwareio\simple-qrcode\src\Generator.php(440): SimpleSoftwareIO\QrCode\Generator->getFormatter()
 3 VENDORPATH\simplesoftwareio\simple-qrcode\src\Generator.php(171): SimpleSoftwareIO\QrCode\Generator->getRenderer()
 4 APPPATH\Controllers\QrCodeController.php(28): SimpleSoftwareIO\QrCode\Generator->generate('http://localhost:8080/cart/add/1')
 5 SYSTEMPATH\CodeIgniter.php(942): App\Controllers\QrCodeController->generateAddToCartQR('1')
 6 SYSTEMPATH\CodeIgniter.php(502): CodeIgniter\CodeIgniter->runController(Object(App\Controllers\QrCodeController))
 7 SYSTEMPATH\CodeIgniter.php(361): CodeIgniter\CodeIgniter->handleRequest(null, Object(Config\Cache), false)
 8 FCPATH\index.php(79): CodeIgniter\CodeIgniter->run()
 9 SYSTEMPATH\Commands\Server\rewrite.php(47): require_once('C:\\laragon\\www\\AgilaEcommerce\\public\\index.php')
CRITICAL - 2024-04-04 03:23:52 --> You need to install the imagick extension to use this back end
in VENDORPATH\bacon\bacon-qr-code\src\Renderer\Image\ImagickImageBackEnd.php on line 64.
 1 VENDORPATH\simplesoftwareio\simple-qrcode\src\Generator.php(464): BaconQrCode\Renderer\Image\ImagickImageBackEnd->__construct('png')
 2 VENDORPATH\simplesoftwareio\simple-qrcode\src\Generator.php(440): SimpleSoftwareIO\QrCode\Generator->getFormatter()
 3 VENDORPATH\simplesoftwareio\simple-qrcode\src\Generator.php(171): SimpleSoftwareIO\QrCode\Generator->getRenderer()
 4 APPPATH\Controllers\QrCodeController.php(28): SimpleSoftwareIO\QrCode\Generator->generate('http://localhost:8080/cart/add/1')
 5 SYSTEMPATH\CodeIgniter.php(942): App\Controllers\QrCodeController->generateAddToCartQR('1')
 6 SYSTEMPATH\CodeIgniter.php(502): CodeIgniter\CodeIgniter->runController(Object(App\Controllers\QrCodeController))
 7 SYSTEMPATH\CodeIgniter.php(361): CodeIgniter\CodeIgniter->handleRequest(null, Object(Config\Cache), false)
 8 FCPATH\index.php(79): CodeIgniter\CodeIgniter->run()
 9 SYSTEMPATH\Commands\Server\rewrite.php(47): require_once('C:\\laragon\\www\\AgilaEcommerce\\public\\index.php')
CRITICAL - 2024-04-04 03:23:59 --> You need to install the imagick extension to use this back end
in VENDORPATH\bacon\bacon-qr-code\src\Renderer\Image\ImagickImageBackEnd.php on line 64.
 1 VENDORPATH\simplesoftwareio\simple-qrcode\src\Generator.php(464): BaconQrCode\Renderer\Image\ImagickImageBackEnd->__construct('png')
 2 VENDORPATH\simplesoftwareio\simple-qrcode\src\Generator.php(440): SimpleSoftwareIO\QrCode\Generator->getFormatter()
 3 VENDORPATH\simplesoftwareio\simple-qrcode\src\Generator.php(171): SimpleSoftwareIO\QrCode\Generator->getRenderer()
 4 APPPATH\Controllers\QrCodeController.php(28): SimpleSoftwareIO\QrCode\Generator->generate('http://localhost:8080/cart/add/1')
 5 SYSTEMPATH\CodeIgniter.php(942): App\Controllers\QrCodeController->generateAddToCartQR('1')
 6 SYSTEMPATH\CodeIgniter.php(502): CodeIgniter\CodeIgniter->runController(Object(App\Controllers\QrCodeController))
 7 SYSTEMPATH\CodeIgniter.php(361): CodeIgniter\CodeIgniter->handleRequest(null, Object(Config\Cache), false)
 8 FCPATH\index.php(79): CodeIgniter\CodeIgniter->run()
 9 SYSTEMPATH\Commands\Server\rewrite.php(47): require_once('C:\\laragon\\www\\AgilaEcommerce\\public\\index.php')
CRITICAL - 2024-04-04 03:24:08 --> You need to install the imagick extension to use this back end
in VENDORPATH\bacon\bacon-qr-code\src\Renderer\Image\ImagickImageBackEnd.php on line 64.
 1 VENDORPATH\simplesoftwareio\simple-qrcode\src\Generator.php(464): BaconQrCode\Renderer\Image\ImagickImageBackEnd->__construct('png')
 2 VENDORPATH\simplesoftwareio\simple-qrcode\src\Generator.php(440): SimpleSoftwareIO\QrCode\Generator->getFormatter()
 3 VENDORPATH\simplesoftwareio\simple-qrcode\src\Generator.php(171): SimpleSoftwareIO\QrCode\Generator->getRenderer()
 4 APPPATH\Controllers\QrCodeController.php(28): SimpleSoftwareIO\QrCode\Generator->generate('http://localhost:8080/cart/add/1')
 5 SYSTEMPATH\CodeIgniter.php(942): App\Controllers\QrCodeController->generateAddToCartQR('1')
 6 SYSTEMPATH\CodeIgniter.php(502): CodeIgniter\CodeIgniter->runController(Object(App\Controllers\QrCodeController))
 7 SYSTEMPATH\CodeIgniter.php(361): CodeIgniter\CodeIgniter->handleRequest(null, Object(Config\Cache), false)
 8 FCPATH\index.php(79): CodeIgniter\CodeIgniter->run()
 9 SYSTEMPATH\Commands\Server\rewrite.php(47): require_once('C:\\laragon\\www\\AgilaEcommerce\\public\\index.php')
CRITICAL - 2024-04-04 03:24:32 --> You need to install the imagick extension to use this back end
in VENDORPATH\bacon\bacon-qr-code\src\Renderer\Image\ImagickImageBackEnd.php on line 64.
 1 VENDORPATH\simplesoftwareio\simple-qrcode\src\Generator.php(464): BaconQrCode\Renderer\Image\ImagickImageBackEnd->__construct('png')
 2 VENDORPATH\simplesoftwareio\simple-qrcode\src\Generator.php(440): SimpleSoftwareIO\QrCode\Generator->getFormatter()
 3 VENDORPATH\simplesoftwareio\simple-qrcode\src\Generator.php(171): SimpleSoftwareIO\QrCode\Generator->getRenderer()
 4 APPPATH\Controllers\QrCodeController.php(28): SimpleSoftwareIO\QrCode\Generator->generate('http://localhost:8080/cart/add/1')
 5 SYSTEMPATH\CodeIgniter.php(942): App\Controllers\QrCodeController->generateAddToCartQR('1')
 6 SYSTEMPATH\CodeIgniter.php(502): CodeIgniter\CodeIgniter->runController(Object(App\Controllers\QrCodeController))
 7 SYSTEMPATH\CodeIgniter.php(361): CodeIgniter\CodeIgniter->handleRequest(null, Object(Config\Cache), false)
 8 FCPATH\index.php(79): CodeIgniter\CodeIgniter->run()
 9 SYSTEMPATH\Commands\Server\rewrite.php(47): require_once('C:\\laragon\\www\\AgilaEcommerce\\public\\index.php')
CRITICAL - 2024-04-04 03:25:05 --> You need to install the imagick extension to use this back end
in VENDORPATH\bacon\bacon-qr-code\src\Renderer\Image\ImagickImageBackEnd.php on line 64.
 1 VENDORPATH\simplesoftwareio\simple-qrcode\src\Generator.php(464): BaconQrCode\Renderer\Image\ImagickImageBackEnd->__construct('png')
 2 VENDORPATH\simplesoftwareio\simple-qrcode\src\Generator.php(440): SimpleSoftwareIO\QrCode\Generator->getFormatter()
 3 VENDORPATH\simplesoftwareio\simple-qrcode\src\Generator.php(171): SimpleSoftwareIO\QrCode\Generator->getRenderer()
 4 APPPATH\Controllers\QrCodeController.php(28): SimpleSoftwareIO\QrCode\Generator->generate('http://localhost:8080/cart/add/1')
 5 SYSTEMPATH\CodeIgniter.php(942): App\Controllers\QrCodeController->generateAddToCartQR('1')
 6 SYSTEMPATH\CodeIgniter.php(502): CodeIgniter\CodeIgniter->runController(Object(App\Controllers\QrCodeController))
 7 SYSTEMPATH\CodeIgniter.php(361): CodeIgniter\CodeIgniter->handleRequest(null, Object(Config\Cache), false)
 8 FCPATH\index.php(79): CodeIgniter\CodeIgniter->run()
 9 SYSTEMPATH\Commands\Server\rewrite.php(47): require_once('C:\\laragon\\www\\AgilaEcommerce\\public\\index.php')
CRITICAL - 2024-04-04 03:25:19 --> You need to install the imagick extension to use this back end
in VENDORPATH\bacon\bacon-qr-code\src\Renderer\Image\ImagickImageBackEnd.php on line 64.
 1 VENDORPATH\simplesoftwareio\simple-qrcode\src\Generator.php(464): BaconQrCode\Renderer\Image\ImagickImageBackEnd->__construct('png')
 2 VENDORPATH\simplesoftwareio\simple-qrcode\src\Generator.php(440): SimpleSoftwareIO\QrCode\Generator->getFormatter()
 3 VENDORPATH\simplesoftwareio\simple-qrcode\src\Generator.php(171): SimpleSoftwareIO\QrCode\Generator->getRenderer()
 4 APPPATH\Controllers\QrCodeController.php(37): SimpleSoftwareIO\QrCode\Generator->generate('http://localhost:8080/cart/add/1')
 5 APPPATH\Controllers\QrCodeController.php(25): App\Controllers\QrCodeController->generateQrCode('http://localhost:8080/cart/add/1')
 6 SYSTEMPATH\CodeIgniter.php(942): App\Controllers\QrCodeController->generateAddToCartQR('1')
 7 SYSTEMPATH\CodeIgniter.php(502): CodeIgniter\CodeIgniter->runController(Object(App\Controllers\QrCodeController))
 8 SYSTEMPATH\CodeIgniter.php(361): CodeIgniter\CodeIgniter->handleRequest(null, Object(Config\Cache), false)
 9 FCPATH\index.php(79): CodeIgniter\CodeIgniter->run()
10 SYSTEMPATH\Commands\Server\rewrite.php(47): require_once('C:\\laragon\\www\\AgilaEcommerce\\public\\index.php')
CRITICAL - 2024-04-04 03:25:23 --> You need to install the imagick extension to use this back end
in VENDORPATH\bacon\bacon-qr-code\src\Renderer\Image\ImagickImageBackEnd.php on line 64.
 1 VENDORPATH\simplesoftwareio\simple-qrcode\src\Generator.php(464): BaconQrCode\Renderer\Image\ImagickImageBackEnd->__construct('png')
 2 VENDORPATH\simplesoftwareio\simple-qrcode\src\Generator.php(440): SimpleSoftwareIO\QrCode\Generator->getFormatter()
 3 VENDORPATH\simplesoftwareio\simple-qrcode\src\Generator.php(171): SimpleSoftwareIO\QrCode\Generator->getRenderer()
 4 APPPATH\Controllers\QrCodeController.php(37): SimpleSoftwareIO\QrCode\Generator->generate('http://localhost:8080/cart/add/1')
 5 APPPATH\Controllers\QrCodeController.php(25): App\Controllers\QrCodeController->generateQrCode('http://localhost:8080/cart/add/1')
 6 SYSTEMPATH\CodeIgniter.php(942): App\Controllers\QrCodeController->generateAddToCartQR('1')
 7 SYSTEMPATH\CodeIgniter.php(502): CodeIgniter\CodeIgniter->runController(Object(App\Controllers\QrCodeController))
 8 SYSTEMPATH\CodeIgniter.php(361): CodeIgniter\CodeIgniter->handleRequest(null, Object(Config\Cache), false)
 9 FCPATH\index.php(79): CodeIgniter\CodeIgniter->run()
10 SYSTEMPATH\Commands\Server\rewrite.php(47): require_once('C:\\laragon\\www\\AgilaEcommerce\\public\\index.php')
CRITICAL - 2024-04-04 03:25:29 --> You need to install the imagick extension to use this back end
in VENDORPATH\bacon\bacon-qr-code\src\Renderer\Image\ImagickImageBackEnd.php on line 64.
 1 VENDORPATH\simplesoftwareio\simple-qrcode\src\Generator.php(464): BaconQrCode\Renderer\Image\ImagickImageBackEnd->__construct('png')
 2 VENDORPATH\simplesoftwareio\simple-qrcode\src\Generator.php(440): SimpleSoftwareIO\QrCode\Generator->getFormatter()
 3 VENDORPATH\simplesoftwareio\simple-qrcode\src\Generator.php(171): SimpleSoftwareIO\QrCode\Generator->getRenderer()
 4 APPPATH\Controllers\QrCodeController.php(37): SimpleSoftwareIO\QrCode\Generator->generate('http://localhost:8080/cart/add/1')
 5 APPPATH\Controllers\QrCodeController.php(25): App\Controllers\QrCodeController->generateQrCode('http://localhost:8080/cart/add/1')
 6 SYSTEMPATH\CodeIgniter.php(942): App\Controllers\QrCodeController->generateAddToCartQR('1')
 7 SYSTEMPATH\CodeIgniter.php(502): CodeIgniter\CodeIgniter->runController(Object(App\Controllers\QrCodeController))
 8 SYSTEMPATH\CodeIgniter.php(361): CodeIgniter\CodeIgniter->handleRequest(null, Object(Config\Cache), false)
 9 FCPATH\index.php(79): CodeIgniter\CodeIgniter->run()
10 SYSTEMPATH\Commands\Server\rewrite.php(47): require_once('C:\\laragon\\www\\AgilaEcommerce\\public\\index.php')
CRITICAL - 2024-04-04 03:25:46 --> You need to install the imagick extension to use this back end
in VENDORPATH\bacon\bacon-qr-code\src\Renderer\Image\ImagickImageBackEnd.php on line 64.
 1 VENDORPATH\simplesoftwareio\simple-qrcode\src\Generator.php(464): BaconQrCode\Renderer\Image\ImagickImageBackEnd->__construct('png')
 2 VENDORPATH\simplesoftwareio\simple-qrcode\src\Generator.php(440): SimpleSoftwareIO\QrCode\Generator->getFormatter()
 3 VENDORPATH\simplesoftwareio\simple-qrcode\src\Generator.php(171): SimpleSoftwareIO\QrCode\Generator->getRenderer()
 4 APPPATH\Controllers\QrCodeController.php(37): SimpleSoftwareIO\QrCode\Generator->generate('http://localhost:8080/cart/add/1')
 5 APPPATH\Controllers\QrCodeController.php(25): App\Controllers\QrCodeController->generateQrCode('http://localhost:8080/cart/add/1')
 6 SYSTEMPATH\CodeIgniter.php(942): App\Controllers\QrCodeController->generateAddToCartQR('1')
 7 SYSTEMPATH\CodeIgniter.php(502): CodeIgniter\CodeIgniter->runController(Object(App\Controllers\QrCodeController))
 8 SYSTEMPATH\CodeIgniter.php(361): CodeIgniter\CodeIgniter->handleRequest(null, Object(Config\Cache), false)
 9 FCPATH\index.php(79): CodeIgniter\CodeIgniter->run()
10 SYSTEMPATH\Commands\Server\rewrite.php(47): require_once('C:\\laragon\\www\\AgilaEcommerce\\public\\index.php')
