CRITICAL - 2024-03-11 04:27:36 --> Undefined variable $cartItems
in APPPATH\Views\website\checkout.php on line 221.
 1 APPPATH\Views\website\checkout.php(221): CodeIgniter\Debug\Exceptions->errorHandler(2, 'Undefined variable $cartItems', 'C:\\laragon\\www\\AgilaEcommerce\\app\\Views\\website\\checkout.php', 221)
 2 SYSTEMPATH\View\View.php(228): include('C:\\laragon\\www\\AgilaEcommerce\\app\\Views\\website\\checkout.php')
 3 SYSTEMPATH\View\View.php(231): CodeIgniter\View\View->CodeIgniter\View\{closure}()
 4 SYSTEMPATH\Common.php(1190): CodeIgniter\View\View->render('website/checkout', [], true)
 5 APPPATH\Controllers\WebController.php(61): view('website/checkout')
 6 SYSTEMPATH\CodeIgniter.php(942): App\Controllers\WebController->checkout()
 7 SYSTEMPATH\CodeIgniter.php(502): CodeIgniter\CodeIgniter->runController(Object(App\Controllers\WebController))
 8 SYSTEMPATH\CodeIgniter.php(361): CodeIgniter\CodeIgniter->handleRequest(null, Object(Config\Cache), false)
 9 FCPATH\index.php(79): CodeIgniter\CodeIgniter->run()
10 SYSTEMPATH\Commands\Server\rewrite.php(47): require_once('C:\\laragon\\www\\AgilaEcommerce\\public\\index.php')
CRITICAL - 2024-03-11 04:29:08 --> Undefined variable $cartItems
in APPPATH\Views\website\checkout.php on line 221.
 1 APPPATH\Views\website\checkout.php(221): CodeIgniter\Debug\Exceptions->errorHandler(2, 'Undefined variable $cartItems', 'C:\\laragon\\www\\AgilaEcommerce\\app\\Views\\website\\checkout.php', 221)
 2 SYSTEMPATH\View\View.php(228): include('C:\\laragon\\www\\AgilaEcommerce\\app\\Views\\website\\checkout.php')
 3 SYSTEMPATH\View\View.php(231): CodeIgniter\View\View->CodeIgniter\View\{closure}()
 4 SYSTEMPATH\Common.php(1190): CodeIgniter\View\View->render('website/checkout', [], true)
 5 APPPATH\Controllers\WebController.php(61): view('website/checkout')
 6 SYSTEMPATH\CodeIgniter.php(942): App\Controllers\WebController->checkout()
 7 SYSTEMPATH\CodeIgniter.php(502): CodeIgniter\CodeIgniter->runController(Object(App\Controllers\WebController))
 8 SYSTEMPATH\CodeIgniter.php(361): CodeIgniter\CodeIgniter->handleRequest(null, Object(Config\Cache), false)
 9 FCPATH\index.php(79): CodeIgniter\CodeIgniter->run()
10 SYSTEMPATH\Commands\Server\rewrite.php(47): require_once('C:\\laragon\\www\\AgilaEcommerce\\public\\index.php')
CRITICAL - 2024-03-11 04:29:18 --> Undefined variable $cartItems
in APPPATH\Views\website\checkout.php on line 221.
 1 APPPATH\Views\website\checkout.php(221): CodeIgniter\Debug\Exceptions->errorHandler(2, 'Undefined variable $cartItems', 'C:\\laragon\\www\\AgilaEcommerce\\app\\Views\\website\\checkout.php', 221)
 2 SYSTEMPATH\View\View.php(228): include('C:\\laragon\\www\\AgilaEcommerce\\app\\Views\\website\\checkout.php')
 3 SYSTEMPATH\View\View.php(231): CodeIgniter\View\View->CodeIgniter\View\{closure}()
 4 SYSTEMPATH\Common.php(1190): CodeIgniter\View\View->render('website/checkout', [], true)
 5 APPPATH\Controllers\WebController.php(61): view('website/checkout')
 6 SYSTEMPATH\CodeIgniter.php(942): App\Controllers\WebController->checkout()
 7 SYSTEMPATH\CodeIgniter.php(502): CodeIgniter\CodeIgniter->runController(Object(App\Controllers\WebController))
 8 SYSTEMPATH\CodeIgniter.php(361): CodeIgniter\CodeIgniter->handleRequest(null, Object(Config\Cache), false)
 9 FCPATH\index.php(79): CodeIgniter\CodeIgniter->run()
10 SYSTEMPATH\Commands\Server\rewrite.php(47): require_once('C:\\laragon\\www\\AgilaEcommerce\\public\\index.php')
CRITICAL - 2024-03-11 04:29:26 --> Undefined variable $cartItems
in APPPATH\Views\website\checkout.php on line 221.
 1 APPPATH\Views\website\checkout.php(221): CodeIgniter\Debug\Exceptions->errorHandler(2, 'Undefined variable $cartItems', 'C:\\laragon\\www\\AgilaEcommerce\\app\\Views\\website\\checkout.php', 221)
 2 SYSTEMPATH\View\View.php(228): include('C:\\laragon\\www\\AgilaEcommerce\\app\\Views\\website\\checkout.php')
 3 SYSTEMPATH\View\View.php(231): CodeIgniter\View\View->CodeIgniter\View\{closure}()
 4 SYSTEMPATH\Common.php(1190): CodeIgniter\View\View->render('website/checkout', [], true)
 5 APPPATH\Controllers\WebController.php(61): view('website/checkout')
 6 SYSTEMPATH\CodeIgniter.php(942): App\Controllers\WebController->checkout()
 7 SYSTEMPATH\CodeIgniter.php(502): CodeIgniter\CodeIgniter->runController(Object(App\Controllers\WebController))
 8 SYSTEMPATH\CodeIgniter.php(361): CodeIgniter\CodeIgniter->handleRequest(null, Object(Config\Cache), false)
 9 FCPATH\index.php(79): CodeIgniter\CodeIgniter->run()
10 SYSTEMPATH\Commands\Server\rewrite.php(47): require_once('C:\\laragon\\www\\AgilaEcommerce\\public\\index.php')
CRITICAL - 2024-03-11 04:29:37 --> Undefined variable $cartItems
in APPPATH\Views\website\checkout.php on line 221.
 1 APPPATH\Views\website\checkout.php(221): CodeIgniter\Debug\Exceptions->errorHandler(2, 'Undefined variable $cartItems', 'C:\\laragon\\www\\AgilaEcommerce\\app\\Views\\website\\checkout.php', 221)
 2 SYSTEMPATH\View\View.php(228): include('C:\\laragon\\www\\AgilaEcommerce\\app\\Views\\website\\checkout.php')
 3 SYSTEMPATH\View\View.php(231): CodeIgniter\View\View->CodeIgniter\View\{closure}()
 4 SYSTEMPATH\Common.php(1190): CodeIgniter\View\View->render('website/checkout', [], true)
 5 APPPATH\Controllers\WebController.php(61): view('website/checkout')
 6 SYSTEMPATH\CodeIgniter.php(942): App\Controllers\WebController->checkout()
 7 SYSTEMPATH\CodeIgniter.php(502): CodeIgniter\CodeIgniter->runController(Object(App\Controllers\WebController))
 8 SYSTEMPATH\CodeIgniter.php(361): CodeIgniter\CodeIgniter->handleRequest(null, Object(Config\Cache), false)
 9 FCPATH\index.php(79): CodeIgniter\CodeIgniter->run()
10 SYSTEMPATH\Commands\Server\rewrite.php(47): require_once('C:\\laragon\\www\\AgilaEcommerce\\public\\index.php')
CRITICAL - 2024-03-11 04:29:53 --> Undefined variable $cartItems
in APPPATH\Views\website\checkout.php on line 221.
 1 APPPATH\Views\website\checkout.php(221): CodeIgniter\Debug\Exceptions->errorHandler(2, 'Undefined variable $cartItems', 'C:\\laragon\\www\\AgilaEcommerce\\app\\Views\\website\\checkout.php', 221)
 2 SYSTEMPATH\View\View.php(228): include('C:\\laragon\\www\\AgilaEcommerce\\app\\Views\\website\\checkout.php')
 3 SYSTEMPATH\View\View.php(231): CodeIgniter\View\View->CodeIgniter\View\{closure}()
 4 SYSTEMPATH\Common.php(1190): CodeIgniter\View\View->render('website/checkout', [], true)
 5 APPPATH\Controllers\WebController.php(61): view('website/checkout')
 6 SYSTEMPATH\CodeIgniter.php(942): App\Controllers\WebController->checkout()
 7 SYSTEMPATH\CodeIgniter.php(502): CodeIgniter\CodeIgniter->runController(Object(App\Controllers\WebController))
 8 SYSTEMPATH\CodeIgniter.php(361): CodeIgniter\CodeIgniter->handleRequest(null, Object(Config\Cache), false)
 9 FCPATH\index.php(79): CodeIgniter\CodeIgniter->run()
10 SYSTEMPATH\Commands\Server\rewrite.php(47): require_once('C:\\laragon\\www\\AgilaEcommerce\\public\\index.php')
CRITICAL - 2024-03-11 04:33:23 --> Undefined variable $cartItems
in APPPATH\Views\website\checkout.php on line 221.
 1 APPPATH\Views\website\checkout.php(221): CodeIgniter\Debug\Exceptions->errorHandler(2, 'Undefined variable $cartItems', 'C:\\laragon\\www\\AgilaEcommerce\\app\\Views\\website\\checkout.php', 221)
 2 SYSTEMPATH\View\View.php(228): include('C:\\laragon\\www\\AgilaEcommerce\\app\\Views\\website\\checkout.php')
 3 SYSTEMPATH\View\View.php(231): CodeIgniter\View\View->CodeIgniter\View\{closure}()
 4 SYSTEMPATH\Common.php(1190): CodeIgniter\View\View->render('website/checkout', [], true)
 5 APPPATH\Controllers\WebController.php(61): view('website/checkout')
 6 SYSTEMPATH\CodeIgniter.php(942): App\Controllers\WebController->checkout()
 7 SYSTEMPATH\CodeIgniter.php(502): CodeIgniter\CodeIgniter->runController(Object(App\Controllers\WebController))
 8 SYSTEMPATH\CodeIgniter.php(361): CodeIgniter\CodeIgniter->handleRequest(null, Object(Config\Cache), false)
 9 FCPATH\index.php(79): CodeIgniter\CodeIgniter->run()
10 SYSTEMPATH\Commands\Server\rewrite.php(47): require_once('C:\\laragon\\www\\AgilaEcommerce\\public\\index.php')
CRITICAL - 2024-03-11 05:09:23 --> Invalid file: "website/thank-you.php"
in SYSTEMPATH\Exceptions\FrameworkException.php on line 39.
 1 SYSTEMPATH\View\View.php(216): CodeIgniter\Exceptions\FrameworkException::forInvalidFile('website/thank-you.php')
 2 SYSTEMPATH\Common.php(1190): CodeIgniter\View\View->render('website/thank-you', [], true)
 3 APPPATH\Controllers\ShopController.php(192): view('website/thank-you')
 4 SYSTEMPATH\CodeIgniter.php(942): App\Controllers\ShopController->thankyou()
 5 SYSTEMPATH\CodeIgniter.php(502): CodeIgniter\CodeIgniter->runController(Object(App\Controllers\ShopController))
 6 SYSTEMPATH\CodeIgniter.php(361): CodeIgniter\CodeIgniter->handleRequest(null, Object(Config\Cache), false)
 7 FCPATH\index.php(79): CodeIgniter\CodeIgniter->run()
 8 SYSTEMPATH\Commands\Server\rewrite.php(47): require_once('C:\\laragon\\www\\AgilaEcommerce\\public\\index.php')
CRITICAL - 2024-03-11 09:18:07 --> Invalid file: "website/thank-you.php"
in SYSTEMPATH\Exceptions\FrameworkException.php on line 39.
 1 SYSTEMPATH\View\View.php(216): CodeIgniter\Exceptions\FrameworkException::forInvalidFile('website/thank-you.php')
 2 SYSTEMPATH\Common.php(1190): CodeIgniter\View\View->render('website/thank-you', [], true)
 3 APPPATH\Controllers\ShopController.php(192): view('website/thank-you')
 4 SYSTEMPATH\CodeIgniter.php(942): App\Controllers\ShopController->thankyou()
 5 SYSTEMPATH\CodeIgniter.php(502): CodeIgniter\CodeIgniter->runController(Object(App\Controllers\ShopController))
 6 SYSTEMPATH\CodeIgniter.php(361): CodeIgniter\CodeIgniter->handleRequest(null, Object(Config\Cache), false)
 7 FCPATH\index.php(79): CodeIgniter\CodeIgniter->run()
 8 SYSTEMPATH\Commands\Server\rewrite.php(47): require_once('C:\\laragon\\www\\AgilaEcommerce\\public\\index.php')
CRITICAL - 2024-03-11 10:59:29 --> Undefined variable $cartItems
in APPPATH\Views\website\thank-you.php on line 221.
 1 APPPATH\Views\website\thank-you.php(221): CodeIgniter\Debug\Exceptions->errorHandler(2, 'Undefined variable $cartItems', 'C:\\laragon\\www\\AgilaEcommerce\\app\\Views\\website\\thank-you.php', 221)
 2 SYSTEMPATH\View\View.php(228): include('C:\\laragon\\www\\AgilaEcommerce\\app\\Views\\website\\thank-you.php')
 3 SYSTEMPATH\View\View.php(231): CodeIgniter\View\View->CodeIgniter\View\{closure}()
 4 SYSTEMPATH\Common.php(1190): CodeIgniter\View\View->render('website/thank-you', [], true)
 5 APPPATH\Controllers\ShopController.php(192): view('website/thank-you')
 6 SYSTEMPATH\CodeIgniter.php(942): App\Controllers\ShopController->thankyou()
 7 SYSTEMPATH\CodeIgniter.php(502): CodeIgniter\CodeIgniter->runController(Object(App\Controllers\ShopController))
 8 SYSTEMPATH\CodeIgniter.php(361): CodeIgniter\CodeIgniter->handleRequest(null, Object(Config\Cache), false)
 9 FCPATH\index.php(79): CodeIgniter\CodeIgniter->run()
10 SYSTEMPATH\Commands\Server\rewrite.php(47): require_once('C:\\laragon\\www\\AgilaEcommerce\\public\\index.php')
CRITICAL - 2024-03-11 16:41:16 --> Undefined array key "ImageURL"
in APPPATH\Views\website\thank-you.php on line 153.
 1 APPPATH\Views\website\thank-you.php(153): CodeIgniter\Debug\Exceptions->errorHandler(2, 'Undefined array key "ImageURL"', 'C:\\laragon\\www\\AgilaEcommerce\\app\\Views\\website\\thank-you.php', 153)
 2 SYSTEMPATH\View\View.php(228): include('C:\\laragon\\www\\AgilaEcommerce\\app\\Views\\website\\thank-you.php')
 3 SYSTEMPATH\View\View.php(231): CodeIgniter\View\View->CodeIgniter\View\{closure}()
 4 SYSTEMPATH\Common.php(1190): CodeIgniter\View\View->render('website/thank-you', [], true)
 5 APPPATH\Controllers\ShopController.php(205): view('website/thank-you', [...])
 6 SYSTEMPATH\CodeIgniter.php(942): App\Controllers\ShopController->thankyou()
 7 SYSTEMPATH\CodeIgniter.php(502): CodeIgniter\CodeIgniter->runController(Object(App\Controllers\ShopController))
 8 SYSTEMPATH\CodeIgniter.php(361): CodeIgniter\CodeIgniter->handleRequest(null, Object(Config\Cache), false)
 9 FCPATH\index.php(79): CodeIgniter\CodeIgniter->run()
10 SYSTEMPATH\Commands\Server\rewrite.php(47): require_once('C:\\laragon\\www\\AgilaEcommerce\\public\\index.php')
CRITICAL - 2024-03-11 16:42:40 --> Undefined array key "ImageURL"
in APPPATH\Views\website\thank-you.php on line 153.
 1 APPPATH\Views\website\thank-you.php(153): CodeIgniter\Debug\Exceptions->errorHandler(2, 'Undefined array key "ImageURL"', 'C:\\laragon\\www\\AgilaEcommerce\\app\\Views\\website\\thank-you.php', 153)
 2 SYSTEMPATH\View\View.php(228): include('C:\\laragon\\www\\AgilaEcommerce\\app\\Views\\website\\thank-you.php')
 3 SYSTEMPATH\View\View.php(231): CodeIgniter\View\View->CodeIgniter\View\{closure}()
 4 SYSTEMPATH\Common.php(1190): CodeIgniter\View\View->render('website/thank-you', [], true)
 5 APPPATH\Controllers\ShopController.php(205): view('website/thank-you', [...])
 6 SYSTEMPATH\CodeIgniter.php(942): App\Controllers\ShopController->thankyou()
 7 SYSTEMPATH\CodeIgniter.php(502): CodeIgniter\CodeIgniter->runController(Object(App\Controllers\ShopController))
 8 SYSTEMPATH\CodeIgniter.php(361): CodeIgniter\CodeIgniter->handleRequest(null, Object(Config\Cache), false)
 9 FCPATH\index.php(79): CodeIgniter\CodeIgniter->run()
10 SYSTEMPATH\Commands\Server\rewrite.php(47): require_once('C:\\laragon\\www\\AgilaEcommerce\\public\\index.php')
CRITICAL - 2024-03-11 16:58:51 --> Undefined variable $cartItems
in APPPATH\Views\website\checkout.php on line 221.
 1 APPPATH\Views\website\checkout.php(221): CodeIgniter\Debug\Exceptions->errorHandler(2, 'Undefined variable $cartItems', 'C:\\laragon\\www\\AgilaEcommerce\\app\\Views\\website\\checkout.php', 221)
 2 SYSTEMPATH\View\View.php(228): include('C:\\laragon\\www\\AgilaEcommerce\\app\\Views\\website\\checkout.php')
 3 SYSTEMPATH\View\View.php(231): CodeIgniter\View\View->CodeIgniter\View\{closure}()
 4 SYSTEMPATH\Common.php(1190): CodeIgniter\View\View->render('website/checkout', [], true)
 5 APPPATH\Controllers\WebController.php(61): view('website/checkout')
 6 SYSTEMPATH\CodeIgniter.php(942): App\Controllers\WebController->checkouts()
 7 SYSTEMPATH\CodeIgniter.php(502): CodeIgniter\CodeIgniter->runController(Object(App\Controllers\WebController))
 8 SYSTEMPATH\CodeIgniter.php(361): CodeIgniter\CodeIgniter->handleRequest(null, Object(Config\Cache), false)
 9 FCPATH\index.php(79): CodeIgniter\CodeIgniter->run()
10 SYSTEMPATH\Commands\Server\rewrite.php(47): require_once('C:\\laragon\\www\\AgilaEcommerce\\public\\index.php')
CRITICAL - 2024-03-11 17:01:37 --> foreach() argument must be of type array|object, null given
in APPPATH\Controllers\WebController.php on line 87.
 1 APPPATH\Controllers\WebController.php(87): CodeIgniter\Debug\Exceptions->errorHandler(2, 'foreach() argument must be of type array|object, null given', 'C:\\laragon\\www\\AgilaEcommerce\\app\\Controllers\\WebController.php', 87)
 2 APPPATH\Controllers\WebController.php(68): App\Controllers\WebController->calculateSubtotal(null)
 3 SYSTEMPATH\CodeIgniter.php(942): App\Controllers\WebController->checkouts()
 4 SYSTEMPATH\CodeIgniter.php(502): CodeIgniter\CodeIgniter->runController(Object(App\Controllers\WebController))
 5 SYSTEMPATH\CodeIgniter.php(361): CodeIgniter\CodeIgniter->handleRequest(null, Object(Config\Cache), false)
 6 FCPATH\index.php(79): CodeIgniter\CodeIgniter->run()
 7 SYSTEMPATH\Commands\Server\rewrite.php(47): require_once('C:\\laragon\\www\\AgilaEcommerce\\public\\index.php')
CRITICAL - 2024-03-11 17:02:02 --> foreach() argument must be of type array|object, null given
in APPPATH\Controllers\WebController.php on line 87.
 1 APPPATH\Controllers\WebController.php(87): CodeIgniter\Debug\Exceptions->errorHandler(2, 'foreach() argument must be of type array|object, null given', 'C:\\laragon\\www\\AgilaEcommerce\\app\\Controllers\\WebController.php', 87)
 2 APPPATH\Controllers\WebController.php(68): App\Controllers\WebController->calculateSubtotal(null)
 3 SYSTEMPATH\CodeIgniter.php(942): App\Controllers\WebController->checkouts()
 4 SYSTEMPATH\CodeIgniter.php(502): CodeIgniter\CodeIgniter->runController(Object(App\Controllers\WebController))
 5 SYSTEMPATH\CodeIgniter.php(361): CodeIgniter\CodeIgniter->handleRequest(null, Object(Config\Cache), false)
 6 FCPATH\index.php(79): CodeIgniter\CodeIgniter->run()
 7 SYSTEMPATH\Commands\Server\rewrite.php(47): require_once('C:\\laragon\\www\\AgilaEcommerce\\public\\index.php')
CRITICAL - 2024-03-11 17:03:52 --> Undefined variable $cartItems
in APPPATH\Views\website\checkout.php on line 221.
 1 APPPATH\Views\website\checkout.php(221): CodeIgniter\Debug\Exceptions->errorHandler(2, 'Undefined variable $cartItems', 'C:\\laragon\\www\\AgilaEcommerce\\app\\Views\\website\\checkout.php', 221)
 2 SYSTEMPATH\View\View.php(228): include('C:\\laragon\\www\\AgilaEcommerce\\app\\Views\\website\\checkout.php')
 3 SYSTEMPATH\View\View.php(231): CodeIgniter\View\View->CodeIgniter\View\{closure}()
 4 SYSTEMPATH\Common.php(1190): CodeIgniter\View\View->render('website/checkout', [], true)
 5 APPPATH\Controllers\WebController.php(61): view('website/checkout')
 6 SYSTEMPATH\CodeIgniter.php(942): App\Controllers\WebController->checkouts()
 7 SYSTEMPATH\CodeIgniter.php(502): CodeIgniter\CodeIgniter->runController(Object(App\Controllers\WebController))
 8 SYSTEMPATH\CodeIgniter.php(361): CodeIgniter\CodeIgniter->handleRequest(null, Object(Config\Cache), false)
 9 FCPATH\index.php(79): CodeIgniter\CodeIgniter->run()
10 SYSTEMPATH\Commands\Server\rewrite.php(47): require_once('C:\\laragon\\www\\AgilaEcommerce\\public\\index.php')
CRITICAL - 2024-03-11 17:03:58 --> Undefined variable $cartItems
in APPPATH\Views\website\checkout.php on line 221.
 1 APPPATH\Views\website\checkout.php(221): CodeIgniter\Debug\Exceptions->errorHandler(2, 'Undefined variable $cartItems', 'C:\\laragon\\www\\AgilaEcommerce\\app\\Views\\website\\checkout.php', 221)
 2 SYSTEMPATH\View\View.php(228): include('C:\\laragon\\www\\AgilaEcommerce\\app\\Views\\website\\checkout.php')
 3 SYSTEMPATH\View\View.php(231): CodeIgniter\View\View->CodeIgniter\View\{closure}()
 4 SYSTEMPATH\Common.php(1190): CodeIgniter\View\View->render('website/checkout', [], true)
 5 APPPATH\Controllers\WebController.php(61): view('website/checkout')
 6 SYSTEMPATH\CodeIgniter.php(942): App\Controllers\WebController->checkouts()
 7 SYSTEMPATH\CodeIgniter.php(502): CodeIgniter\CodeIgniter->runController(Object(App\Controllers\WebController))
 8 SYSTEMPATH\CodeIgniter.php(361): CodeIgniter\CodeIgniter->handleRequest(null, Object(Config\Cache), false)
 9 FCPATH\index.php(79): CodeIgniter\CodeIgniter->run()
10 SYSTEMPATH\Commands\Server\rewrite.php(47): require_once('C:\\laragon\\www\\AgilaEcommerce\\public\\index.php')
CRITICAL - 2024-03-11 17:17:40 --> Undefined variable $user
in APPPATH\Views\website\checkout.php on line 165.
 1 APPPATH\Views\website\checkout.php(165): CodeIgniter\Debug\Exceptions->errorHandler(2, 'Undefined variable $user', 'C:\\laragon\\www\\AgilaEcommerce\\app\\Views\\website\\checkout.php', 165)
 2 SYSTEMPATH\View\View.php(228): include('C:\\laragon\\www\\AgilaEcommerce\\app\\Views\\website\\checkout.php')
 3 SYSTEMPATH\View\View.php(231): CodeIgniter\View\View->CodeIgniter\View\{closure}()
 4 SYSTEMPATH\Common.php(1190): CodeIgniter\View\View->render('website/checkout', [], true)
 5 APPPATH\Controllers\ShopController.php(135): view('website/checkout', [...])
 6 SYSTEMPATH\CodeIgniter.php(942): App\Controllers\ShopController->checkout()
 7 SYSTEMPATH\CodeIgniter.php(502): CodeIgniter\CodeIgniter->runController(Object(App\Controllers\ShopController))
 8 SYSTEMPATH\CodeIgniter.php(361): CodeIgniter\CodeIgniter->handleRequest(null, Object(Config\Cache), false)
 9 FCPATH\index.php(79): CodeIgniter\CodeIgniter->run()
10 SYSTEMPATH\Commands\Server\rewrite.php(47): require_once('C:\\laragon\\www\\AgilaEcommerce\\public\\index.php')
ERROR - 2024-03-11 17:19:01 --> mysqli_sql_exception: Table 'agiladatabase.users' doesn't exist in C:\laragon\www\AgilaEcommerce\system\Database\MySQLi\Connection.php:306
Stack trace:
#0 C:\laragon\www\AgilaEcommerce\system\Database\MySQLi\Connection.php(306): mysqli->query('SELECT *\nFROM `...', 0)
#1 C:\laragon\www\AgilaEcommerce\system\Database\BaseConnection.php(693): CodeIgniter\Database\MySQLi\Connection->execute('SELECT *\nFROM `...')
#2 C:\laragon\www\AgilaEcommerce\system\Database\BaseConnection.php(607): CodeIgniter\Database\BaseConnection->simpleQuery('SELECT *\nFROM `...')
#3 C:\laragon\www\AgilaEcommerce\system\Database\BaseBuilder.php(1615): CodeIgniter\Database\BaseConnection->query('SELECT *\nFROM `...', Array, false)
#4 C:\laragon\www\AgilaEcommerce\system\Model.php(196): CodeIgniter\Database\BaseBuilder->get()
#5 C:\laragon\www\AgilaEcommerce\system\BaseModel.php(563): CodeIgniter\Model->doFind(true, 18)
#6 C:\laragon\www\AgilaEcommerce\app\Controllers\ShopController.php(125): CodeIgniter\BaseModel->find(18)
#7 C:\laragon\www\AgilaEcommerce\system\CodeIgniter.php(942): App\Controllers\ShopController->checkout()
#8 C:\laragon\www\AgilaEcommerce\system\CodeIgniter.php(502): CodeIgniter\CodeIgniter->runController(Object(App\Controllers\ShopController))
#9 C:\laragon\www\AgilaEcommerce\system\CodeIgniter.php(361): CodeIgniter\CodeIgniter->handleRequest(NULL, Object(Config\Cache), false)
#10 C:\laragon\www\AgilaEcommerce\public\index.php(79): CodeIgniter\CodeIgniter->run()
#11 C:\laragon\www\AgilaEcommerce\system\Commands\Server\rewrite.php(47): require_once('C:\\laragon\\www\\...')
#12 {main}
CRITICAL - 2024-03-11 17:19:01 --> Table 'agiladatabase.users' doesn't exist
in SYSTEMPATH\Database\BaseConnection.php on line 647.
 1 SYSTEMPATH\Database\BaseBuilder.php(1615): CodeIgniter\Database\BaseConnection->query('SELECT *
FROM `users`
WHERE `users`.`CustomerID` = :users.CustomerID:', [...], false)
 2 SYSTEMPATH\Model.php(196): CodeIgniter\Database\BaseBuilder->get()
 3 SYSTEMPATH\BaseModel.php(563): CodeIgniter\Model->doFind(true, 18)
 4 APPPATH\Controllers\ShopController.php(125): CodeIgniter\BaseModel->find(18)
 5 SYSTEMPATH\CodeIgniter.php(942): App\Controllers\ShopController->checkout()
 6 SYSTEMPATH\CodeIgniter.php(502): CodeIgniter\CodeIgniter->runController(Object(App\Controllers\ShopController))
 7 SYSTEMPATH\CodeIgniter.php(361): CodeIgniter\CodeIgniter->handleRequest(null, Object(Config\Cache), false)
 8 FCPATH\index.php(79): CodeIgniter\CodeIgniter->run()
 9 SYSTEMPATH\Commands\Server\rewrite.php(47): require_once('C:\\laragon\\www\\AgilaEcommerce\\public\\index.php')
ERROR - 2024-03-11 17:36:19 --> mysqli_sql_exception: Cannot add or update a child row: a foreign key constraint fails (`agiladatabase`.`orders`, CONSTRAINT `fk_orders_customer` FOREIGN KEY (`CustomerID`) REFERENCES `customer` (`CustomerID`)) in C:\laragon\www\AgilaEcommerce\system\Database\MySQLi\Connection.php:306
Stack trace:
#0 C:\laragon\www\AgilaEcommerce\system\Database\MySQLi\Connection.php(306): mysqli->query('INSERT INTO `or...', 0)
#1 C:\laragon\www\AgilaEcommerce\system\Database\BaseConnection.php(693): CodeIgniter\Database\MySQLi\Connection->execute('INSERT INTO `or...')
#2 C:\laragon\www\AgilaEcommerce\system\Database\BaseConnection.php(607): CodeIgniter\Database\BaseConnection->simpleQuery('INSERT INTO `or...')
#3 C:\laragon\www\AgilaEcommerce\system\Database\BaseBuilder.php(2308): CodeIgniter\Database\BaseConnection->query('INSERT INTO `or...', Array, false)
#4 C:\laragon\www\AgilaEcommerce\system\Model.php(319): CodeIgniter\Database\BaseBuilder->insert()
#5 C:\laragon\www\AgilaEcommerce\system\BaseModel.php(788): CodeIgniter\Model->doInsert(Array)
#6 C:\laragon\www\AgilaEcommerce\system\Model.php(715): CodeIgniter\BaseModel->insert(Array, true)
#7 C:\laragon\www\AgilaEcommerce\app\Controllers\ShopController.php(195): CodeIgniter\Model->insert(Array)
#8 C:\laragon\www\AgilaEcommerce\system\CodeIgniter.php(942): App\Controllers\ShopController->placeOrder()
#9 C:\laragon\www\AgilaEcommerce\system\CodeIgniter.php(502): CodeIgniter\CodeIgniter->runController(Object(App\Controllers\ShopController))
#10 C:\laragon\www\AgilaEcommerce\system\CodeIgniter.php(361): CodeIgniter\CodeIgniter->handleRequest(NULL, Object(Config\Cache), false)
#11 C:\laragon\www\AgilaEcommerce\public\index.php(79): CodeIgniter\CodeIgniter->run()
#12 C:\laragon\www\AgilaEcommerce\system\Commands\Server\rewrite.php(47): require_once('C:\\laragon\\www\\...')
#13 {main}
CRITICAL - 2024-03-11 17:36:19 --> Cannot add or update a child row: a foreign key constraint fails (`agiladatabase`.`orders`, CONSTRAINT `fk_orders_customer` FOREIGN KEY (`CustomerID`) REFERENCES `customer` (`CustomerID`))
in SYSTEMPATH\Database\BaseConnection.php on line 647.
 1 SYSTEMPATH\Database\BaseBuilder.php(2308): CodeIgniter\Database\BaseConnection->query('INSERT INTO `orders` (`OrderDate`, `TotalAmount`, `Status`) VALUES (:OrderDate:, :TotalAmount:, :Status:)', [...], false)
 2 SYSTEMPATH\Model.php(319): CodeIgniter\Database\BaseBuilder->insert()
 3 SYSTEMPATH\BaseModel.php(788): CodeIgniter\Model->doInsert([...])
 4 SYSTEMPATH\Model.php(715): CodeIgniter\BaseModel->insert([...], true)
 5 APPPATH\Controllers\ShopController.php(195): CodeIgniter\Model->insert([...])
 6 SYSTEMPATH\CodeIgniter.php(942): App\Controllers\ShopController->placeOrder()
 7 SYSTEMPATH\CodeIgniter.php(502): CodeIgniter\CodeIgniter->runController(Object(App\Controllers\ShopController))
 8 SYSTEMPATH\CodeIgniter.php(361): CodeIgniter\CodeIgniter->handleRequest(null, Object(Config\Cache), false)
 9 FCPATH\index.php(79): CodeIgniter\CodeIgniter->run()
10 SYSTEMPATH\Commands\Server\rewrite.php(47): require_once('C:\\laragon\\www\\AgilaEcommerce\\public\\index.php')
ERROR - 2024-03-11 17:40:11 --> mysqli_sql_exception: Cannot add or update a child row: a foreign key constraint fails (`agiladatabase`.`orders`, CONSTRAINT `fk_orders_customer` FOREIGN KEY (`CustomerID`) REFERENCES `customer` (`CustomerID`)) in C:\laragon\www\AgilaEcommerce\system\Database\MySQLi\Connection.php:306
Stack trace:
#0 C:\laragon\www\AgilaEcommerce\system\Database\MySQLi\Connection.php(306): mysqli->query('INSERT INTO `or...', 0)
#1 C:\laragon\www\AgilaEcommerce\system\Database\BaseConnection.php(693): CodeIgniter\Database\MySQLi\Connection->execute('INSERT INTO `or...')
#2 C:\laragon\www\AgilaEcommerce\system\Database\BaseConnection.php(607): CodeIgniter\Database\BaseConnection->simpleQuery('INSERT INTO `or...')
#3 C:\laragon\www\AgilaEcommerce\system\Database\BaseBuilder.php(2308): CodeIgniter\Database\BaseConnection->query('INSERT INTO `or...', Array, false)
#4 C:\laragon\www\AgilaEcommerce\system\Model.php(319): CodeIgniter\Database\BaseBuilder->insert()
#5 C:\laragon\www\AgilaEcommerce\system\BaseModel.php(788): CodeIgniter\Model->doInsert(Array)
#6 C:\laragon\www\AgilaEcommerce\system\Model.php(715): CodeIgniter\BaseModel->insert(Array, true)
#7 C:\laragon\www\AgilaEcommerce\app\Controllers\ShopController.php(194): CodeIgniter\Model->insert(Array)
#8 C:\laragon\www\AgilaEcommerce\system\CodeIgniter.php(942): App\Controllers\ShopController->placeOrder()
#9 C:\laragon\www\AgilaEcommerce\system\CodeIgniter.php(502): CodeIgniter\CodeIgniter->runController(Object(App\Controllers\ShopController))
#10 C:\laragon\www\AgilaEcommerce\system\CodeIgniter.php(361): CodeIgniter\CodeIgniter->handleRequest(NULL, Object(Config\Cache), false)
#11 C:\laragon\www\AgilaEcommerce\public\index.php(79): CodeIgniter\CodeIgniter->run()
#12 C:\laragon\www\AgilaEcommerce\system\Commands\Server\rewrite.php(47): require_once('C:\\laragon\\www\\...')
#13 {main}
CRITICAL - 2024-03-11 17:40:11 --> Cannot add or update a child row: a foreign key constraint fails (`agiladatabase`.`orders`, CONSTRAINT `fk_orders_customer` FOREIGN KEY (`CustomerID`) REFERENCES `customer` (`CustomerID`))
in SYSTEMPATH\Database\BaseConnection.php on line 647.
 1 SYSTEMPATH\Database\BaseBuilder.php(2308): CodeIgniter\Database\BaseConnection->query('INSERT INTO `orders` (`OrderDate`, `TotalAmount`, `Status`) VALUES (:OrderDate:, :TotalAmount:, :Status:)', [...], false)
 2 SYSTEMPATH\Model.php(319): CodeIgniter\Database\BaseBuilder->insert()
 3 SYSTEMPATH\BaseModel.php(788): CodeIgniter\Model->doInsert([...])
 4 SYSTEMPATH\Model.php(715): CodeIgniter\BaseModel->insert([...], true)
 5 APPPATH\Controllers\ShopController.php(194): CodeIgniter\Model->insert([...])
 6 SYSTEMPATH\CodeIgniter.php(942): App\Controllers\ShopController->placeOrder()
 7 SYSTEMPATH\CodeIgniter.php(502): CodeIgniter\CodeIgniter->runController(Object(App\Controllers\ShopController))
 8 SYSTEMPATH\CodeIgniter.php(361): CodeIgniter\CodeIgniter->handleRequest(null, Object(Config\Cache), false)
 9 FCPATH\index.php(79): CodeIgniter\CodeIgniter->run()
10 SYSTEMPATH\Commands\Server\rewrite.php(47): require_once('C:\\laragon\\www\\AgilaEcommerce\\public\\index.php')
ERROR - 2024-03-11 17:43:22 --> mysqli_sql_exception: Cannot add or update a child row: a foreign key constraint fails (`agiladatabase`.`orders`, CONSTRAINT `fk_orders_customer` FOREIGN KEY (`CustomerID`) REFERENCES `customer` (`CustomerID`)) in C:\laragon\www\AgilaEcommerce\system\Database\MySQLi\Connection.php:306
Stack trace:
#0 C:\laragon\www\AgilaEcommerce\system\Database\MySQLi\Connection.php(306): mysqli->query('INSERT INTO `or...', 0)
#1 C:\laragon\www\AgilaEcommerce\system\Database\BaseConnection.php(693): CodeIgniter\Database\MySQLi\Connection->execute('INSERT INTO `or...')
#2 C:\laragon\www\AgilaEcommerce\system\Database\BaseConnection.php(607): CodeIgniter\Database\BaseConnection->simpleQuery('INSERT INTO `or...')
#3 C:\laragon\www\AgilaEcommerce\system\Database\BaseBuilder.php(2308): CodeIgniter\Database\BaseConnection->query('INSERT INTO `or...', Array, false)
#4 C:\laragon\www\AgilaEcommerce\system\Model.php(319): CodeIgniter\Database\BaseBuilder->insert()
#5 C:\laragon\www\AgilaEcommerce\system\BaseModel.php(788): CodeIgniter\Model->doInsert(Array)
#6 C:\laragon\www\AgilaEcommerce\system\Model.php(715): CodeIgniter\BaseModel->insert(Array, true)
#7 C:\laragon\www\AgilaEcommerce\app\Controllers\ShopController.php(194): CodeIgniter\Model->insert(Array)
#8 C:\laragon\www\AgilaEcommerce\system\CodeIgniter.php(942): App\Controllers\ShopController->placeOrder()
#9 C:\laragon\www\AgilaEcommerce\system\CodeIgniter.php(502): CodeIgniter\CodeIgniter->runController(Object(App\Controllers\ShopController))
#10 C:\laragon\www\AgilaEcommerce\system\CodeIgniter.php(361): CodeIgniter\CodeIgniter->handleRequest(NULL, Object(Config\Cache), false)
#11 C:\laragon\www\AgilaEcommerce\public\index.php(79): CodeIgniter\CodeIgniter->run()
#12 C:\laragon\www\AgilaEcommerce\system\Commands\Server\rewrite.php(47): require_once('C:\\laragon\\www\\...')
#13 {main}
CRITICAL - 2024-03-11 17:43:22 --> Cannot add or update a child row: a foreign key constraint fails (`agiladatabase`.`orders`, CONSTRAINT `fk_orders_customer` FOREIGN KEY (`CustomerID`) REFERENCES `customer` (`CustomerID`))
in SYSTEMPATH\Database\BaseConnection.php on line 647.
 1 SYSTEMPATH\Database\BaseBuilder.php(2308): CodeIgniter\Database\BaseConnection->query('INSERT INTO `orders` (`OrderDate`, `TotalAmount`, `Status`) VALUES (:OrderDate:, :TotalAmount:, :Status:)', [...], false)
 2 SYSTEMPATH\Model.php(319): CodeIgniter\Database\BaseBuilder->insert()
 3 SYSTEMPATH\BaseModel.php(788): CodeIgniter\Model->doInsert([...])
 4 SYSTEMPATH\Model.php(715): CodeIgniter\BaseModel->insert([...], true)
 5 APPPATH\Controllers\ShopController.php(194): CodeIgniter\Model->insert([...])
 6 SYSTEMPATH\CodeIgniter.php(942): App\Controllers\ShopController->placeOrder()
 7 SYSTEMPATH\CodeIgniter.php(502): CodeIgniter\CodeIgniter->runController(Object(App\Controllers\ShopController))
 8 SYSTEMPATH\CodeIgniter.php(361): CodeIgniter\CodeIgniter->handleRequest(null, Object(Config\Cache), false)
 9 FCPATH\index.php(79): CodeIgniter\CodeIgniter->run()
10 SYSTEMPATH\Commands\Server\rewrite.php(47): require_once('C:\\laragon\\www\\AgilaEcommerce\\public\\index.php')
ERROR - 2024-03-11 17:43:47 --> mysqli_sql_exception: Cannot add or update a child row: a foreign key constraint fails (`agiladatabase`.`orders`, CONSTRAINT `fk_orders_customer` FOREIGN KEY (`CustomerID`) REFERENCES `customer` (`CustomerID`)) in C:\laragon\www\AgilaEcommerce\system\Database\MySQLi\Connection.php:306
Stack trace:
#0 C:\laragon\www\AgilaEcommerce\system\Database\MySQLi\Connection.php(306): mysqli->query('INSERT INTO `or...', 0)
#1 C:\laragon\www\AgilaEcommerce\system\Database\BaseConnection.php(693): CodeIgniter\Database\MySQLi\Connection->execute('INSERT INTO `or...')
#2 C:\laragon\www\AgilaEcommerce\system\Database\BaseConnection.php(607): CodeIgniter\Database\BaseConnection->simpleQuery('INSERT INTO `or...')
#3 C:\laragon\www\AgilaEcommerce\system\Database\BaseBuilder.php(2308): CodeIgniter\Database\BaseConnection->query('INSERT INTO `or...', Array, false)
#4 C:\laragon\www\AgilaEcommerce\system\Model.php(319): CodeIgniter\Database\BaseBuilder->insert()
#5 C:\laragon\www\AgilaEcommerce\system\BaseModel.php(788): CodeIgniter\Model->doInsert(Array)
#6 C:\laragon\www\AgilaEcommerce\system\Model.php(715): CodeIgniter\BaseModel->insert(Array, true)
#7 C:\laragon\www\AgilaEcommerce\app\Controllers\ShopController.php(194): CodeIgniter\Model->insert(Array)
#8 C:\laragon\www\AgilaEcommerce\system\CodeIgniter.php(942): App\Controllers\ShopController->placeOrder()
#9 C:\laragon\www\AgilaEcommerce\system\CodeIgniter.php(502): CodeIgniter\CodeIgniter->runController(Object(App\Controllers\ShopController))
#10 C:\laragon\www\AgilaEcommerce\system\CodeIgniter.php(361): CodeIgniter\CodeIgniter->handleRequest(NULL, Object(Config\Cache), false)
#11 C:\laragon\www\AgilaEcommerce\public\index.php(79): CodeIgniter\CodeIgniter->run()
#12 C:\laragon\www\AgilaEcommerce\system\Commands\Server\rewrite.php(47): require_once('C:\\laragon\\www\\...')
#13 {main}
CRITICAL - 2024-03-11 17:43:47 --> Cannot add or update a child row: a foreign key constraint fails (`agiladatabase`.`orders`, CONSTRAINT `fk_orders_customer` FOREIGN KEY (`CustomerID`) REFERENCES `customer` (`CustomerID`))
in SYSTEMPATH\Database\BaseConnection.php on line 647.
 1 SYSTEMPATH\Database\BaseBuilder.php(2308): CodeIgniter\Database\BaseConnection->query('INSERT INTO `orders` (`OrderDate`, `TotalAmount`, `Status`) VALUES (:OrderDate:, :TotalAmount:, :Status:)', [...], false)
 2 SYSTEMPATH\Model.php(319): CodeIgniter\Database\BaseBuilder->insert()
 3 SYSTEMPATH\BaseModel.php(788): CodeIgniter\Model->doInsert([...])
 4 SYSTEMPATH\Model.php(715): CodeIgniter\BaseModel->insert([...], true)
 5 APPPATH\Controllers\ShopController.php(194): CodeIgniter\Model->insert([...])
 6 SYSTEMPATH\CodeIgniter.php(942): App\Controllers\ShopController->placeOrder()
 7 SYSTEMPATH\CodeIgniter.php(502): CodeIgniter\CodeIgniter->runController(Object(App\Controllers\ShopController))
 8 SYSTEMPATH\CodeIgniter.php(361): CodeIgniter\CodeIgniter->handleRequest(null, Object(Config\Cache), false)
 9 FCPATH\index.php(79): CodeIgniter\CodeIgniter->run()
10 SYSTEMPATH\Commands\Server\rewrite.php(47): require_once('C:\\laragon\\www\\AgilaEcommerce\\public\\index.php')
ERROR - 2024-03-11 17:43:50 --> mysqli_sql_exception: Cannot add or update a child row: a foreign key constraint fails (`agiladatabase`.`orders`, CONSTRAINT `fk_orders_customer` FOREIGN KEY (`CustomerID`) REFERENCES `customer` (`CustomerID`)) in C:\laragon\www\AgilaEcommerce\system\Database\MySQLi\Connection.php:306
Stack trace:
#0 C:\laragon\www\AgilaEcommerce\system\Database\MySQLi\Connection.php(306): mysqli->query('INSERT INTO `or...', 0)
#1 C:\laragon\www\AgilaEcommerce\system\Database\BaseConnection.php(693): CodeIgniter\Database\MySQLi\Connection->execute('INSERT INTO `or...')
#2 C:\laragon\www\AgilaEcommerce\system\Database\BaseConnection.php(607): CodeIgniter\Database\BaseConnection->simpleQuery('INSERT INTO `or...')
#3 C:\laragon\www\AgilaEcommerce\system\Database\BaseBuilder.php(2308): CodeIgniter\Database\BaseConnection->query('INSERT INTO `or...', Array, false)
#4 C:\laragon\www\AgilaEcommerce\system\Model.php(319): CodeIgniter\Database\BaseBuilder->insert()
#5 C:\laragon\www\AgilaEcommerce\system\BaseModel.php(788): CodeIgniter\Model->doInsert(Array)
#6 C:\laragon\www\AgilaEcommerce\system\Model.php(715): CodeIgniter\BaseModel->insert(Array, true)
#7 C:\laragon\www\AgilaEcommerce\app\Controllers\ShopController.php(195): CodeIgniter\Model->insert(Array)
#8 C:\laragon\www\AgilaEcommerce\system\CodeIgniter.php(942): App\Controllers\ShopController->placeOrder()
#9 C:\laragon\www\AgilaEcommerce\system\CodeIgniter.php(502): CodeIgniter\CodeIgniter->runController(Object(App\Controllers\ShopController))
#10 C:\laragon\www\AgilaEcommerce\system\CodeIgniter.php(361): CodeIgniter\CodeIgniter->handleRequest(NULL, Object(Config\Cache), false)
#11 C:\laragon\www\AgilaEcommerce\public\index.php(79): CodeIgniter\CodeIgniter->run()
#12 C:\laragon\www\AgilaEcommerce\system\Commands\Server\rewrite.php(47): require_once('C:\\laragon\\www\\...')
#13 {main}
CRITICAL - 2024-03-11 17:43:50 --> Cannot add or update a child row: a foreign key constraint fails (`agiladatabase`.`orders`, CONSTRAINT `fk_orders_customer` FOREIGN KEY (`CustomerID`) REFERENCES `customer` (`CustomerID`))
in SYSTEMPATH\Database\BaseConnection.php on line 647.
 1 SYSTEMPATH\Database\BaseBuilder.php(2308): CodeIgniter\Database\BaseConnection->query('INSERT INTO `orders` (`OrderDate`, `TotalAmount`, `Status`) VALUES (:OrderDate:, :TotalAmount:, :Status:)', [...], false)
 2 SYSTEMPATH\Model.php(319): CodeIgniter\Database\BaseBuilder->insert()
 3 SYSTEMPATH\BaseModel.php(788): CodeIgniter\Model->doInsert([...])
 4 SYSTEMPATH\Model.php(715): CodeIgniter\BaseModel->insert([...], true)
 5 APPPATH\Controllers\ShopController.php(195): CodeIgniter\Model->insert([...])
 6 SYSTEMPATH\CodeIgniter.php(942): App\Controllers\ShopController->placeOrder()
 7 SYSTEMPATH\CodeIgniter.php(502): CodeIgniter\CodeIgniter->runController(Object(App\Controllers\ShopController))
 8 SYSTEMPATH\CodeIgniter.php(361): CodeIgniter\CodeIgniter->handleRequest(null, Object(Config\Cache), false)
 9 FCPATH\index.php(79): CodeIgniter\CodeIgniter->run()
10 SYSTEMPATH\Commands\Server\rewrite.php(47): require_once('C:\\laragon\\www\\AgilaEcommerce\\public\\index.php')
ERROR - 2024-03-11 17:43:55 --> mysqli_sql_exception: Cannot add or update a child row: a foreign key constraint fails (`agiladatabase`.`orders`, CONSTRAINT `fk_orders_customer` FOREIGN KEY (`CustomerID`) REFERENCES `customer` (`CustomerID`)) in C:\laragon\www\AgilaEcommerce\system\Database\MySQLi\Connection.php:306
Stack trace:
#0 C:\laragon\www\AgilaEcommerce\system\Database\MySQLi\Connection.php(306): mysqli->query('INSERT INTO `or...', 0)
#1 C:\laragon\www\AgilaEcommerce\system\Database\BaseConnection.php(693): CodeIgniter\Database\MySQLi\Connection->execute('INSERT INTO `or...')
#2 C:\laragon\www\AgilaEcommerce\system\Database\BaseConnection.php(607): CodeIgniter\Database\BaseConnection->simpleQuery('INSERT INTO `or...')
#3 C:\laragon\www\AgilaEcommerce\system\Database\BaseBuilder.php(2308): CodeIgniter\Database\BaseConnection->query('INSERT INTO `or...', Array, false)
#4 C:\laragon\www\AgilaEcommerce\system\Model.php(319): CodeIgniter\Database\BaseBuilder->insert()
#5 C:\laragon\www\AgilaEcommerce\system\BaseModel.php(788): CodeIgniter\Model->doInsert(Array)
#6 C:\laragon\www\AgilaEcommerce\system\Model.php(715): CodeIgniter\BaseModel->insert(Array, true)
#7 C:\laragon\www\AgilaEcommerce\app\Controllers\ShopController.php(195): CodeIgniter\Model->insert(Array)
#8 C:\laragon\www\AgilaEcommerce\system\CodeIgniter.php(942): App\Controllers\ShopController->placeOrder()
#9 C:\laragon\www\AgilaEcommerce\system\CodeIgniter.php(502): CodeIgniter\CodeIgniter->runController(Object(App\Controllers\ShopController))
#10 C:\laragon\www\AgilaEcommerce\system\CodeIgniter.php(361): CodeIgniter\CodeIgniter->handleRequest(NULL, Object(Config\Cache), false)
#11 C:\laragon\www\AgilaEcommerce\public\index.php(79): CodeIgniter\CodeIgniter->run()
#12 C:\laragon\www\AgilaEcommerce\system\Commands\Server\rewrite.php(47): require_once('C:\\laragon\\www\\...')
#13 {main}
CRITICAL - 2024-03-11 17:43:55 --> Cannot add or update a child row: a foreign key constraint fails (`agiladatabase`.`orders`, CONSTRAINT `fk_orders_customer` FOREIGN KEY (`CustomerID`) REFERENCES `customer` (`CustomerID`))
in SYSTEMPATH\Database\BaseConnection.php on line 647.
 1 SYSTEMPATH\Database\BaseBuilder.php(2308): CodeIgniter\Database\BaseConnection->query('INSERT INTO `orders` (`OrderDate`, `TotalAmount`, `Status`) VALUES (:OrderDate:, :TotalAmount:, :Status:)', [...], false)
 2 SYSTEMPATH\Model.php(319): CodeIgniter\Database\BaseBuilder->insert()
 3 SYSTEMPATH\BaseModel.php(788): CodeIgniter\Model->doInsert([...])
 4 SYSTEMPATH\Model.php(715): CodeIgniter\BaseModel->insert([...], true)
 5 APPPATH\Controllers\ShopController.php(195): CodeIgniter\Model->insert([...])
 6 SYSTEMPATH\CodeIgniter.php(942): App\Controllers\ShopController->placeOrder()
 7 SYSTEMPATH\CodeIgniter.php(502): CodeIgniter\CodeIgniter->runController(Object(App\Controllers\ShopController))
 8 SYSTEMPATH\CodeIgniter.php(361): CodeIgniter\CodeIgniter->handleRequest(null, Object(Config\Cache), false)
 9 FCPATH\index.php(79): CodeIgniter\CodeIgniter->run()
10 SYSTEMPATH\Commands\Server\rewrite.php(47): require_once('C:\\laragon\\www\\AgilaEcommerce\\public\\index.php')
ERROR - 2024-03-11 17:44:21 --> mysqli_sql_exception: Cannot add or update a child row: a foreign key constraint fails (`agiladatabase`.`orders`, CONSTRAINT `fk_orders_customer` FOREIGN KEY (`CustomerID`) REFERENCES `customer` (`CustomerID`)) in C:\laragon\www\AgilaEcommerce\system\Database\MySQLi\Connection.php:306
Stack trace:
#0 C:\laragon\www\AgilaEcommerce\system\Database\MySQLi\Connection.php(306): mysqli->query('INSERT INTO `or...', 0)
#1 C:\laragon\www\AgilaEcommerce\system\Database\BaseConnection.php(693): CodeIgniter\Database\MySQLi\Connection->execute('INSERT INTO `or...')
#2 C:\laragon\www\AgilaEcommerce\system\Database\BaseConnection.php(607): CodeIgniter\Database\BaseConnection->simpleQuery('INSERT INTO `or...')
#3 C:\laragon\www\AgilaEcommerce\system\Database\BaseBuilder.php(2308): CodeIgniter\Database\BaseConnection->query('INSERT INTO `or...', Array, false)
#4 C:\laragon\www\AgilaEcommerce\system\Model.php(319): CodeIgniter\Database\BaseBuilder->insert()
#5 C:\laragon\www\AgilaEcommerce\system\BaseModel.php(788): CodeIgniter\Model->doInsert(Array)
#6 C:\laragon\www\AgilaEcommerce\system\Model.php(715): CodeIgniter\BaseModel->insert(Array, true)
#7 C:\laragon\www\AgilaEcommerce\app\Controllers\ShopController.php(195): CodeIgniter\Model->insert(Array)
#8 C:\laragon\www\AgilaEcommerce\system\CodeIgniter.php(942): App\Controllers\ShopController->placeOrder()
#9 C:\laragon\www\AgilaEcommerce\system\CodeIgniter.php(502): CodeIgniter\CodeIgniter->runController(Object(App\Controllers\ShopController))
#10 C:\laragon\www\AgilaEcommerce\system\CodeIgniter.php(361): CodeIgniter\CodeIgniter->handleRequest(NULL, Object(Config\Cache), false)
#11 C:\laragon\www\AgilaEcommerce\public\index.php(79): CodeIgniter\CodeIgniter->run()
#12 C:\laragon\www\AgilaEcommerce\system\Commands\Server\rewrite.php(47): require_once('C:\\laragon\\www\\...')
#13 {main}
CRITICAL - 2024-03-11 17:44:21 --> Cannot add or update a child row: a foreign key constraint fails (`agiladatabase`.`orders`, CONSTRAINT `fk_orders_customer` FOREIGN KEY (`CustomerID`) REFERENCES `customer` (`CustomerID`))
in SYSTEMPATH\Database\BaseConnection.php on line 647.
 1 SYSTEMPATH\Database\BaseBuilder.php(2308): CodeIgniter\Database\BaseConnection->query('INSERT INTO `orders` (`OrderDate`, `TotalAmount`, `Status`) VALUES (:OrderDate:, :TotalAmount:, :Status:)', [...], false)
 2 SYSTEMPATH\Model.php(319): CodeIgniter\Database\BaseBuilder->insert()
 3 SYSTEMPATH\BaseModel.php(788): CodeIgniter\Model->doInsert([...])
 4 SYSTEMPATH\Model.php(715): CodeIgniter\BaseModel->insert([...], true)
 5 APPPATH\Controllers\ShopController.php(195): CodeIgniter\Model->insert([...])
 6 SYSTEMPATH\CodeIgniter.php(942): App\Controllers\ShopController->placeOrder()
 7 SYSTEMPATH\CodeIgniter.php(502): CodeIgniter\CodeIgniter->runController(Object(App\Controllers\ShopController))
 8 SYSTEMPATH\CodeIgniter.php(361): CodeIgniter\CodeIgniter->handleRequest(null, Object(Config\Cache), false)
 9 FCPATH\index.php(79): CodeIgniter\CodeIgniter->run()
10 SYSTEMPATH\Commands\Server\rewrite.php(47): require_once('C:\\laragon\\www\\AgilaEcommerce\\public\\index.php')
CRITICAL - 2024-03-11 17:50:55 --> Undefined variable $cartItems
in APPPATH\Views\website\thank-you.php on line 149.
 1 APPPATH\Views\website\thank-you.php(149): CodeIgniter\Debug\Exceptions->errorHandler(2, 'Undefined variable $cartItems', 'C:\\laragon\\www\\AgilaEcommerce\\app\\Views\\website\\thank-you.php', 149)
 2 SYSTEMPATH\View\View.php(228): include('C:\\laragon\\www\\AgilaEcommerce\\app\\Views\\website\\thank-you.php')
 3 SYSTEMPATH\View\View.php(231): CodeIgniter\View\View->CodeIgniter\View\{closure}()
 4 SYSTEMPATH\Common.php(1190): CodeIgniter\View\View->render('website/thank-you', [], true)
 5 APPPATH\Controllers\ShopController.php(220): view('website/thank-you')
 6 SYSTEMPATH\CodeIgniter.php(942): App\Controllers\ShopController->thankyou()
 7 SYSTEMPATH\CodeIgniter.php(502): CodeIgniter\CodeIgniter->runController(Object(App\Controllers\ShopController))
 8 SYSTEMPATH\CodeIgniter.php(361): CodeIgniter\CodeIgniter->handleRequest(null, Object(Config\Cache), false)
 9 FCPATH\index.php(79): CodeIgniter\CodeIgniter->run()
10 SYSTEMPATH\Commands\Server\rewrite.php(47): require_once('C:\\laragon\\www\\AgilaEcommerce\\public\\index.php')
CRITICAL - 2024-03-11 17:56:10 --> Undefined variable $cartItems
in APPPATH\Views\website\thank-you.php on line 149.
 1 APPPATH\Views\website\thank-you.php(149): CodeIgniter\Debug\Exceptions->errorHandler(2, 'Undefined variable $cartItems', 'C:\\laragon\\www\\AgilaEcommerce\\app\\Views\\website\\thank-you.php', 149)
 2 SYSTEMPATH\View\View.php(228): include('C:\\laragon\\www\\AgilaEcommerce\\app\\Views\\website\\thank-you.php')
 3 SYSTEMPATH\View\View.php(231): CodeIgniter\View\View->CodeIgniter\View\{closure}()
 4 SYSTEMPATH\Common.php(1190): CodeIgniter\View\View->render('website/thank-you', [], true)
 5 APPPATH\Controllers\ShopController.php(224): view('website/thank-you', [...])
 6 SYSTEMPATH\CodeIgniter.php(942): App\Controllers\ShopController->thankyou()
 7 SYSTEMPATH\CodeIgniter.php(502): CodeIgniter\CodeIgniter->runController(Object(App\Controllers\ShopController))
 8 SYSTEMPATH\CodeIgniter.php(361): CodeIgniter\CodeIgniter->handleRequest(null, Object(Config\Cache), false)
 9 FCPATH\index.php(79): CodeIgniter\CodeIgniter->run()
10 SYSTEMPATH\Commands\Server\rewrite.php(47): require_once('C:\\laragon\\www\\AgilaEcommerce\\public\\index.php')
CRITICAL - 2024-03-11 17:57:19 --> Undefined array key "ImageURL"
in APPPATH\Views\website\thank-you.php on line 153.
 1 APPPATH\Views\website\thank-you.php(153): CodeIgniter\Debug\Exceptions->errorHandler(2, 'Undefined array key "ImageURL"', 'C:\\laragon\\www\\AgilaEcommerce\\app\\Views\\website\\thank-you.php', 153)
 2 SYSTEMPATH\View\View.php(228): include('C:\\laragon\\www\\AgilaEcommerce\\app\\Views\\website\\thank-you.php')
 3 SYSTEMPATH\View\View.php(231): CodeIgniter\View\View->CodeIgniter\View\{closure}()
 4 SYSTEMPATH\Common.php(1190): CodeIgniter\View\View->render('website/thank-you', [], true)
 5 APPPATH\Controllers\ShopController.php(224): view('website/thank-you', [...])
 6 SYSTEMPATH\CodeIgniter.php(942): App\Controllers\ShopController->thankyou()
 7 SYSTEMPATH\CodeIgniter.php(502): CodeIgniter\CodeIgniter->runController(Object(App\Controllers\ShopController))
 8 SYSTEMPATH\CodeIgniter.php(361): CodeIgniter\CodeIgniter->handleRequest(null, Object(Config\Cache), false)
 9 FCPATH\index.php(79): CodeIgniter\CodeIgniter->run()
10 SYSTEMPATH\Commands\Server\rewrite.php(47): require_once('C:\\laragon\\www\\AgilaEcommerce\\public\\index.php')
ERROR - 2024-03-11 17:58:29 --> mysqli_sql_exception: Unknown table 'order_details' in C:\laragon\www\AgilaEcommerce\system\Database\MySQLi\Connection.php:306
Stack trace:
#0 C:\laragon\www\AgilaEcommerce\system\Database\MySQLi\Connection.php(306): mysqli->query('SELECT `order_d...', 0)
#1 C:\laragon\www\AgilaEcommerce\system\Database\BaseConnection.php(693): CodeIgniter\Database\MySQLi\Connection->execute('SELECT `order_d...')
#2 C:\laragon\www\AgilaEcommerce\system\Database\BaseConnection.php(607): CodeIgniter\Database\BaseConnection->simpleQuery('SELECT `order_d...')
#3 C:\laragon\www\AgilaEcommerce\system\Database\BaseBuilder.php(1615): CodeIgniter\Database\BaseConnection->query('SELECT `order_d...', Array, false)
#4 C:\laragon\www\AgilaEcommerce\system\Model.php(237): CodeIgniter\Database\BaseBuilder->get()
#5 C:\laragon\www\AgilaEcommerce\system\BaseModel.php(624): CodeIgniter\Model->doFindAll(0, 0)
#6 C:\laragon\www\AgilaEcommerce\app\Models\OrderDetailModel.php(46): CodeIgniter\BaseModel->findAll()
#7 C:\laragon\www\AgilaEcommerce\app\Controllers\ShopController.php(222): App\Models\OrderDetailModel->getOrderDetailsWithProductInfo('32')
#8 C:\laragon\www\AgilaEcommerce\system\CodeIgniter.php(942): App\Controllers\ShopController->thankyou()
#9 C:\laragon\www\AgilaEcommerce\system\CodeIgniter.php(502): CodeIgniter\CodeIgniter->runController(Object(App\Controllers\ShopController))
#10 C:\laragon\www\AgilaEcommerce\system\CodeIgniter.php(361): CodeIgniter\CodeIgniter->handleRequest(NULL, Object(Config\Cache), false)
#11 C:\laragon\www\AgilaEcommerce\public\index.php(79): CodeIgniter\CodeIgniter->run()
#12 C:\laragon\www\AgilaEcommerce\system\Commands\Server\rewrite.php(47): require_once('C:\\laragon\\www\\...')
#13 {main}
CRITICAL - 2024-03-11 17:58:29 --> Unknown table 'order_details'
in SYSTEMPATH\Database\BaseConnection.php on line 647.
 1 SYSTEMPATH\Database\BaseBuilder.php(1615): CodeIgniter\Database\BaseConnection->query('SELECT `order_details`.*, `products`.`ImageURL`
FROM `orderdetails`
JOIN `products` ON `products`.`ProductID` = `order_details`.`ProductID`
WHERE `OrderID` = :OrderID:', [...], false)
 2 SYSTEMPATH\Model.php(237): CodeIgniter\Database\BaseBuilder->get()
 3 SYSTEMPATH\BaseModel.php(624): CodeIgniter\Model->doFindAll(0, 0)
 4 APPPATH\Models\OrderDetailModel.php(46): CodeIgniter\BaseModel->findAll()
 5 APPPATH\Controllers\ShopController.php(222): App\Models\OrderDetailModel->getOrderDetailsWithProductInfo('32')
 6 SYSTEMPATH\CodeIgniter.php(942): App\Controllers\ShopController->thankyou()
 7 SYSTEMPATH\CodeIgniter.php(502): CodeIgniter\CodeIgniter->runController(Object(App\Controllers\ShopController))
 8 SYSTEMPATH\CodeIgniter.php(361): CodeIgniter\CodeIgniter->handleRequest(null, Object(Config\Cache), false)
 9 FCPATH\index.php(79): CodeIgniter\CodeIgniter->run()
10 SYSTEMPATH\Commands\Server\rewrite.php(47): require_once('C:\\laragon\\www\\AgilaEcommerce\\public\\index.php')
ERROR - 2024-03-11 17:58:50 --> mysqli_sql_exception: Unknown table 'order_details' in C:\laragon\www\AgilaEcommerce\system\Database\MySQLi\Connection.php:306
Stack trace:
#0 C:\laragon\www\AgilaEcommerce\system\Database\MySQLi\Connection.php(306): mysqli->query('SELECT `order_d...', 0)
#1 C:\laragon\www\AgilaEcommerce\system\Database\BaseConnection.php(693): CodeIgniter\Database\MySQLi\Connection->execute('SELECT `order_d...')
#2 C:\laragon\www\AgilaEcommerce\system\Database\BaseConnection.php(607): CodeIgniter\Database\BaseConnection->simpleQuery('SELECT `order_d...')
#3 C:\laragon\www\AgilaEcommerce\system\Database\BaseBuilder.php(1615): CodeIgniter\Database\BaseConnection->query('SELECT `order_d...', Array, false)
#4 C:\laragon\www\AgilaEcommerce\system\Model.php(237): CodeIgniter\Database\BaseBuilder->get()
#5 C:\laragon\www\AgilaEcommerce\system\BaseModel.php(624): CodeIgniter\Model->doFindAll(0, 0)
#6 C:\laragon\www\AgilaEcommerce\app\Models\OrderDetailModel.php(46): CodeIgniter\BaseModel->findAll()
#7 C:\laragon\www\AgilaEcommerce\app\Controllers\ShopController.php(222): App\Models\OrderDetailModel->getOrderDetailsWithProductInfo('32')
#8 C:\laragon\www\AgilaEcommerce\system\CodeIgniter.php(942): App\Controllers\ShopController->thankyou()
#9 C:\laragon\www\AgilaEcommerce\system\CodeIgniter.php(502): CodeIgniter\CodeIgniter->runController(Object(App\Controllers\ShopController))
#10 C:\laragon\www\AgilaEcommerce\system\CodeIgniter.php(361): CodeIgniter\CodeIgniter->handleRequest(NULL, Object(Config\Cache), false)
#11 C:\laragon\www\AgilaEcommerce\public\index.php(79): CodeIgniter\CodeIgniter->run()
#12 C:\laragon\www\AgilaEcommerce\system\Commands\Server\rewrite.php(47): require_once('C:\\laragon\\www\\...')
#13 {main}
CRITICAL - 2024-03-11 17:58:50 --> Unknown table 'order_details'
in SYSTEMPATH\Database\BaseConnection.php on line 647.
 1 SYSTEMPATH\Database\BaseBuilder.php(1615): CodeIgniter\Database\BaseConnection->query('SELECT `order_details`.*, `products`.`ImageURL`
FROM `orderdetails`
JOIN `products` ON `products`.`ProductID` = `order_details`.`ProductID`
WHERE `OrderID` = :OrderID:', [...], false)
 2 SYSTEMPATH\Model.php(237): CodeIgniter\Database\BaseBuilder->get()
 3 SYSTEMPATH\BaseModel.php(624): CodeIgniter\Model->doFindAll(0, 0)
 4 APPPATH\Models\OrderDetailModel.php(46): CodeIgniter\BaseModel->findAll()
 5 APPPATH\Controllers\ShopController.php(222): App\Models\OrderDetailModel->getOrderDetailsWithProductInfo('32')
 6 SYSTEMPATH\CodeIgniter.php(942): App\Controllers\ShopController->thankyou()
 7 SYSTEMPATH\CodeIgniter.php(502): CodeIgniter\CodeIgniter->runController(Object(App\Controllers\ShopController))
 8 SYSTEMPATH\CodeIgniter.php(361): CodeIgniter\CodeIgniter->handleRequest(null, Object(Config\Cache), false)
 9 FCPATH\index.php(79): CodeIgniter\CodeIgniter->run()
10 SYSTEMPATH\Commands\Server\rewrite.php(47): require_once('C:\\laragon\\www\\AgilaEcommerce\\public\\index.php')
ERROR - 2024-03-11 17:58:59 --> mysqli_sql_exception: Unknown column 'order_details.ProductID' in 'on clause' in C:\laragon\www\AgilaEcommerce\system\Database\MySQLi\Connection.php:306
Stack trace:
#0 C:\laragon\www\AgilaEcommerce\system\Database\MySQLi\Connection.php(306): mysqli->query('SELECT `orderde...', 0)
#1 C:\laragon\www\AgilaEcommerce\system\Database\BaseConnection.php(693): CodeIgniter\Database\MySQLi\Connection->execute('SELECT `orderde...')
#2 C:\laragon\www\AgilaEcommerce\system\Database\BaseConnection.php(607): CodeIgniter\Database\BaseConnection->simpleQuery('SELECT `orderde...')
#3 C:\laragon\www\AgilaEcommerce\system\Database\BaseBuilder.php(1615): CodeIgniter\Database\BaseConnection->query('SELECT `orderde...', Array, false)
#4 C:\laragon\www\AgilaEcommerce\system\Model.php(237): CodeIgniter\Database\BaseBuilder->get()
#5 C:\laragon\www\AgilaEcommerce\system\BaseModel.php(624): CodeIgniter\Model->doFindAll(0, 0)
#6 C:\laragon\www\AgilaEcommerce\app\Models\OrderDetailModel.php(46): CodeIgniter\BaseModel->findAll()
#7 C:\laragon\www\AgilaEcommerce\app\Controllers\ShopController.php(222): App\Models\OrderDetailModel->getOrderDetailsWithProductInfo('32')
#8 C:\laragon\www\AgilaEcommerce\system\CodeIgniter.php(942): App\Controllers\ShopController->thankyou()
#9 C:\laragon\www\AgilaEcommerce\system\CodeIgniter.php(502): CodeIgniter\CodeIgniter->runController(Object(App\Controllers\ShopController))
#10 C:\laragon\www\AgilaEcommerce\system\CodeIgniter.php(361): CodeIgniter\CodeIgniter->handleRequest(NULL, Object(Config\Cache), false)
#11 C:\laragon\www\AgilaEcommerce\public\index.php(79): CodeIgniter\CodeIgniter->run()
#12 C:\laragon\www\AgilaEcommerce\system\Commands\Server\rewrite.php(47): require_once('C:\\laragon\\www\\...')
#13 {main}
CRITICAL - 2024-03-11 17:58:59 --> Unknown column 'order_details.ProductID' in 'on clause'
in SYSTEMPATH\Database\BaseConnection.php on line 647.
 1 SYSTEMPATH\Database\BaseBuilder.php(1615): CodeIgniter\Database\BaseConnection->query('SELECT `orderdetails`.*, `products`.`ImageURL`
FROM `orderdetails`
JOIN `products` ON `products`.`ProductID` = `order_details`.`ProductID`
WHERE `OrderID` = :OrderID:', [...], false)
 2 SYSTEMPATH\Model.php(237): CodeIgniter\Database\BaseBuilder->get()
 3 SYSTEMPATH\BaseModel.php(624): CodeIgniter\Model->doFindAll(0, 0)
 4 APPPATH\Models\OrderDetailModel.php(46): CodeIgniter\BaseModel->findAll()
 5 APPPATH\Controllers\ShopController.php(222): App\Models\OrderDetailModel->getOrderDetailsWithProductInfo('32')
 6 SYSTEMPATH\CodeIgniter.php(942): App\Controllers\ShopController->thankyou()
 7 SYSTEMPATH\CodeIgniter.php(502): CodeIgniter\CodeIgniter->runController(Object(App\Controllers\ShopController))
 8 SYSTEMPATH\CodeIgniter.php(361): CodeIgniter\CodeIgniter->handleRequest(null, Object(Config\Cache), false)
 9 FCPATH\index.php(79): CodeIgniter\CodeIgniter->run()
10 SYSTEMPATH\Commands\Server\rewrite.php(47): require_once('C:\\laragon\\www\\AgilaEcommerce\\public\\index.php')
CRITICAL - 2024-03-11 17:59:07 --> Undefined variable $orderDetails
in APPPATH\Views\website\thank-you.php on line 149.
 1 APPPATH\Views\website\thank-you.php(149): CodeIgniter\Debug\Exceptions->errorHandler(2, 'Undefined variable $orderDetails', 'C:\\laragon\\www\\AgilaEcommerce\\app\\Views\\website\\thank-you.php', 149)
 2 SYSTEMPATH\View\View.php(228): include('C:\\laragon\\www\\AgilaEcommerce\\app\\Views\\website\\thank-you.php')
 3 SYSTEMPATH\View\View.php(231): CodeIgniter\View\View->CodeIgniter\View\{closure}()
 4 SYSTEMPATH\Common.php(1190): CodeIgniter\View\View->render('website/thank-you', [], true)
 5 APPPATH\Controllers\ShopController.php(224): view('website/thank-you', [...])
 6 SYSTEMPATH\CodeIgniter.php(942): App\Controllers\ShopController->thankyou()
 7 SYSTEMPATH\CodeIgniter.php(502): CodeIgniter\CodeIgniter->runController(Object(App\Controllers\ShopController))
 8 SYSTEMPATH\CodeIgniter.php(361): CodeIgniter\CodeIgniter->handleRequest(null, Object(Config\Cache), false)
 9 FCPATH\index.php(79): CodeIgniter\CodeIgniter->run()
10 SYSTEMPATH\Commands\Server\rewrite.php(47): require_once('C:\\laragon\\www\\AgilaEcommerce\\public\\index.php')
CRITICAL - 2024-03-11 17:59:17 --> Undefined array key "ProductName"
in APPPATH\Views\website\thank-you.php on line 153.
 1 APPPATH\Views\website\thank-you.php(153): CodeIgniter\Debug\Exceptions->errorHandler(2, 'Undefined array key "ProductName"', 'C:\\laragon\\www\\AgilaEcommerce\\app\\Views\\website\\thank-you.php', 153)
 2 SYSTEMPATH\View\View.php(228): include('C:\\laragon\\www\\AgilaEcommerce\\app\\Views\\website\\thank-you.php')
 3 SYSTEMPATH\View\View.php(231): CodeIgniter\View\View->CodeIgniter\View\{closure}()
 4 SYSTEMPATH\Common.php(1190): CodeIgniter\View\View->render('website/thank-you', [], true)
 5 APPPATH\Controllers\ShopController.php(224): view('website/thank-you', [...])
 6 SYSTEMPATH\CodeIgniter.php(942): App\Controllers\ShopController->thankyou()
 7 SYSTEMPATH\CodeIgniter.php(502): CodeIgniter\CodeIgniter->runController(Object(App\Controllers\ShopController))
 8 SYSTEMPATH\CodeIgniter.php(361): CodeIgniter\CodeIgniter->handleRequest(null, Object(Config\Cache), false)
 9 FCPATH\index.php(79): CodeIgniter\CodeIgniter->run()
10 SYSTEMPATH\Commands\Server\rewrite.php(47): require_once('C:\\laragon\\www\\AgilaEcommerce\\public\\index.php')
CRITICAL - 2024-03-11 17:59:58 --> Undefined array key "Price"
in APPPATH\Views\website\thank-you.php on line 156.
 1 APPPATH\Views\website\thank-you.php(156): CodeIgniter\Debug\Exceptions->errorHandler(2, 'Undefined array key "Price"', 'C:\\laragon\\www\\AgilaEcommerce\\app\\Views\\website\\thank-you.php', 156)
 2 SYSTEMPATH\View\View.php(228): include('C:\\laragon\\www\\AgilaEcommerce\\app\\Views\\website\\thank-you.php')
 3 SYSTEMPATH\View\View.php(231): CodeIgniter\View\View->CodeIgniter\View\{closure}()
 4 SYSTEMPATH\Common.php(1190): CodeIgniter\View\View->render('website/thank-you', [], true)
 5 APPPATH\Controllers\ShopController.php(224): view('website/thank-you', [...])
 6 SYSTEMPATH\CodeIgniter.php(942): App\Controllers\ShopController->thankyou()
 7 SYSTEMPATH\CodeIgniter.php(502): CodeIgniter\CodeIgniter->runController(Object(App\Controllers\ShopController))
 8 SYSTEMPATH\CodeIgniter.php(361): CodeIgniter\CodeIgniter->handleRequest(null, Object(Config\Cache), false)
 9 FCPATH\index.php(79): CodeIgniter\CodeIgniter->run()
10 SYSTEMPATH\Commands\Server\rewrite.php(47): require_once('C:\\laragon\\www\\AgilaEcommerce\\public\\index.php')
CRITICAL - 2024-03-11 18:02:27 --> Unclosed '{' on line 16
in APPPATH\Controllers\ShopController.php on line 241.
 1 SYSTEMPATH\Autoloader\Autoloader.php(291): CodeIgniter\Autoloader\Autoloader->includeFile('C:\\laragon\\www\\AgilaEcommerce\\app\\Controllers\\ShopController.php')
 2 SYSTEMPATH\Autoloader\Autoloader.php(269): CodeIgniter\Autoloader\Autoloader->loadInNamespace('App\\Controllers\\ShopController')
 3 [internal function]: CodeIgniter\Autoloader\Autoloader->loadClass('App\\Controllers\\ShopController')
 4 SYSTEMPATH\CodeIgniter.php(900): class_exists('\\App\\Controllers\\ShopController', true)
 5 SYSTEMPATH\CodeIgniter.php(489): CodeIgniter\CodeIgniter->startController()
 6 SYSTEMPATH\CodeIgniter.php(361): CodeIgniter\CodeIgniter->handleRequest(null, Object(Config\Cache), false)
 7 FCPATH\index.php(79): CodeIgniter\CodeIgniter->run()
 8 SYSTEMPATH\Commands\Server\rewrite.php(47): require_once('C:\\laragon\\www\\AgilaEcommerce\\public\\index.php')
